<?xml version="1.0" encoding="UTF-8"?>
<coverage generated="1762393870878" clover="3.2.0">
  <project timestamp="1762393870878" name="All files">
    <metrics statements="490" coveredstatements="330" conditionals="353" coveredconditionals="203" methods="56" coveredmethods="36" elements="899" coveredelements="569" complexity="0" loc="490" ncloc="490" packages="6" files="19" classes="19"/>
    <package name="src">
      <metrics statements="24" coveredstatements="23" conditionals="0" coveredconditionals="0" methods="4" coveredmethods="3"/>
      <file name="app.js" path="/Users/yashdive/NCSU/NCSU Projects/Software_Engineering/proj2/Ecobites/server/src/app.js">
        <metrics statements="12" coveredstatements="11" conditionals="0" coveredconditionals="0" methods="1" coveredmethods="0"/>
        <line num="11" count="5" type="stmt"/>
        <line num="14" count="5" type="stmt"/>
        <line num="18" count="5" type="stmt"/>
        <line num="19" count="5" type="stmt"/>
        <line num="20" count="5" type="stmt"/>
        <line num="21" count="5" type="stmt"/>
        <line num="22" count="5" type="stmt"/>
        <line num="23" count="5" type="stmt"/>
        <line num="24" count="5" type="stmt"/>
        <line num="26" count="5" type="stmt"/>
        <line num="30" count="5" type="stmt"/>
        <line num="31" count="0" type="stmt"/>
      </file>
      <file name="setupTests.js" path="/Users/yashdive/NCSU/NCSU Projects/Software_Engineering/proj2/Ecobites/server/src/setupTests.js">
        <metrics statements="12" coveredstatements="12" conditionals="0" coveredconditionals="0" methods="3" coveredmethods="3"/>
        <line num="8" count="5" type="stmt"/>
        <line num="9" count="5" type="stmt"/>
        <line num="10" count="5" type="stmt"/>
        <line num="11" count="5" type="stmt"/>
        <line num="14" count="5" type="stmt"/>
        <line num="15" count="5" type="stmt"/>
        <line num="16" count="5" type="stmt"/>
        <line num="17" count="5" type="stmt"/>
        <line num="20" count="5" type="stmt"/>
        <line num="21" count="9" type="stmt"/>
        <line num="22" count="9" type="stmt"/>
        <line num="23" count="27" type="stmt"/>
      </file>
    </package>
    <package name="src.config">
      <metrics statements="16" coveredstatements="13" conditionals="18" coveredconditionals="5" methods="2" coveredmethods="2"/>
      <file name="constants.js" path="/Users/yashdive/NCSU/NCSU Projects/Software_Engineering/proj2/Ecobites/server/src/config/constants.js">
        <metrics statements="16" coveredstatements="13" conditionals="18" coveredconditionals="5" methods="2" coveredmethods="2"/>
        <line num="2" count="5" type="stmt"/>
        <line num="16" count="5" type="stmt"/>
        <line num="24" count="5" type="stmt"/>
        <line num="31" count="5" type="stmt"/>
        <line num="38" count="5" type="stmt"/>
        <line num="50" count="5" type="stmt"/>
        <line num="59" count="5" type="stmt"/>
        <line num="60" count="1" type="cond" truecount="1" falsecount="1"/>
        <line num="61" count="1" type="stmt"/>
        <line num="62" count="1" type="cond" truecount="2" falsecount="2"/>
        <line num="63" count="0" type="cond" truecount="0" falsecount="4"/>
        <line num="64" count="0" type="cond" truecount="0" falsecount="4"/>
        <line num="65" count="0" type="stmt"/>
        <line num="69" count="5" type="stmt"/>
        <line num="70" count="19" type="cond" truecount="1" falsecount="1"/>
        <line num="71" count="19" type="cond" truecount="1" falsecount="1"/>
      </file>
    </package>
    <package name="src.controller">
      <metrics statements="369" coveredstatements="230" conditionals="305" coveredconditionals="180" methods="40" coveredmethods="25"/>
      <file name="auth.controller.js" path="/Users/yashdive/NCSU/NCSU Projects/Software_Engineering/proj2/Ecobites/server/src/controller/auth.controller.js">
        <metrics statements="54" coveredstatements="34" conditionals="69" coveredconditionals="44" methods="4" coveredmethods="2"/>
        <line num="4" count="5" type="cond" truecount="2" falsecount="0"/>
        <line num="6" count="5" type="stmt"/>
        <line num="7" count="13" type="stmt"/>
        <line num="17" count="13" type="stmt"/>
        <line num="19" count="13" type="cond" truecount="4" falsecount="1"/>
        <line num="20" count="0" type="stmt"/>
        <line num="23" count="13" type="cond" truecount="1" falsecount="1"/>
        <line num="24" count="0" type="stmt"/>
        <line num="27" count="13" type="stmt"/>
        <line num="28" count="13" type="cond" truecount="2" falsecount="0"/>
        <line num="29" count="1" type="stmt"/>
        <line num="32" count="12" type="stmt"/>
        <line num="41" count="12" type="cond" truecount="2" falsecount="0"/>
        <line num="42" count="3" type="stmt"/>
        <line num="43" count="3" type="stmt"/>
        <line num="46" count="12" type="cond" truecount="2" falsecount="0"/>
        <line num="47" count="1" type="stmt"/>
        <line num="48" count="1" type="stmt"/>
        <line num="51" count="12" type="stmt"/>
        <line num="52" count="12" type="stmt"/>
        <line num="55" count="12" type="stmt"/>
        <line num="62" count="12" type="stmt"/>
        <line num="69" count="12" type="stmt"/>
        <line num="87" count="0" type="stmt"/>
        <line num="88" count="0" type="stmt"/>
        <line num="92" count="5" type="stmt"/>
        <line num="93" count="9" type="stmt"/>
        <line num="94" count="9" type="stmt"/>
        <line num="96" count="9" type="cond" truecount="3" falsecount="1"/>
        <line num="97" count="0" type="stmt"/>
        <line num="100" count="9" type="stmt"/>
        <line num="101" count="9" type="cond" truecount="1" falsecount="1"/>
        <line num="102" count="0" type="stmt"/>
        <line num="105" count="9" type="stmt"/>
        <line num="106" count="9" type="cond" truecount="1" falsecount="1"/>
        <line num="107" count="0" type="stmt"/>
        <line num="110" count="9" type="stmt"/>
        <line num="117" count="9" type="stmt"/>
        <line num="124" count="9" type="stmt"/>
        <line num="142" count="0" type="stmt"/>
        <line num="143" count="0" type="stmt"/>
        <line num="147" count="5" type="stmt"/>
        <line num="148" count="0" type="stmt"/>
        <line num="150" count="0" type="cond" truecount="0" falsecount="2"/>
        <line num="151" count="0" type="stmt"/>
        <line num="153" count="0" type="stmt"/>
        <line num="170" count="0" type="stmt"/>
        <line num="171" count="0" type="stmt"/>
        <line num="175" count="5" type="stmt"/>
        <line num="176" count="0" type="stmt"/>
        <line num="178" count="0" type="stmt"/>
        <line num="184" count="0" type="stmt"/>
        <line num="186" count="0" type="stmt"/>
        <line num="187" count="0" type="stmt"/>
      </file>
      <file name="healthController.js" path="/Users/yashdive/NCSU/NCSU Projects/Software_Engineering/proj2/Ecobites/server/src/controller/healthController.js">
        <metrics statements="2" coveredstatements="1" conditionals="0" coveredconditionals="0" methods="1" coveredmethods="0"/>
        <line num="1" count="5" type="stmt"/>
        <line num="2" count="0" type="stmt"/>
      </file>
      <file name="menu.controller.js" path="/Users/yashdive/NCSU/NCSU Projects/Software_Engineering/proj2/Ecobites/server/src/controller/menu.controller.js">
        <metrics statements="54" coveredstatements="20" conditionals="27" coveredconditionals="11" methods="6" coveredmethods="2"/>
        <line num="4" count="5" type="stmt"/>
        <line num="5" count="1" type="stmt"/>
        <line num="6" count="1" type="stmt"/>
        <line num="9" count="1" type="cond" truecount="4" falsecount="1"/>
        <line num="10" count="1" type="stmt"/>
        <line num="14" count="1" type="cond" truecount="1" falsecount="1"/>
        <line num="15" count="1" type="cond" truecount="3" falsecount="1"/>
        <line num="16" count="0" type="stmt"/>
        <line num="22" count="1" type="cond" truecount="3" falsecount="1"/>
        <line num="23" count="0" type="stmt"/>
        <line num="29" count="1" type="stmt"/>
        <line num="43" count="1" type="stmt"/>
        <line num="46" count="1" type="stmt"/>
        <line num="48" count="0" type="stmt"/>
        <line num="49" count="0" type="stmt"/>
        <line num="56" count="5" type="stmt"/>
        <line num="57" count="1" type="stmt"/>
        <line num="58" count="1" type="stmt"/>
        <line num="60" count="1" type="stmt"/>
        <line num="64" count="1" type="stmt"/>
        <line num="66" count="0" type="stmt"/>
        <line num="74" count="5" type="stmt"/>
        <line num="75" count="0" type="stmt"/>
        <line num="76" count="0" type="stmt"/>
        <line num="77" count="0" type="stmt"/>
        <line num="79" count="0" type="stmt"/>
        <line num="81" count="0" type="stmt"/>
        <line num="86" count="5" type="stmt"/>
        <line num="87" count="0" type="stmt"/>
        <line num="88" count="0" type="stmt"/>
        <line num="91" count="0" type="stmt"/>
        <line num="93" count="0" type="stmt"/>
        <line num="97" count="5" type="stmt"/>
        <line num="98" count="0" type="stmt"/>
        <line num="99" count="0" type="stmt"/>
        <line num="101" count="0" type="stmt"/>
        <line num="102" count="0" type="cond" truecount="0" falsecount="2"/>
        <line num="103" count="0" type="stmt"/>
        <line num="109" count="0" type="cond" truecount="0" falsecount="4"/>
        <line num="110" count="0" type="stmt"/>
        <line num="116" count="0" type="stmt"/>
        <line num="121" count="0" type="stmt"/>
        <line num="127" count="0" type="stmt"/>
        <line num="134" count="5" type="stmt"/>
        <line num="135" count="0" type="stmt"/>
        <line num="136" count="0" type="stmt"/>
        <line num="138" count="0" type="stmt"/>
        <line num="139" count="0" type="cond" truecount="0" falsecount="2"/>
        <line num="140" count="0" type="stmt"/>
        <line num="146" count="0" type="cond" truecount="0" falsecount="4"/>
        <line num="147" count="0" type="stmt"/>
        <line num="153" count="0" type="stmt"/>
        <line num="155" count="0" type="stmt"/>
        <line num="160" count="0" type="stmt"/>
      </file>
      <file name="orders.controller.js" path="/Users/yashdive/NCSU/NCSU Projects/Software_Engineering/proj2/Ecobites/server/src/controller/orders.controller.js">
        <metrics statements="220" coveredstatements="171" conditionals="191" coveredconditionals="125" methods="24" coveredmethods="21"/>
        <line num="2" count="5" type="stmt"/>
        <line num="3" count="13" type="stmt"/>
        <line num="4" count="13" type="cond" truecount="1" falsecount="0"/>
        <line num="7" count="13" type="stmt"/>
        <line num="8" count="13" type="stmt"/>
        <line num="10" count="13" type="cond" truecount="2" falsecount="0"/>
        <line num="11" count="1" type="stmt"/>
        <line num="15" count="12" type="cond" truecount="1" falsecount="1"/>
        <line num="16" count="12" type="stmt"/>
        <line num="17" count="0" type="cond" truecount="0" falsecount="2"/>
        <line num="18" count="0" type="cond" truecount="0" falsecount="5"/>
        <line num="19" count="0" type="stmt"/>
        <line num="21" count="0" type="cond" truecount="0" falsecount="3"/>
        <line num="22" count="0" type="stmt"/>
        <line num="23" count="0" type="stmt"/>
        <line num="24" count="0" type="stmt"/>
        <line num="25" count="0" type="stmt"/>
        <line num="26" count="0" type="stmt"/>
        <line num="28" count="12" type="cond" truecount="1" falsecount="1"/>
        <line num="29" count="0" type="stmt"/>
        <line num="30" count="0" type="stmt"/>
        <line num="34" count="12" type="stmt"/>
        <line num="41" count="13" type="cond" truecount="3" falsecount="1"/>
        <line num="42" count="13" type="stmt"/>
        <line num="43" count="52" type="stmt"/>
        <line num="44" count="13" type="stmt"/>
        <line num="45" count="13" type="stmt"/>
        <line num="46" count="13" type="stmt"/>
        <line num="49" count="13" type="stmt"/>
        <line num="50" count="13" type="stmt"/>
        <line num="52" count="12" type="stmt"/>
        <line num="54" count="25" type="cond" truecount="2" falsecount="0"/>
        <line num="56" count="13" type="cond" truecount="1" falsecount="1"/>
        <line num="57" count="13" type="cond" truecount="1" falsecount="1"/>
        <line num="58" count="0" type="stmt"/>
        <line num="60" count="0" type="cond" truecount="0" falsecount="2"/>
        <line num="62" count="13" type="stmt"/>
        <line num="63" count="13" type="cond" truecount="2" falsecount="0"/>
        <line num="64" count="13" type="stmt"/>
        <line num="67" count="12" type="cond" truecount="2" falsecount="0"/>
        <line num="68" count="4" type="stmt"/>
        <line num="72" count="8" type="stmt"/>
        <line num="73" count="8" type="stmt"/>
        <line num="75" count="8" type="stmt"/>
        <line num="76" count="8" type="stmt"/>
        <line num="77" count="17" type="stmt"/>
        <line num="79" count="8" type="stmt"/>
        <line num="80" count="17" type="stmt"/>
        <line num="81" count="17" type="stmt"/>
        <line num="82" count="37" type="stmt"/>
        <line num="83" count="17" type="stmt"/>
        <line num="84" count="17" type="stmt"/>
        <line num="85" count="17" type="stmt"/>
        <line num="87" count="17" type="stmt"/>
        <line num="88" count="17" type="cond" truecount="1" falsecount="1"/>
        <line num="89" count="17" type="cond" truecount="2" falsecount="0"/>
        <line num="90" count="17" type="stmt"/>
        <line num="95" count="8" type="stmt"/>
        <line num="101" count="0" type="stmt"/>
        <line num="102" count="0" type="stmt"/>
        <line num="113" count="18" type="stmt"/>
        <line num="114" count="18" type="stmt"/>
        <line num="115" count="18" type="stmt"/>
        <line num="116" count="18" type="stmt"/>
        <line num="120" count="18" type="cond" truecount="4" falsecount="0"/>
        <line num="121" count="5" type="stmt"/>
        <line num="122" count="5" type="stmt"/>
        <line num="123" count="5" type="stmt"/>
        <line num="125" count="13" type="stmt"/>
        <line num="127" count="0" type="stmt"/>
        <line num="128" count="0" type="stmt"/>
        <line num="132" count="5" type="stmt"/>
        <line num="133" count="20" type="stmt"/>
        <line num="134" count="20" type="stmt"/>
        <line num="137" count="20" type="cond" truecount="5" falsecount="1"/>
        <line num="138" count="1" type="stmt"/>
        <line num="145" count="19" type="cond" truecount="3" falsecount="1"/>
        <line num="146" count="0" type="stmt"/>
        <line num="150" count="19" type="cond" truecount="1" falsecount="2"/>
        <line num="151" count="19" type="stmt"/>
        <line num="153" count="19" type="cond" truecount="1" falsecount="1"/>
        <line num="154" count="0" type="stmt"/>
        <line num="158" count="19" type="stmt"/>
        <line num="159" count="19" type="stmt"/>
        <line num="160" count="19" type="cond" truecount="1" falsecount="1"/>
        <line num="161" count="0" type="stmt"/>
        <line num="165" count="19" type="stmt"/>
        <line num="166" count="19" type="cond" truecount="1" falsecount="2"/>
        <line num="167" count="19" type="cond" truecount="1" falsecount="1"/>
        <line num="168" count="19" type="stmt"/>
        <line num="176" count="19" type="stmt"/>
        <line num="177" count="19" type="stmt"/>
        <line num="178" count="19" type="stmt"/>
        <line num="179" count="19" type="stmt"/>
        <line num="182" count="19" type="cond" truecount="3" falsecount="1"/>
        <line num="185" count="19" type="cond" truecount="2" falsecount="0"/>
        <line num="189" count="19" type="stmt"/>
        <line num="190" count="19" type="stmt"/>
        <line num="191" count="19" type="cond" truecount="1" falsecount="1"/>
        <line num="192" count="19" type="cond" truecount="3" falsecount="1"/>
        <line num="193" count="0" type="cond" truecount="0" falsecount="2"/>
        <line num="194" count="0" type="stmt"/>
        <line num="196" count="19" type="stmt"/>
        <line num="198" count="19" type="stmt"/>
        <line num="201" count="19" type="stmt"/>
        <line num="202" count="19" type="cond" truecount="5" falsecount="0"/>
        <line num="204" count="18" type="stmt"/>
        <line num="206" count="18" type="stmt"/>
        <line num="212" count="18" type="cond" truecount="2" falsecount="0"/>
        <line num="213" count="5" type="stmt"/>
        <line num="217" count="13" type="stmt"/>
        <line num="218" count="358" type="stmt"/>
        <line num="219" count="13" type="stmt"/>
        <line num="220" count="13" type="stmt"/>
        <line num="221" count="13" type="stmt"/>
        <line num="225" count="19" type="stmt"/>
        <line num="241" count="19" type="stmt"/>
        <line num="244" count="19" type="stmt"/>
        <line num="246" count="0" type="stmt"/>
        <line num="247" count="0" type="stmt"/>
        <line num="254" count="5" type="stmt"/>
        <line num="255" count="1" type="stmt"/>
        <line num="256" count="1" type="stmt"/>
        <line num="258" count="1" type="cond" truecount="2" falsecount="2"/>
        <line num="259" count="0" type="stmt"/>
        <line num="265" count="1" type="stmt"/>
        <line num="267" count="1" type="cond" truecount="1" falsecount="1"/>
        <line num="268" count="1" type="stmt"/>
        <line num="269" count="0" type="cond" truecount="0" falsecount="2"/>
        <line num="270" count="0" type="stmt"/>
        <line num="271" count="0" type="cond" truecount="0" falsecount="2"/>
        <line num="272" count="0" type="stmt"/>
        <line num="275" count="1" type="stmt"/>
        <line num="278" count="1" type="cond" truecount="1" falsecount="1"/>
        <line num="279" count="0" type="stmt"/>
        <line num="284" count="1" type="stmt"/>
        <line num="287" count="1" type="stmt"/>
        <line num="288" count="1" type="cond" truecount="1" falsecount="1"/>
        <line num="289" count="1" type="cond" truecount="3" falsecount="1"/>
        <line num="290" count="1" type="cond" truecount="3" falsecount="0"/>
        <line num="291" count="1" type="cond" truecount="2" falsecount="0"/>
        <line num="292" count="1" type="cond" truecount="1" falsecount="1"/>
        <line num="294" count="1" type="cond" truecount="3" falsecount="1"/>
        <line num="295" count="1" type="cond" truecount="2" falsecount="0"/>
        <line num="296" count="1" type="cond" truecount="2" falsecount="0"/>
        <line num="298" count="1" type="cond" truecount="3" falsecount="1"/>
        <line num="299" count="1" type="cond" truecount="1" falsecount="1"/>
        <line num="301" count="1" type="stmt"/>
        <line num="305" count="1" type="stmt"/>
        <line num="307" count="0" type="stmt"/>
        <line num="308" count="0" type="stmt"/>
        <line num="315" count="5" type="stmt"/>
        <line num="316" count="0" type="stmt"/>
        <line num="317" count="0" type="stmt"/>
        <line num="319" count="0" type="stmt"/>
        <line num="321" count="0" type="cond" truecount="0" falsecount="2"/>
        <line num="322" count="0" type="stmt"/>
        <line num="329" count="0" type="stmt"/>
        <line num="331" count="0" type="stmt"/>
        <line num="332" count="0" type="stmt"/>
        <line num="339" count="5" type="stmt"/>
        <line num="340" count="5" type="stmt"/>
        <line num="341" count="5" type="stmt"/>
        <line num="342" count="5" type="stmt"/>
        <line num="344" count="5" type="stmt"/>
        <line num="345" count="5" type="cond" truecount="1" falsecount="1"/>
        <line num="346" count="0" type="stmt"/>
        <line num="353" count="5" type="cond" truecount="2" falsecount="2"/>
        <line num="354" count="0" type="stmt"/>
        <line num="360" count="5" type="cond" truecount="3" falsecount="1"/>
        <line num="362" count="0" type="stmt"/>
        <line num="368" count="5" type="cond" truecount="3" falsecount="1"/>
        <line num="370" count="0" type="stmt"/>
        <line num="376" count="5" type="stmt"/>
        <line num="377" count="5" type="stmt"/>
        <line num="382" count="5" type="cond" truecount="4" falsecount="0"/>
        <line num="383" count="1" type="stmt"/>
        <line num="386" count="5" type="stmt"/>
        <line num="388" count="5" type="cond" truecount="5" falsecount="0"/>
        <line num="389" count="1" type="stmt"/>
        <line num="390" count="1" type="stmt"/>
        <line num="394" count="5" type="cond" truecount="5" falsecount="0"/>
        <line num="395" count="1" type="stmt"/>
        <line num="396" count="1" type="cond" truecount="1" falsecount="1"/>
        <line num="397" count="1" type="stmt"/>
        <line num="398" count="1" type="cond" truecount="1" falsecount="1"/>
        <line num="399" count="1" type="stmt"/>
        <line num="400" count="1" type="stmt"/>
        <line num="401" count="1" type="stmt"/>
        <line num="405" count="5" type="stmt"/>
        <line num="409" count="5" type="cond" truecount="5" falsecount="0"/>
        <line num="410" count="1" type="stmt"/>
        <line num="415" count="1" type="stmt"/>
        <line num="416" count="1" type="stmt"/>
        <line num="417" count="1" type="stmt"/>
        <line num="418" count="1" type="stmt"/>
        <line num="419" count="1" type="stmt"/>
        <line num="424" count="5" type="stmt"/>
        <line num="426" count="0" type="stmt"/>
        <line num="427" count="0" type="stmt"/>
        <line num="430" count="0" type="stmt"/>
        <line num="437" count="5" type="stmt"/>
        <line num="438" count="1" type="stmt"/>
        <line num="439" count="1" type="cond" truecount="1" falsecount="1"/>
        <line num="440" count="0" type="stmt"/>
        <line num="447" count="1" type="stmt"/>
        <line num="456" count="1" type="stmt"/>
        <line num="457" count="2" type="cond" truecount="1" falsecount="1"/>
        <line num="458" count="2" type="cond" truecount="3" falsecount="1"/>
        <line num="459" count="2" type="cond" truecount="1" falsecount="2"/>
        <line num="460" count="2" type="cond" truecount="2" falsecount="0"/>
        <line num="461" count="2" type="cond" truecount="1" falsecount="1"/>
        <line num="463" count="2" type="cond" truecount="3" falsecount="1"/>
        <line num="464" count="2" type="cond" truecount="1" falsecount="1"/>
        <line num="465" count="2" type="cond" truecount="2" falsecount="0"/>
        <line num="466" count="2" type="cond" truecount="2" falsecount="2"/>
        <line num="467" count="2" type="cond" truecount="1" falsecount="1"/>
        <line num="469" count="2" type="stmt"/>
        <line num="472" count="1" type="stmt"/>
        <line num="474" count="0" type="stmt"/>
      </file>
      <file name="profile.controller.js" path="/Users/yashdive/NCSU/NCSU Projects/Software_Engineering/proj2/Ecobites/server/src/controller/profile.controller.js">
        <metrics statements="26" coveredstatements="2" conditionals="16" coveredconditionals="0" methods="3" coveredmethods="0"/>
        <line num="6" count="0" type="stmt"/>
        <line num="7" count="0" type="stmt"/>
        <line num="8" count="0" type="stmt"/>
        <line num="11" count="0" type="cond" truecount="0" falsecount="4"/>
        <line num="12" count="0" type="stmt"/>
        <line num="13" count="0" type="stmt"/>
        <line num="15" count="0" type="stmt"/>
        <line num="19" count="5" type="stmt"/>
        <line num="20" count="0" type="stmt"/>
        <line num="21" count="0" type="stmt"/>
        <line num="22" count="0" type="cond" truecount="0" falsecount="5"/>
        <line num="23" count="0" type="stmt"/>
        <line num="26" count="0" type="stmt"/>
        <line num="27" count="0" type="stmt"/>
        <line num="29" count="0" type="stmt"/>
        <line num="33" count="5" type="stmt"/>
        <line num="34" count="0" type="stmt"/>
        <line num="35" count="0" type="stmt"/>
        <line num="36" count="0" type="stmt"/>
        <line num="37" count="0" type="cond" truecount="0" falsecount="5"/>
        <line num="38" count="0" type="stmt"/>
        <line num="41" count="0" type="stmt"/>
        <line num="43" count="0" type="stmt"/>
        <line num="48" count="0" type="cond" truecount="0" falsecount="2"/>
        <line num="49" count="0" type="stmt"/>
        <line num="51" count="0" type="stmt"/>
      </file>
      <file name="restaurant.controller.js" path="/Users/yashdive/NCSU/NCSU Projects/Software_Engineering/proj2/Ecobites/server/src/controller/restaurant.controller.js">
        <metrics statements="13" coveredstatements="2" conditionals="2" coveredconditionals="0" methods="2" coveredmethods="0"/>
        <line num="2" count="5" type="stmt"/>
        <line num="3" count="0" type="stmt"/>
        <line num="4" count="0" type="stmt"/>
        <line num="8" count="0" type="stmt"/>
        <line num="14" count="0" type="stmt"/>
        <line num="21" count="5" type="stmt"/>
        <line num="22" count="0" type="stmt"/>
        <line num="23" count="0" type="stmt"/>
        <line num="25" count="0" type="stmt"/>
        <line num="28" count="0" type="cond" truecount="0" falsecount="2"/>
        <line num="29" count="0" type="stmt"/>
        <line num="35" count="0" type="stmt"/>
        <line num="40" count="0" type="stmt"/>
      </file>
    </package>
    <package name="src.middleware">
      <metrics statements="35" coveredstatements="18" conditionals="24" coveredconditionals="12" methods="7" coveredmethods="3"/>
      <file name="auth.middleware.js" path="/Users/yashdive/NCSU/NCSU Projects/Software_Engineering/proj2/Ecobites/server/src/middleware/auth.middleware.js">
        <metrics statements="35" coveredstatements="18" conditionals="24" coveredconditionals="12" methods="7" coveredmethods="3"/>
        <line num="3" count="5" type="cond" truecount="2" falsecount="0"/>
        <line num="5" count="5" type="stmt"/>
        <line num="6" count="0" type="stmt"/>
        <line num="7" count="0" type="cond" truecount="0" falsecount="2"/>
        <line num="9" count="0" type="cond" truecount="0" falsecount="2"/>
        <line num="10" count="0" type="stmt"/>
        <line num="13" count="0" type="stmt"/>
        <line num="14" count="0" type="cond" truecount="0" falsecount="2"/>
        <line num="15" count="0" type="stmt"/>
        <line num="18" count="0" type="stmt"/>
        <line num="19" count="0" type="stmt"/>
        <line num="24" count="5" type="stmt"/>
        <line num="25" count="0" type="stmt"/>
        <line num="27" count="0" type="cond" truecount="0" falsecount="2"/>
        <line num="28" count="0" type="stmt"/>
        <line num="36" count="0" type="stmt"/>
        <line num="41" count="5" type="stmt"/>
        <line num="42" count="42" type="stmt"/>
        <line num="46" count="42" type="cond" truecount="4" falsecount="0"/>
        <line num="47" count="41" type="stmt"/>
        <line num="50" count="1" type="cond" truecount="2" falsecount="2"/>
        <line num="51" count="0" type="stmt"/>
        <line num="54" count="42" type="cond" truecount="2" falsecount="0"/>
        <line num="55" count="1" type="stmt"/>
        <line num="61" count="41" type="stmt"/>
        <line num="62" count="41" type="stmt"/>
        <line num="64" count="41" type="cond" truecount="1" falsecount="1"/>
        <line num="65" count="0" type="stmt"/>
        <line num="71" count="41" type="stmt"/>
        <line num="73" count="0" type="stmt"/>
        <line num="80" count="5" type="stmt"/>
        <line num="81" count="15" type="stmt"/>
        <line num="82" count="1" type="cond" truecount="1" falsecount="1"/>
        <line num="83" count="0" type="stmt"/>
        <line num="88" count="1" type="stmt"/>
      </file>
    </package>
    <package name="src.models">
      <metrics statements="18" coveredstatements="18" conditionals="6" coveredconditionals="6" methods="3" coveredmethods="3"/>
      <file name="MenuItem.model.js" path="/Users/yashdive/NCSU/NCSU Projects/Software_Engineering/proj2/Ecobites/server/src/models/MenuItem.model.js">
        <metrics statements="2" coveredstatements="2" conditionals="0" coveredconditionals="0" methods="0" coveredmethods="0"/>
        <line num="2" count="5" type="stmt"/>
        <line num="60" count="5" type="stmt"/>
      </file>
      <file name="Order.model.js" path="/Users/yashdive/NCSU/NCSU Projects/Software_Engineering/proj2/Ecobites/server/src/models/Order.model.js">
        <metrics statements="7" coveredstatements="7" conditionals="4" coveredconditionals="4" methods="1" coveredmethods="1"/>
        <line num="2" count="5" type="stmt"/>
        <line num="144" count="5" type="stmt"/>
        <line num="145" count="64" type="cond" truecount="4" falsecount="0"/>
        <line num="146" count="41" type="stmt"/>
        <line num="147" count="41" type="stmt"/>
        <line num="149" count="64" type="stmt"/>
        <line num="152" count="5" type="stmt"/>
      </file>
      <file name="User.model.js" path="/Users/yashdive/NCSU/NCSU Projects/Software_Engineering/proj2/Ecobites/server/src/models/User.model.js">
        <metrics statements="9" coveredstatements="9" conditionals="2" coveredconditionals="2" methods="2" coveredmethods="2"/>
        <line num="4" count="5" type="stmt"/>
        <line num="61" count="5" type="stmt"/>
        <line num="62" count="54" type="cond" truecount="2" falsecount="0"/>
        <line num="63" count="37" type="stmt"/>
        <line num="64" count="37" type="stmt"/>
        <line num="65" count="37" type="stmt"/>
        <line num="69" count="5" type="stmt"/>
        <line num="70" count="9" type="stmt"/>
        <line num="73" count="5" type="stmt"/>
      </file>
    </package>
    <package name="src.routes">
      <metrics statements="28" coveredstatements="28" conditionals="0" coveredconditionals="0" methods="0" coveredmethods="0"/>
      <file name="auth.routes.js" path="/Users/yashdive/NCSU/NCSU Projects/Software_Engineering/proj2/Ecobites/server/src/routes/auth.routes.js">
        <metrics statements="5" coveredstatements="5" conditionals="0" coveredconditionals="0" methods="0" coveredmethods="0"/>
        <line num="5" count="5" type="stmt"/>
        <line num="8" count="5" type="stmt"/>
        <line num="9" count="5" type="stmt"/>
        <line num="10" count="5" type="stmt"/>
        <line num="11" count="5" type="stmt"/>
      </file>
      <file name="index.js" path="/Users/yashdive/NCSU/NCSU Projects/Software_Engineering/proj2/Ecobites/server/src/routes/index.js">
        <metrics statements="2" coveredstatements="2" conditionals="0" coveredconditionals="0" methods="0" coveredmethods="0"/>
        <line num="4" count="5" type="stmt"/>
        <line num="6" count="5" type="stmt"/>
      </file>
      <file name="menu.routes.js" path="/Users/yashdive/NCSU/NCSU Projects/Software_Engineering/proj2/Ecobites/server/src/routes/menu.routes.js">
        <metrics statements="7" coveredstatements="7" conditionals="0" coveredconditionals="0" methods="0" coveredmethods="0"/>
        <line num="4" count="5" type="stmt"/>
        <line num="9" count="5" type="stmt"/>
        <line num="10" count="5" type="stmt"/>
        <line num="11" count="5" type="stmt"/>
        <line num="12" count="5" type="stmt"/>
        <line num="13" count="5" type="stmt"/>
        <line num="14" count="5" type="stmt"/>
      </file>
      <file name="orders.routes.js" path="/Users/yashdive/NCSU/NCSU Projects/Software_Engineering/proj2/Ecobites/server/src/routes/orders.routes.js">
        <metrics statements="8" coveredstatements="8" conditionals="0" coveredconditionals="0" methods="0" coveredmethods="0"/>
        <line num="7" count="5" type="stmt"/>
        <line num="11" count="5" type="stmt"/>
        <line num="12" count="5" type="stmt"/>
        <line num="15" count="5" type="stmt"/>
        <line num="16" count="5" type="stmt"/>
        <line num="18" count="5" type="stmt"/>
        <line num="20" count="5" type="stmt"/>
        <line num="23" count="5" type="stmt"/>
      </file>
      <file name="profile.routes.js" path="/Users/yashdive/NCSU/NCSU Projects/Software_Engineering/proj2/Ecobites/server/src/routes/profile.routes.js">
        <metrics statements="3" coveredstatements="3" conditionals="0" coveredconditionals="0" methods="0" coveredmethods="0"/>
        <line num="5" count="5" type="stmt"/>
        <line num="8" count="5" type="stmt"/>
        <line num="11" count="5" type="stmt"/>
      </file>
      <file name="restaurant.routes.js" path="/Users/yashdive/NCSU/NCSU Projects/Software_Engineering/proj2/Ecobites/server/src/routes/restaurant.routes.js">
        <metrics statements="3" coveredstatements="3" conditionals="0" coveredconditionals="0" methods="0" coveredmethods="0"/>
        <line num="6" count="5" type="stmt"/>
        <line num="7" count="5" type="stmt"/>
        <line num="8" count="5" type="stmt"/>
      </file>
    </package>
  </project>
</coverage>
