{"/Users/yashdive/NCSU/NCSU Projects/Software_Engineering/proj2/Ecobites/server/src/app.js": {"path":"/Users/yashdive/NCSU/NCSU Projects/Software_Engineering/proj2/Ecobites/server/src/app.js","statementMap":{"0":{"start":{"line":11,"column":12},"end":{"line":11,"column":21}},"1":{"start":{"line":14,"column":0},"end":{"line":17,"column":4}},"2":{"start":{"line":18,"column":0},"end":{"line":18,"column":24}},"3":{"start":{"line":19,"column":0},"end":{"line":19,"column":24}},"4":{"start":{"line":20,"column":0},"end":{"line":20,"column":24}},"5":{"start":{"line":21,"column":0},"end":{"line":21,"column":27}},"6":{"start":{"line":22,"column":0},"end":{"line":22,"column":33}},"7":{"start":{"line":23,"column":0},"end":{"line":23,"column":31}},"8":{"start":{"line":24,"column":0},"end":{"line":24,"column":46}},"9":{"start":{"line":26,"column":0},"end":{"line":26,"column":39}},"10":{"start":{"line":30,"column":0},"end":{"line":42,"column":3}},"11":{"start":{"line":31,"column":1},"end":{"line":41,"column":4}}},"fnMap":{"0":{"name":"(anonymous_0)","decl":{"start":{"line":30,"column":13},"end":{"line":30,"column":14}},"loc":{"start":{"line":30,"column":27},"end":{"line":42,"column":1}},"line":30}},"branchMap":{},"s":{"0":5,"1":5,"2":5,"3":5,"4":5,"5":5,"6":5,"7":5,"8":5,"9":5,"10":5,"11":0},"f":{"0":0},"b":{},"inputSourceMap":null,"_coverageSchema":"1a1c01bbd47fc00a2c39e90264f33305004495a9","hash":"a582d939f534f88c9079716cb3c5dcc4f91fd670"}
,"/Users/yashdive/NCSU/NCSU Projects/Software_Engineering/proj2/Ecobites/server/src/setupTests.js": {"path":"/Users/yashdive/NCSU/NCSU Projects/Software_Engineering/proj2/Ecobites/server/src/setupTests.js","statementMap":{"0":{"start":{"line":8,"column":25},"end":{"line":12,"column":1}},"1":{"start":{"line":9,"column":2},"end":{"line":9,"column":49}},"2":{"start":{"line":10,"column":14},"end":{"line":10,"column":34}},"3":{"start":{"line":11,"column":2},"end":{"line":11,"column":30}},"4":{"start":{"line":14,"column":23},"end":{"line":18,"column":1}},"5":{"start":{"line":15,"column":2},"end":{"line":15,"column":43}},"6":{"start":{"line":16,"column":2},"end":{"line":16,"column":36}},"7":{"start":{"line":17,"column":2},"end":{"line":17,"column":27}},"8":{"start":{"line":20,"column":23},"end":{"line":25,"column":1}},"9":{"start":{"line":21,"column":22},"end":{"line":21,"column":53}},"10":{"start":{"line":22,"column":2},"end":{"line":24,"column":3}},"11":{"start":{"line":23,"column":4},"end":{"line":23,"column":40}}},"fnMap":{"0":{"name":"(anonymous_0)","decl":{"start":{"line":8,"column":25},"end":{"line":8,"column":26}},"loc":{"start":{"line":8,"column":37},"end":{"line":12,"column":1}},"line":8},"1":{"name":"(anonymous_1)","decl":{"start":{"line":14,"column":23},"end":{"line":14,"column":24}},"loc":{"start":{"line":14,"column":35},"end":{"line":18,"column":1}},"line":14},"2":{"name":"(anonymous_2)","decl":{"start":{"line":20,"column":23},"end":{"line":20,"column":24}},"loc":{"start":{"line":20,"column":35},"end":{"line":25,"column":1}},"line":20}},"branchMap":{},"s":{"0":5,"1":5,"2":5,"3":5,"4":5,"5":5,"6":5,"7":5,"8":5,"9":9,"10":9,"11":27},"f":{"0":5,"1":5,"2":9},"b":{},"inputSourceMap":null,"_coverageSchema":"1a1c01bbd47fc00a2c39e90264f33305004495a9","hash":"bd7a3ba29c37f58a3df7d0e9ff5387858234cc1a"}
,"/Users/yashdive/NCSU/NCSU Projects/Software_Engineering/proj2/Ecobites/server/src/config/constants.js": {"path":"/Users/yashdive/NCSU/NCSU Projects/Software_Engineering/proj2/Ecobites/server/src/config/constants.js","statementMap":{"0":{"start":{"line":2,"column":28},"end":{"line":13,"column":1}},"1":{"start":{"line":16,"column":26},"end":{"line":21,"column":1}},"2":{"start":{"line":24,"column":33},"end":{"line":28,"column":1}},"3":{"start":{"line":31,"column":27},"end":{"line":35,"column":1}},"4":{"start":{"line":38,"column":29},"end":{"line":47,"column":1}},"5":{"start":{"line":50,"column":33},"end":{"line":56,"column":1}},"6":{"start":{"line":59,"column":40},"end":{"line":66,"column":1}},"7":{"start":{"line":60,"column":2},"end":{"line":60,"column":53}},"8":{"start":{"line":60,"column":20},"end":{"line":60,"column":53}},"9":{"start":{"line":61,"column":13},"end":{"line":61,"column":38}},"10":{"start":{"line":62,"column":2},"end":{"line":62,"column":80}},"11":{"start":{"line":62,"column":52},"end":{"line":62,"column":80}},"12":{"start":{"line":63,"column":2},"end":{"line":63,"column":83}},"13":{"start":{"line":63,"column":53},"end":{"line":63,"column":83}},"14":{"start":{"line":64,"column":2},"end":{"line":64,"column":85}},"15":{"start":{"line":64,"column":52},"end":{"line":64,"column":85}},"16":{"start":{"line":65,"column":2},"end":{"line":65,"column":35}},"17":{"start":{"line":69,"column":34},"end":{"line":72,"column":1}},"18":{"start":{"line":70,"column":2},"end":{"line":70,"column":74}},"19":{"start":{"line":70,"column":28},"end":{"line":70,"column":74}},"20":{"start":{"line":71,"column":2},"end":{"line":71,"column":84}}},"fnMap":{"0":{"name":"(anonymous_0)","decl":{"start":{"line":59,"column":40},"end":{"line":59,"column":41}},"loc":{"start":{"line":59,"column":57},"end":{"line":66,"column":1}},"line":59},"1":{"name":"(anonymous_1)","decl":{"start":{"line":69,"column":34},"end":{"line":69,"column":35}},"loc":{"start":{"line":69,"column":59},"end":{"line":72,"column":1}},"line":69}},"branchMap":{"0":{"loc":{"start":{"line":60,"column":2},"end":{"line":60,"column":53}},"type":"if","locations":[{"start":{"line":60,"column":2},"end":{"line":60,"column":53}},{"start":{},"end":{}}],"line":60},"1":{"loc":{"start":{"line":62,"column":2},"end":{"line":62,"column":80}},"type":"if","locations":[{"start":{"line":62,"column":2},"end":{"line":62,"column":80}},{"start":{},"end":{}}],"line":62},"2":{"loc":{"start":{"line":62,"column":6},"end":{"line":62,"column":50}},"type":"binary-expr","locations":[{"start":{"line":62,"column":6},"end":{"line":62,"column":23}},{"start":{"line":62,"column":27},"end":{"line":62,"column":50}}],"line":62},"3":{"loc":{"start":{"line":63,"column":2},"end":{"line":63,"column":83}},"type":"if","locations":[{"start":{"line":63,"column":2},"end":{"line":63,"column":83}},{"start":{},"end":{}}],"line":63},"4":{"loc":{"start":{"line":63,"column":6},"end":{"line":63,"column":51}},"type":"binary-expr","locations":[{"start":{"line":63,"column":6},"end":{"line":63,"column":25}},{"start":{"line":63,"column":29},"end":{"line":63,"column":51}}],"line":63},"5":{"loc":{"start":{"line":64,"column":2},"end":{"line":64,"column":85}},"type":"if","locations":[{"start":{"line":64,"column":2},"end":{"line":64,"column":85}},{"start":{},"end":{}}],"line":64},"6":{"loc":{"start":{"line":64,"column":6},"end":{"line":64,"column":50}},"type":"binary-expr","locations":[{"start":{"line":64,"column":6},"end":{"line":64,"column":28}},{"start":{"line":64,"column":32},"end":{"line":64,"column":50}}],"line":64},"7":{"loc":{"start":{"line":70,"column":2},"end":{"line":70,"column":74}},"type":"if","locations":[{"start":{"line":70,"column":2},"end":{"line":70,"column":74}},{"start":{},"end":{}}],"line":70},"8":{"loc":{"start":{"line":71,"column":9},"end":{"line":71,"column":83}},"type":"binary-expr","locations":[{"start":{"line":71,"column":9},"end":{"line":71,"column":41}},{"start":{"line":71,"column":45},"end":{"line":71,"column":83}}],"line":71}},"s":{"0":5,"1":5,"2":5,"3":5,"4":5,"5":5,"6":5,"7":1,"8":0,"9":1,"10":1,"11":1,"12":0,"13":0,"14":0,"15":0,"16":0,"17":5,"18":19,"19":0,"20":19},"f":{"0":1,"1":19},"b":{"0":[0,1],"1":[1,0],"2":[1,0],"3":[0,0],"4":[0,0],"5":[0,0],"6":[0,0],"7":[0,19],"8":[19,0]},"inputSourceMap":null,"_coverageSchema":"1a1c01bbd47fc00a2c39e90264f33305004495a9","hash":"511b654b07a273c5f9ec2a2f8ff56fd77237faac"}
,"/Users/yashdive/NCSU/NCSU Projects/Software_Engineering/proj2/Ecobites/server/src/controller/auth.controller.js": {"path":"/Users/yashdive/NCSU/NCSU Projects/Software_Engineering/proj2/Ecobites/server/src/controller/auth.controller.js","statementMap":{"0":{"start":{"line":4,"column":19},"end":{"line":4,"column":83}},"1":{"start":{"line":6,"column":24},"end":{"line":90,"column":1}},"2":{"start":{"line":7,"column":2},"end":{"line":89,"column":3}},"3":{"start":{"line":17,"column":24},"end":{"line":17,"column":32}},"4":{"start":{"line":19,"column":4},"end":{"line":21,"column":5}},"5":{"start":{"line":20,"column":6},"end":{"line":20,"column":74}},"6":{"start":{"line":23,"column":4},"end":{"line":25,"column":5}},"7":{"start":{"line":24,"column":6},"end":{"line":24,"column":87}},"8":{"start":{"line":27,"column":25},"end":{"line":27,"column":54}},"9":{"start":{"line":28,"column":4},"end":{"line":30,"column":5}},"10":{"start":{"line":29,"column":6},"end":{"line":29,"column":73}},"11":{"start":{"line":32,"column":23},"end":{"line":39,"column":5}},"12":{"start":{"line":41,"column":4},"end":{"line":44,"column":5}},"13":{"start":{"line":42,"column":6},"end":{"line":42,"column":47}},"14":{"start":{"line":43,"column":6},"end":{"line":43,"column":33}},"15":{"start":{"line":46,"column":4},"end":{"line":49,"column":5}},"16":{"start":{"line":47,"column":6},"end":{"line":47,"column":41}},"17":{"start":{"line":48,"column":6},"end":{"line":48,"column":43}},"18":{"start":{"line":51,"column":17},"end":{"line":51,"column":35}},"19":{"start":{"line":52,"column":4},"end":{"line":52,"column":22}},"20":{"start":{"line":55,"column":18},"end":{"line":59,"column":5}},"21":{"start":{"line":62,"column":4},"end":{"line":67,"column":7}},"22":{"start":{"line":69,"column":4},"end":{"line":85,"column":7}},"23":{"start":{"line":87,"column":4},"end":{"line":87,"column":48}},"24":{"start":{"line":88,"column":4},"end":{"line":88,"column":72}},"25":{"start":{"line":92,"column":21},"end":{"line":145,"column":1}},"26":{"start":{"line":93,"column":2},"end":{"line":144,"column":3}},"27":{"start":{"line":94,"column":32},"end":{"line":94,"column":40}},"28":{"start":{"line":96,"column":4},"end":{"line":98,"column":5}},"29":{"start":{"line":97,"column":6},"end":{"line":97,"column":82}},"30":{"start":{"line":100,"column":17},"end":{"line":100,"column":46}},"31":{"start":{"line":101,"column":4},"end":{"line":103,"column":5}},"32":{"start":{"line":102,"column":6},"end":{"line":102,"column":68}},"33":{"start":{"line":105,"column":20},"end":{"line":105,"column":56}},"34":{"start":{"line":106,"column":4},"end":{"line":108,"column":5}},"35":{"start":{"line":107,"column":6},"end":{"line":107,"column":68}},"36":{"start":{"line":110,"column":18},"end":{"line":114,"column":5}},"37":{"start":{"line":117,"column":4},"end":{"line":122,"column":7}},"38":{"start":{"line":124,"column":4},"end":{"line":140,"column":7}},"39":{"start":{"line":142,"column":4},"end":{"line":142,"column":41}},"40":{"start":{"line":143,"column":4},"end":{"line":143,"column":65}},"41":{"start":{"line":147,"column":18},"end":{"line":173,"column":1}},"42":{"start":{"line":148,"column":2},"end":{"line":172,"column":3}},"43":{"start":{"line":150,"column":4},"end":{"line":152,"column":5}},"44":{"start":{"line":151,"column":6},"end":{"line":151,"column":61}},"45":{"start":{"line":153,"column":4},"end":{"line":168,"column":7}},"46":{"start":{"line":170,"column":4},"end":{"line":170,"column":38}},"47":{"start":{"line":171,"column":4},"end":{"line":171,"column":52}},"48":{"start":{"line":175,"column":22},"end":{"line":189,"column":1}},"49":{"start":{"line":176,"column":2},"end":{"line":188,"column":3}},"50":{"start":{"line":178,"column":4},"end":{"line":182,"column":7}},"51":{"start":{"line":184,"column":4},"end":{"line":184,"column":53}},"52":{"start":{"line":186,"column":4},"end":{"line":186,"column":42}},"53":{"start":{"line":187,"column":4},"end":{"line":187,"column":66}}},"fnMap":{"0":{"name":"(anonymous_0)","decl":{"start":{"line":6,"column":24},"end":{"line":6,"column":25}},"loc":{"start":{"line":6,"column":44},"end":{"line":90,"column":1}},"line":6},"1":{"name":"(anonymous_1)","decl":{"start":{"line":92,"column":21},"end":{"line":92,"column":22}},"loc":{"start":{"line":92,"column":41},"end":{"line":145,"column":1}},"line":92},"2":{"name":"(anonymous_2)","decl":{"start":{"line":147,"column":18},"end":{"line":147,"column":19}},"loc":{"start":{"line":147,"column":38},"end":{"line":173,"column":1}},"line":147},"3":{"name":"(anonymous_3)","decl":{"start":{"line":175,"column":22},"end":{"line":175,"column":23}},"loc":{"start":{"line":175,"column":42},"end":{"line":189,"column":1}},"line":175}},"branchMap":{"0":{"loc":{"start":{"line":4,"column":19},"end":{"line":4,"column":83}},"type":"binary-expr","locations":[{"start":{"line":4,"column":19},"end":{"line":4,"column":41}},{"start":{"line":4,"column":45},"end":{"line":4,"column":83}}],"line":4},"1":{"loc":{"start":{"line":19,"column":4},"end":{"line":21,"column":5}},"type":"if","locations":[{"start":{"line":19,"column":4},"end":{"line":21,"column":5}},{"start":{},"end":{}}],"line":19},"2":{"loc":{"start":{"line":19,"column":8},"end":{"line":19,"column":36}},"type":"binary-expr","locations":[{"start":{"line":19,"column":8},"end":{"line":19,"column":13}},{"start":{"line":19,"column":17},"end":{"line":19,"column":23}},{"start":{"line":19,"column":27},"end":{"line":19,"column":36}}],"line":19},"3":{"loc":{"start":{"line":23,"column":4},"end":{"line":25,"column":5}},"type":"if","locations":[{"start":{"line":23,"column":4},"end":{"line":25,"column":5}},{"start":{},"end":{}}],"line":23},"4":{"loc":{"start":{"line":28,"column":4},"end":{"line":30,"column":5}},"type":"if","locations":[{"start":{"line":28,"column":4},"end":{"line":30,"column":5}},{"start":{},"end":{}}],"line":28},"5":{"loc":{"start":{"line":37,"column":12},"end":{"line":37,"column":30}},"type":"binary-expr","locations":[{"start":{"line":37,"column":12},"end":{"line":37,"column":16}},{"start":{"line":37,"column":20},"end":{"line":37,"column":30}}],"line":37},"6":{"loc":{"start":{"line":41,"column":4},"end":{"line":44,"column":5}},"type":"if","locations":[{"start":{"line":41,"column":4},"end":{"line":44,"column":5}},{"start":{},"end":{}}],"line":41},"7":{"loc":{"start":{"line":46,"column":4},"end":{"line":49,"column":5}},"type":"if","locations":[{"start":{"line":46,"column":4},"end":{"line":49,"column":5}},{"start":{},"end":{}}],"line":46},"8":{"loc":{"start":{"line":77,"column":22},"end":{"line":77,"column":44}},"type":"binary-expr","locations":[{"start":{"line":77,"column":22},"end":{"line":77,"column":39}},{"start":{"line":77,"column":43},"end":{"line":77,"column":44}}],"line":77},"9":{"loc":{"start":{"line":78,"column":21},"end":{"line":78,"column":45}},"type":"binary-expr","locations":[{"start":{"line":78,"column":21},"end":{"line":78,"column":37}},{"start":{"line":78,"column":41},"end":{"line":78,"column":45}}],"line":78},"10":{"loc":{"start":{"line":79,"column":22},"end":{"line":79,"column":47}},"type":"binary-expr","locations":[{"start":{"line":79,"column":22},"end":{"line":79,"column":39}},{"start":{"line":79,"column":43},"end":{"line":79,"column":47}}],"line":79},"11":{"loc":{"start":{"line":80,"column":24},"end":{"line":80,"column":51}},"type":"binary-expr","locations":[{"start":{"line":80,"column":24},"end":{"line":80,"column":43}},{"start":{"line":80,"column":47},"end":{"line":80,"column":51}}],"line":80},"12":{"loc":{"start":{"line":81,"column":17},"end":{"line":81,"column":37}},"type":"binary-expr","locations":[{"start":{"line":81,"column":17},"end":{"line":81,"column":29}},{"start":{"line":81,"column":33},"end":{"line":81,"column":37}}],"line":81},"13":{"loc":{"start":{"line":82,"column":17},"end":{"line":82,"column":37}},"type":"binary-expr","locations":[{"start":{"line":82,"column":17},"end":{"line":82,"column":29}},{"start":{"line":82,"column":33},"end":{"line":82,"column":37}}],"line":82},"14":{"loc":{"start":{"line":83,"column":15},"end":{"line":83,"column":33}},"type":"binary-expr","locations":[{"start":{"line":83,"column":15},"end":{"line":83,"column":25}},{"start":{"line":83,"column":29},"end":{"line":83,"column":33}}],"line":83},"15":{"loc":{"start":{"line":96,"column":4},"end":{"line":98,"column":5}},"type":"if","locations":[{"start":{"line":96,"column":4},"end":{"line":98,"column":5}},{"start":{},"end":{}}],"line":96},"16":{"loc":{"start":{"line":96,"column":8},"end":{"line":96,"column":27}},"type":"binary-expr","locations":[{"start":{"line":96,"column":8},"end":{"line":96,"column":14}},{"start":{"line":96,"column":18},"end":{"line":96,"column":27}}],"line":96},"17":{"loc":{"start":{"line":101,"column":4},"end":{"line":103,"column":5}},"type":"if","locations":[{"start":{"line":101,"column":4},"end":{"line":103,"column":5}},{"start":{},"end":{}}],"line":101},"18":{"loc":{"start":{"line":106,"column":4},"end":{"line":108,"column":5}},"type":"if","locations":[{"start":{"line":106,"column":4},"end":{"line":108,"column":5}},{"start":{},"end":{}}],"line":106},"19":{"loc":{"start":{"line":132,"column":22},"end":{"line":132,"column":44}},"type":"binary-expr","locations":[{"start":{"line":132,"column":22},"end":{"line":132,"column":39}},{"start":{"line":132,"column":43},"end":{"line":132,"column":44}}],"line":132},"20":{"loc":{"start":{"line":133,"column":21},"end":{"line":133,"column":45}},"type":"binary-expr","locations":[{"start":{"line":133,"column":21},"end":{"line":133,"column":37}},{"start":{"line":133,"column":41},"end":{"line":133,"column":45}}],"line":133},"21":{"loc":{"start":{"line":134,"column":22},"end":{"line":134,"column":47}},"type":"binary-expr","locations":[{"start":{"line":134,"column":22},"end":{"line":134,"column":39}},{"start":{"line":134,"column":43},"end":{"line":134,"column":47}}],"line":134},"22":{"loc":{"start":{"line":135,"column":24},"end":{"line":135,"column":51}},"type":"binary-expr","locations":[{"start":{"line":135,"column":24},"end":{"line":135,"column":43}},{"start":{"line":135,"column":47},"end":{"line":135,"column":51}}],"line":135},"23":{"loc":{"start":{"line":136,"column":17},"end":{"line":136,"column":37}},"type":"binary-expr","locations":[{"start":{"line":136,"column":17},"end":{"line":136,"column":29}},{"start":{"line":136,"column":33},"end":{"line":136,"column":37}}],"line":136},"24":{"loc":{"start":{"line":137,"column":17},"end":{"line":137,"column":37}},"type":"binary-expr","locations":[{"start":{"line":137,"column":17},"end":{"line":137,"column":29}},{"start":{"line":137,"column":33},"end":{"line":137,"column":37}}],"line":137},"25":{"loc":{"start":{"line":138,"column":15},"end":{"line":138,"column":33}},"type":"binary-expr","locations":[{"start":{"line":138,"column":15},"end":{"line":138,"column":25}},{"start":{"line":138,"column":29},"end":{"line":138,"column":33}}],"line":138},"26":{"loc":{"start":{"line":150,"column":4},"end":{"line":152,"column":5}},"type":"if","locations":[{"start":{"line":150,"column":4},"end":{"line":152,"column":5}},{"start":{},"end":{}}],"line":150},"27":{"loc":{"start":{"line":160,"column":22},"end":{"line":160,"column":48}},"type":"binary-expr","locations":[{"start":{"line":160,"column":22},"end":{"line":160,"column":43}},{"start":{"line":160,"column":47},"end":{"line":160,"column":48}}],"line":160},"28":{"loc":{"start":{"line":161,"column":21},"end":{"line":161,"column":49}},"type":"binary-expr","locations":[{"start":{"line":161,"column":21},"end":{"line":161,"column":41}},{"start":{"line":161,"column":45},"end":{"line":161,"column":49}}],"line":161},"29":{"loc":{"start":{"line":162,"column":22},"end":{"line":162,"column":51}},"type":"binary-expr","locations":[{"start":{"line":162,"column":22},"end":{"line":162,"column":43}},{"start":{"line":162,"column":47},"end":{"line":162,"column":51}}],"line":162},"30":{"loc":{"start":{"line":163,"column":24},"end":{"line":163,"column":55}},"type":"binary-expr","locations":[{"start":{"line":163,"column":24},"end":{"line":163,"column":47}},{"start":{"line":163,"column":51},"end":{"line":163,"column":55}}],"line":163},"31":{"loc":{"start":{"line":164,"column":17},"end":{"line":164,"column":41}},"type":"binary-expr","locations":[{"start":{"line":164,"column":17},"end":{"line":164,"column":33}},{"start":{"line":164,"column":37},"end":{"line":164,"column":41}}],"line":164},"32":{"loc":{"start":{"line":165,"column":17},"end":{"line":165,"column":41}},"type":"binary-expr","locations":[{"start":{"line":165,"column":17},"end":{"line":165,"column":33}},{"start":{"line":165,"column":37},"end":{"line":165,"column":41}}],"line":165},"33":{"loc":{"start":{"line":166,"column":15},"end":{"line":166,"column":37}},"type":"binary-expr","locations":[{"start":{"line":166,"column":15},"end":{"line":166,"column":29}},{"start":{"line":166,"column":33},"end":{"line":166,"column":37}}],"line":166}},"s":{"0":5,"1":5,"2":13,"3":13,"4":13,"5":0,"6":13,"7":0,"8":13,"9":13,"10":1,"11":12,"12":12,"13":3,"14":3,"15":12,"16":1,"17":1,"18":12,"19":12,"20":12,"21":12,"22":12,"23":0,"24":0,"25":5,"26":9,"27":9,"28":9,"29":0,"30":9,"31":9,"32":0,"33":9,"34":9,"35":0,"36":9,"37":9,"38":9,"39":0,"40":0,"41":5,"42":0,"43":0,"44":0,"45":0,"46":0,"47":0,"48":5,"49":0,"50":0,"51":0,"52":0,"53":0},"f":{"0":13,"1":9,"2":0,"3":0},"b":{"0":[5,5],"1":[0,13],"2":[13,13,13],"3":[0,13],"4":[1,12],"5":[12,2],"6":[3,9],"7":[1,11],"8":[12,12],"9":[12,11],"10":[12,11],"11":[12,11],"12":[12,0],"13":[12,0],"14":[12,12],"15":[0,9],"16":[9,9],"17":[0,9],"18":[0,9],"19":[9,9],"20":[9,9],"21":[9,9],"22":[9,9],"23":[9,0],"24":[9,0],"25":[9,4],"26":[0,0],"27":[0,0],"28":[0,0],"29":[0,0],"30":[0,0],"31":[0,0],"32":[0,0],"33":[0,0]},"inputSourceMap":null,"_coverageSchema":"1a1c01bbd47fc00a2c39e90264f33305004495a9","hash":"aba863a1ad1db55902f53cbdfa1e5ee89ecb7d0a"}
,"/Users/yashdive/NCSU/NCSU Projects/Software_Engineering/proj2/Ecobites/server/src/controller/healthController.js": {"path":"/Users/yashdive/NCSU/NCSU Projects/Software_Engineering/proj2/Ecobites/server/src/controller/healthController.js","statementMap":{"0":{"start":{"line":1,"column":25},"end":{"line":3,"column":1}},"1":{"start":{"line":2,"column":2},"end":{"line":2,"column":65}}},"fnMap":{"0":{"name":"(anonymous_0)","decl":{"start":{"line":1,"column":25},"end":{"line":1,"column":26}},"loc":{"start":{"line":1,"column":39},"end":{"line":3,"column":1}},"line":1}},"branchMap":{},"s":{"0":5,"1":0},"f":{"0":0},"b":{},"inputSourceMap":null,"_coverageSchema":"1a1c01bbd47fc00a2c39e90264f33305004495a9","hash":"55deaeeeed6a428572ff744132790d24d8a230c1"}
,"/Users/yashdive/NCSU/NCSU Projects/Software_Engineering/proj2/Ecobites/server/src/controller/menu.controller.js": {"path":"/Users/yashdive/NCSU/NCSU Projects/Software_Engineering/proj2/Ecobites/server/src/controller/menu.controller.js","statementMap":{"0":{"start":{"line":4,"column":30},"end":{"line":54,"column":1}},"1":{"start":{"line":5,"column":2},"end":{"line":53,"column":3}},"2":{"start":{"line":6,"column":154},"end":{"line":6,"column":162}},"3":{"start":{"line":9,"column":4},"end":{"line":11,"column":5}},"4":{"start":{"line":10,"column":6},"end":{"line":10,"column":45}},"5":{"start":{"line":14,"column":23},"end":{"line":14,"column":78}},"6":{"start":{"line":15,"column":4},"end":{"line":20,"column":5}},"7":{"start":{"line":16,"column":6},"end":{"line":19,"column":9}},"8":{"start":{"line":22,"column":4},"end":{"line":27,"column":5}},"9":{"start":{"line":23,"column":6},"end":{"line":26,"column":9}},"10":{"start":{"line":29,"column":21},"end":{"line":41,"column":6}},"11":{"start":{"line":43,"column":4},"end":{"line":43,"column":26}},"12":{"start":{"line":46,"column":4},"end":{"line":46,"column":35}},"13":{"start":{"line":48,"column":4},"end":{"line":48,"column":55}},"14":{"start":{"line":49,"column":4},"end":{"line":52,"column":7}},"15":{"start":{"line":56,"column":35},"end":{"line":71,"column":1}},"16":{"start":{"line":57,"column":2},"end":{"line":70,"column":3}},"17":{"start":{"line":58,"column":29},"end":{"line":58,"column":39}},"18":{"start":{"line":60,"column":22},"end":{"line":61,"column":37}},"19":{"start":{"line":64,"column":4},"end":{"line":64,"column":24}},"20":{"start":{"line":66,"column":4},"end":{"line":69,"column":7}},"21":{"start":{"line":74,"column":39},"end":{"line":83,"column":1}},"22":{"start":{"line":75,"column":2},"end":{"line":82,"column":3}},"23":{"start":{"line":76,"column":29},"end":{"line":76,"column":39}},"24":{"start":{"line":77,"column":22},"end":{"line":78,"column":24}},"25":{"start":{"line":79,"column":4},"end":{"line":79,"column":24}},"26":{"start":{"line":81,"column":4},"end":{"line":81,"column":69}},"27":{"start":{"line":86,"column":30},"end":{"line":95,"column":1}},"28":{"start":{"line":87,"column":2},"end":{"line":94,"column":3}},"29":{"start":{"line":88,"column":22},"end":{"line":90,"column":16}},"30":{"start":{"line":91,"column":4},"end":{"line":91,"column":24}},"31":{"start":{"line":93,"column":4},"end":{"line":93,"column":69}},"32":{"start":{"line":97,"column":30},"end":{"line":132,"column":1}},"33":{"start":{"line":98,"column":2},"end":{"line":131,"column":3}},"34":{"start":{"line":99,"column":19},"end":{"line":99,"column":29}},"35":{"start":{"line":101,"column":21},"end":{"line":101,"column":48}},"36":{"start":{"line":102,"column":4},"end":{"line":107,"column":5}},"37":{"start":{"line":103,"column":6},"end":{"line":106,"column":9}},"38":{"start":{"line":109,"column":4},"end":{"line":114,"column":5}},"39":{"start":{"line":110,"column":6},"end":{"line":113,"column":9}},"40":{"start":{"line":116,"column":20},"end":{"line":119,"column":6}},"41":{"start":{"line":121,"column":4},"end":{"line":125,"column":7}},"42":{"start":{"line":127,"column":4},"end":{"line":130,"column":7}},"43":{"start":{"line":134,"column":30},"end":{"line":165,"column":1}},"44":{"start":{"line":135,"column":2},"end":{"line":164,"column":3}},"45":{"start":{"line":136,"column":19},"end":{"line":136,"column":29}},"46":{"start":{"line":138,"column":21},"end":{"line":138,"column":48}},"47":{"start":{"line":139,"column":4},"end":{"line":144,"column":5}},"48":{"start":{"line":140,"column":6},"end":{"line":143,"column":9}},"49":{"start":{"line":146,"column":4},"end":{"line":151,"column":5}},"50":{"start":{"line":147,"column":6},"end":{"line":150,"column":9}},"51":{"start":{"line":153,"column":4},"end":{"line":153,"column":41}},"52":{"start":{"line":155,"column":4},"end":{"line":158,"column":7}},"53":{"start":{"line":160,"column":4},"end":{"line":163,"column":7}}},"fnMap":{"0":{"name":"(anonymous_0)","decl":{"start":{"line":4,"column":30},"end":{"line":4,"column":31}},"loc":{"start":{"line":4,"column":50},"end":{"line":54,"column":1}},"line":4},"1":{"name":"(anonymous_1)","decl":{"start":{"line":56,"column":35},"end":{"line":56,"column":36}},"loc":{"start":{"line":56,"column":55},"end":{"line":71,"column":1}},"line":56},"2":{"name":"(anonymous_2)","decl":{"start":{"line":74,"column":39},"end":{"line":74,"column":40}},"loc":{"start":{"line":74,"column":59},"end":{"line":83,"column":1}},"line":74},"3":{"name":"(anonymous_3)","decl":{"start":{"line":86,"column":30},"end":{"line":86,"column":31}},"loc":{"start":{"line":86,"column":51},"end":{"line":95,"column":1}},"line":86},"4":{"name":"(anonymous_4)","decl":{"start":{"line":97,"column":30},"end":{"line":97,"column":31}},"loc":{"start":{"line":97,"column":50},"end":{"line":132,"column":1}},"line":97},"5":{"name":"(anonymous_5)","decl":{"start":{"line":134,"column":30},"end":{"line":134,"column":31}},"loc":{"start":{"line":134,"column":50},"end":{"line":165,"column":1}},"line":134}},"branchMap":{"0":{"loc":{"start":{"line":9,"column":4},"end":{"line":11,"column":5}},"type":"if","locations":[{"start":{"line":9,"column":4},"end":{"line":11,"column":5}},{"start":{},"end":{}}],"line":9},"1":{"loc":{"start":{"line":9,"column":8},"end":{"line":9,"column":67}},"type":"binary-expr","locations":[{"start":{"line":9,"column":8},"end":{"line":9,"column":21}},{"start":{"line":9,"column":25},"end":{"line":9,"column":33}},{"start":{"line":9,"column":37},"end":{"line":9,"column":67}}],"line":9},"2":{"loc":{"start":{"line":14,"column":23},"end":{"line":14,"column":78}},"type":"cond-expr","locations":[{"start":{"line":14,"column":38},"end":{"line":14,"column":71}},{"start":{"line":14,"column":74},"end":{"line":14,"column":78}}],"line":14},"3":{"loc":{"start":{"line":15,"column":4},"end":{"line":20,"column":5}},"type":"if","locations":[{"start":{"line":15,"column":4},"end":{"line":20,"column":5}},{"start":{},"end":{}}],"line":15},"4":{"loc":{"start":{"line":15,"column":8},"end":{"line":15,"column":55}},"type":"binary-expr","locations":[{"start":{"line":15,"column":8},"end":{"line":15,"column":19}},{"start":{"line":15,"column":23},"end":{"line":15,"column":55}}],"line":15},"5":{"loc":{"start":{"line":22,"column":4},"end":{"line":27,"column":5}},"type":"if","locations":[{"start":{"line":22,"column":4},"end":{"line":27,"column":5}},{"start":{},"end":{}}],"line":22},"6":{"loc":{"start":{"line":22,"column":8},"end":{"line":22,"column":82}},"type":"binary-expr","locations":[{"start":{"line":22,"column":8},"end":{"line":22,"column":38}},{"start":{"line":22,"column":42},"end":{"line":22,"column":82}}],"line":22},"7":{"loc":{"start":{"line":102,"column":4},"end":{"line":107,"column":5}},"type":"if","locations":[{"start":{"line":102,"column":4},"end":{"line":107,"column":5}},{"start":{},"end":{}}],"line":102},"8":{"loc":{"start":{"line":109,"column":4},"end":{"line":114,"column":5}},"type":"if","locations":[{"start":{"line":109,"column":4},"end":{"line":114,"column":5}},{"start":{},"end":{}}],"line":109},"9":{"loc":{"start":{"line":109,"column":8},"end":{"line":109,"column":102}},"type":"binary-expr","locations":[{"start":{"line":109,"column":8},"end":{"line":109,"column":38}},{"start":{"line":109,"column":42},"end":{"line":109,"column":102}}],"line":109},"10":{"loc":{"start":{"line":139,"column":4},"end":{"line":144,"column":5}},"type":"if","locations":[{"start":{"line":139,"column":4},"end":{"line":144,"column":5}},{"start":{},"end":{}}],"line":139},"11":{"loc":{"start":{"line":146,"column":4},"end":{"line":151,"column":5}},"type":"if","locations":[{"start":{"line":146,"column":4},"end":{"line":151,"column":5}},{"start":{},"end":{}}],"line":146},"12":{"loc":{"start":{"line":146,"column":8},"end":{"line":146,"column":102}},"type":"binary-expr","locations":[{"start":{"line":146,"column":8},"end":{"line":146,"column":38}},{"start":{"line":146,"column":42},"end":{"line":146,"column":102}}],"line":146}},"s":{"0":5,"1":1,"2":1,"3":1,"4":1,"5":1,"6":1,"7":0,"8":1,"9":0,"10":1,"11":1,"12":1,"13":0,"14":0,"15":5,"16":1,"17":1,"18":1,"19":1,"20":0,"21":5,"22":0,"23":0,"24":0,"25":0,"26":0,"27":5,"28":0,"29":0,"30":0,"31":0,"32":5,"33":0,"34":0,"35":0,"36":0,"37":0,"38":0,"39":0,"40":0,"41":0,"42":0,"43":5,"44":0,"45":0,"46":0,"47":0,"48":0,"49":0,"50":0,"51":0,"52":0,"53":0},"f":{"0":1,"1":1,"2":0,"3":0,"4":0,"5":0},"b":{"0":[1,0],"1":[1,1,1],"2":[1,0],"3":[0,1],"4":[1,1],"5":[0,1],"6":[1,1],"7":[0,0],"8":[0,0],"9":[0,0],"10":[0,0],"11":[0,0],"12":[0,0]},"inputSourceMap":null,"_coverageSchema":"1a1c01bbd47fc00a2c39e90264f33305004495a9","hash":"24b2fa0c629c6c05f2a22a0cb07fd7b367271977"}
,"/Users/yashdive/NCSU/NCSU Projects/Software_Engineering/proj2/Ecobites/server/src/controller/orders.controller.js": {"path":"/Users/yashdive/NCSU/NCSU Projects/Software_Engineering/proj2/Ecobites/server/src/controller/orders.controller.js","statementMap":{"0":{"start":{"line":2,"column":42},"end":{"line":104,"column":1}},"1":{"start":{"line":3,"column":2},"end":{"line":103,"column":3}},"2":{"start":{"line":4,"column":47},"end":{"line":4,"column":55}},"3":{"start":{"line":7,"column":27},"end":{"line":7,"column":59}},"4":{"start":{"line":8,"column":20},"end":{"line":8,"column":112}},"5":{"start":{"line":10,"column":4},"end":{"line":12,"column":5}},"6":{"start":{"line":11,"column":6},"end":{"line":11,"column":95}},"7":{"start":{"line":15,"column":4},"end":{"line":15,"column":63}},"8":{"start":{"line":15,"column":34},"end":{"line":15,"column":63}},"9":{"start":{"line":16,"column":25},"end":{"line":27,"column":5}},"10":{"start":{"line":17,"column":6},"end":{"line":17,"column":29}},"11":{"start":{"line":17,"column":17},"end":{"line":17,"column":29}},"12":{"start":{"line":18,"column":6},"end":{"line":20,"column":7}},"13":{"start":{"line":19,"column":8},"end":{"line":19,"column":32}},"14":{"start":{"line":21,"column":55},"end":{"line":21,"column":59}},"15":{"start":{"line":22,"column":26},"end":{"line":22,"column":94}},"16":{"start":{"line":23,"column":19},"end":{"line":23,"column":91}},"17":{"start":{"line":23,"column":63},"end":{"line":23,"column":87}},"18":{"start":{"line":24,"column":18},"end":{"line":24,"column":48}},"19":{"start":{"line":25,"column":18},"end":{"line":25,"column":49}},"20":{"start":{"line":26,"column":6},"end":{"line":26,"column":26}},"21":{"start":{"line":28,"column":4},"end":{"line":31,"column":5}},"22":{"start":{"line":29,"column":6},"end":{"line":29,"column":82}},"23":{"start":{"line":30,"column":6},"end":{"line":30,"column":44}},"24":{"start":{"line":30,"column":12},"end":{"line":30,"column":33}},"25":{"start":{"line":34,"column":19},"end":{"line":38,"column":6}},"26":{"start":{"line":41,"column":6},"end":{"line":41,"column":46}},"27":{"start":{"line":41,"column":30},"end":{"line":41,"column":46}},"28":{"start":{"line":42,"column":16},"end":{"line":42,"column":23}},"29":{"start":{"line":43,"column":20},"end":{"line":43,"column":44}},"30":{"start":{"line":43,"column":27},"end":{"line":43,"column":44}},"31":{"start":{"line":44,"column":19},"end":{"line":44,"column":49}},"32":{"start":{"line":45,"column":19},"end":{"line":45,"column":49}},"33":{"start":{"line":46,"column":16},"end":{"line":48,"column":51}},"34":{"start":{"line":49,"column":16},"end":{"line":49,"column":60}},"35":{"start":{"line":50,"column":6},"end":{"line":50,"column":19}},"36":{"start":{"line":52,"column":25},"end":{"line":65,"column":6}},"37":{"start":{"line":54,"column":6},"end":{"line":54,"column":62}},"38":{"start":{"line":54,"column":49},"end":{"line":54,"column":62}},"39":{"start":{"line":56,"column":6},"end":{"line":56,"column":53}},"40":{"start":{"line":56,"column":30},"end":{"line":56,"column":53}},"41":{"start":{"line":57,"column":6},"end":{"line":61,"column":7}},"42":{"start":{"line":58,"column":8},"end":{"line":58,"column":72}},"43":{"start":{"line":60,"column":8},"end":{"line":60,"column":87}},"44":{"start":{"line":60,"column":14},"end":{"line":60,"column":66}},"45":{"start":{"line":60,"column":67},"end":{"line":60,"column":76}},"46":{"start":{"line":62,"column":19},"end":{"line":62,"column":104}},"47":{"start":{"line":63,"column":23},"end":{"line":63,"column":90}},"48":{"start":{"line":64,"column":6},"end":{"line":64,"column":22}},"49":{"start":{"line":67,"column":4},"end":{"line":69,"column":5}},"50":{"start":{"line":68,"column":6},"end":{"line":68,"column":98}},"51":{"start":{"line":72,"column":28},"end":{"line":72,"column":30}},"52":{"start":{"line":73,"column":28},"end":{"line":73,"column":30}},"53":{"start":{"line":75,"column":20},"end":{"line":75,"column":60}},"54":{"start":{"line":76,"column":22},"end":{"line":76,"column":64}},"55":{"start":{"line":77,"column":19},"end":{"line":77,"column":44}},"56":{"start":{"line":77,"column":38},"end":{"line":77,"column":43}},"57":{"start":{"line":79,"column":4},"end":{"line":92,"column":5}},"58":{"start":{"line":80,"column":6},"end":{"line":80,"column":28}},"59":{"start":{"line":81,"column":6},"end":{"line":81,"column":33}},"60":{"start":{"line":82,"column":6},"end":{"line":82,"column":78}},"61":{"start":{"line":82,"column":42},"end":{"line":82,"column":76}},"62":{"start":{"line":83,"column":6},"end":{"line":83,"column":74}},"63":{"start":{"line":84,"column":6},"end":{"line":84,"column":21}},"64":{"start":{"line":85,"column":6},"end":{"line":85,"column":34}},"65":{"start":{"line":87,"column":25},"end":{"line":87,"column":58}},"66":{"start":{"line":88,"column":6},"end":{"line":91,"column":7}},"67":{"start":{"line":89,"column":8},"end":{"line":89,"column":83}},"68":{"start":{"line":90,"column":8},"end":{"line":90,"column":32}},"69":{"start":{"line":95,"column":4},"end":{"line":99,"column":7}},"70":{"start":{"line":101,"column":4},"end":{"line":101,"column":62}},"71":{"start":{"line":102,"column":4},"end":{"line":102,"column":66}},"72":{"start":{"line":113,"column":2},"end":{"line":129,"column":3}},"73":{"start":{"line":114,"column":18},"end":{"line":114,"column":70}},"74":{"start":{"line":115,"column":16},"end":{"line":115,"column":83}},"75":{"start":{"line":116,"column":21},"end":{"line":119,"column":6}},"76":{"start":{"line":120,"column":4},"end":{"line":124,"column":5}},"77":{"start":{"line":121,"column":27},"end":{"line":121,"column":43}},"78":{"start":{"line":122,"column":21},"end":{"line":122,"column":67}},"79":{"start":{"line":123,"column":6},"end":{"line":123,"column":20}},"80":{"start":{"line":125,"column":4},"end":{"line":125,"column":16}},"81":{"start":{"line":127,"column":4},"end":{"line":127,"column":54}},"82":{"start":{"line":128,"column":4},"end":{"line":128,"column":16}},"83":{"start":{"line":132,"column":27},"end":{"line":252,"column":1}},"84":{"start":{"line":133,"column":2},"end":{"line":251,"column":3}},"85":{"start":{"line":134,"column":152},"end":{"line":134,"column":160}},"86":{"start":{"line":137,"column":4},"end":{"line":142,"column":5}},"87":{"start":{"line":138,"column":6},"end":{"line":141,"column":9}},"88":{"start":{"line":145,"column":4},"end":{"line":147,"column":5}},"89":{"start":{"line":146,"column":6},"end":{"line":146,"column":84}},"90":{"start":{"line":150,"column":24},"end":{"line":150,"column":95}},"91":{"start":{"line":150,"column":43},"end":{"line":150,"column":78}},"92":{"start":{"line":151,"column":22},"end":{"line":151,"column":72}},"93":{"start":{"line":153,"column":4},"end":{"line":155,"column":5}},"94":{"start":{"line":154,"column":6},"end":{"line":154,"column":101}},"95":{"start":{"line":158,"column":34},"end":{"line":158,"column":70}},"96":{"start":{"line":159,"column":4},"end":{"line":163,"column":5}},"97":{"start":{"line":160,"column":6},"end":{"line":162,"column":7}},"98":{"start":{"line":161,"column":8},"end":{"line":161,"column":113}},"99":{"start":{"line":165,"column":18},"end":{"line":174,"column":6}},"100":{"start":{"line":166,"column":17},"end":{"line":166,"column":110}},"101":{"start":{"line":166,"column":37},"end":{"line":166,"column":109}},"102":{"start":{"line":167,"column":18},"end":{"line":167,"column":42}},"103":{"start":{"line":168,"column":6},"end":{"line":173,"column":8}},"104":{"start":{"line":176,"column":21},"end":{"line":176,"column":77}},"105":{"start":{"line":176,"column":45},"end":{"line":176,"column":73}},"106":{"start":{"line":177,"column":24},"end":{"line":177,"column":25}},"107":{"start":{"line":178,"column":16},"end":{"line":178,"column":17}},"108":{"start":{"line":179,"column":18},"end":{"line":179,"column":46}},"109":{"start":{"line":182,"column":25},"end":{"line":182,"column":141}},"110":{"start":{"line":185,"column":30},"end":{"line":187,"column":17}},"111":{"start":{"line":189,"column":26},"end":{"line":197,"column":9}},"112":{"start":{"line":190,"column":17},"end":{"line":190,"column":83}},"113":{"start":{"line":190,"column":37},"end":{"line":190,"column":82}},"114":{"start":{"line":191,"column":18},"end":{"line":191,"column":42}},"115":{"start":{"line":192,"column":6},"end":{"line":195,"column":7}},"116":{"start":{"line":193,"column":20},"end":{"line":193,"column":56}},"117":{"start":{"line":194,"column":8},"end":{"line":194,"column":33}},"118":{"start":{"line":196,"column":6},"end":{"line":196,"column":17}},"119":{"start":{"line":198,"column":28},"end":{"line":198,"column":81}},"120":{"start":{"line":201,"column":33},"end":{"line":201,"column":55}},"121":{"start":{"line":202,"column":4},"end":{"line":223,"column":5}},"122":{"start":{"line":204,"column":6},"end":{"line":204,"column":62}},"123":{"start":{"line":204,"column":35},"end":{"line":204,"column":60}},"124":{"start":{"line":206,"column":26},"end":{"line":210,"column":8}},"125":{"start":{"line":212,"column":6},"end":{"line":222,"column":7}},"126":{"start":{"line":213,"column":8},"end":{"line":213,"column":57}},"127":{"start":{"line":217,"column":28},"end":{"line":217,"column":120}},"128":{"start":{"line":218,"column":21},"end":{"line":218,"column":93}},"129":{"start":{"line":218,"column":65},"end":{"line":218,"column":89}},"130":{"start":{"line":219,"column":20},"end":{"line":219,"column":50}},"131":{"start":{"line":220,"column":20},"end":{"line":220,"column":51}},"132":{"start":{"line":221,"column":8},"end":{"line":221,"column":58}},"133":{"start":{"line":225,"column":18},"end":{"line":239,"column":6}},"134":{"start":{"line":241,"column":4},"end":{"line":241,"column":23}},"135":{"start":{"line":244,"column":4},"end":{"line":244,"column":32}},"136":{"start":{"line":246,"column":4},"end":{"line":246,"column":47}},"137":{"start":{"line":247,"column":4},"end":{"line":250,"column":7}},"138":{"start":{"line":254,"column":31},"end":{"line":313,"column":1}},"139":{"start":{"line":255,"column":2},"end":{"line":312,"column":3}},"140":{"start":{"line":256,"column":29},"end":{"line":256,"column":39}},"141":{"start":{"line":258,"column":4},"end":{"line":263,"column":5}},"142":{"start":{"line":259,"column":6},"end":{"line":262,"column":9}},"143":{"start":{"line":265,"column":14},"end":{"line":265,"column":16}},"144":{"start":{"line":267,"column":4},"end":{"line":273,"column":5}},"145":{"start":{"line":268,"column":6},"end":{"line":268,"column":32}},"146":{"start":{"line":269,"column":11},"end":{"line":273,"column":5}},"147":{"start":{"line":270,"column":6},"end":{"line":270,"column":34}},"148":{"start":{"line":271,"column":11},"end":{"line":273,"column":5}},"149":{"start":{"line":272,"column":6},"end":{"line":272,"column":30}},"150":{"start":{"line":275,"column":12},"end":{"line":275,"column":53}},"151":{"start":{"line":278,"column":4},"end":{"line":282,"column":5}},"152":{"start":{"line":279,"column":6},"end":{"line":281,"column":72}},"153":{"start":{"line":284,"column":18},"end":{"line":284,"column":32}},"154":{"start":{"line":287,"column":19},"end":{"line":302,"column":6}},"155":{"start":{"line":288,"column":18},"end":{"line":288,"column":47}},"156":{"start":{"line":289,"column":6},"end":{"line":293,"column":7}},"157":{"start":{"line":290,"column":8},"end":{"line":290,"column":88}},"158":{"start":{"line":291,"column":8},"end":{"line":291,"column":61}},"159":{"start":{"line":292,"column":8},"end":{"line":292,"column":101}},"160":{"start":{"line":294,"column":6},"end":{"line":300,"column":7}},"161":{"start":{"line":295,"column":8},"end":{"line":295,"column":53}},"162":{"start":{"line":296,"column":8},"end":{"line":296,"column":55}},"163":{"start":{"line":298,"column":8},"end":{"line":298,"column":105}},"164":{"start":{"line":298,"column":60},"end":{"line":298,"column":105}},"165":{"start":{"line":299,"column":8},"end":{"line":299,"column":93}},"166":{"start":{"line":301,"column":6},"end":{"line":301,"column":17}},"167":{"start":{"line":305,"column":4},"end":{"line":305,"column":21}},"168":{"start":{"line":307,"column":4},"end":{"line":307,"column":53}},"169":{"start":{"line":308,"column":4},"end":{"line":311,"column":7}},"170":{"start":{"line":315,"column":28},"end":{"line":337,"column":1}},"171":{"start":{"line":316,"column":2},"end":{"line":336,"column":3}},"172":{"start":{"line":317,"column":24},"end":{"line":317,"column":34}},"173":{"start":{"line":319,"column":18},"end":{"line":319,"column":47}},"174":{"start":{"line":321,"column":4},"end":{"line":326,"column":5}},"175":{"start":{"line":322,"column":6},"end":{"line":325,"column":9}},"176":{"start":{"line":329,"column":4},"end":{"line":329,"column":20}},"177":{"start":{"line":331,"column":4},"end":{"line":331,"column":53}},"178":{"start":{"line":332,"column":4},"end":{"line":335,"column":7}},"179":{"start":{"line":339,"column":33},"end":{"line":435,"column":1}},"180":{"start":{"line":340,"column":2},"end":{"line":434,"column":3}},"181":{"start":{"line":341,"column":24},"end":{"line":341,"column":34}},"182":{"start":{"line":342,"column":33},"end":{"line":342,"column":41}},"183":{"start":{"line":344,"column":18},"end":{"line":344,"column":47}},"184":{"start":{"line":345,"column":4},"end":{"line":350,"column":5}},"185":{"start":{"line":346,"column":6},"end":{"line":349,"column":9}},"186":{"start":{"line":353,"column":4},"end":{"line":358,"column":5}},"187":{"start":{"line":354,"column":6},"end":{"line":357,"column":9}},"188":{"start":{"line":360,"column":4},"end":{"line":366,"column":5}},"189":{"start":{"line":362,"column":6},"end":{"line":365,"column":9}},"190":{"start":{"line":368,"column":4},"end":{"line":374,"column":5}},"191":{"start":{"line":370,"column":6},"end":{"line":373,"column":9}},"192":{"start":{"line":376,"column":4},"end":{"line":376,"column":26}},"193":{"start":{"line":377,"column":4},"end":{"line":380,"column":7}},"194":{"start":{"line":382,"column":4},"end":{"line":384,"column":5}},"195":{"start":{"line":383,"column":6},"end":{"line":383,"column":32}},"196":{"start":{"line":386,"column":4},"end":{"line":428,"column":5}},"197":{"start":{"line":388,"column":6},"end":{"line":391,"column":7}},"198":{"start":{"line":389,"column":8},"end":{"line":389,"column":106}},"199":{"start":{"line":390,"column":8},"end":{"line":390,"column":39}},"200":{"start":{"line":394,"column":6},"end":{"line":404,"column":7}},"201":{"start":{"line":395,"column":23},"end":{"line":395,"column":58}},"202":{"start":{"line":396,"column":8},"end":{"line":403,"column":9}},"203":{"start":{"line":397,"column":28},"end":{"line":397,"column":72}},"204":{"start":{"line":398,"column":10},"end":{"line":402,"column":11}},"205":{"start":{"line":399,"column":12},"end":{"line":399,"column":96}},"206":{"start":{"line":400,"column":12},"end":{"line":400,"column":49}},"207":{"start":{"line":401,"column":12},"end":{"line":401,"column":46}},"208":{"start":{"line":405,"column":6},"end":{"line":405,"column":25}},"209":{"start":{"line":409,"column":6},"end":{"line":421,"column":7}},"210":{"start":{"line":410,"column":23},"end":{"line":414,"column":10}},"211":{"start":{"line":415,"column":8},"end":{"line":420,"column":9}},"212":{"start":{"line":416,"column":10},"end":{"line":416,"column":36}},"213":{"start":{"line":417,"column":10},"end":{"line":417,"column":43}},"214":{"start":{"line":418,"column":10},"end":{"line":418,"column":92}},"215":{"start":{"line":419,"column":10},"end":{"line":419,"column":29}},"216":{"start":{"line":424,"column":6},"end":{"line":424,"column":22}},"217":{"start":{"line":426,"column":6},"end":{"line":426,"column":64}},"218":{"start":{"line":427,"column":6},"end":{"line":427,"column":22}},"219":{"start":{"line":430,"column":4},"end":{"line":433,"column":7}},"220":{"start":{"line":437,"column":44},"end":{"line":479,"column":1}},"221":{"start":{"line":438,"column":2},"end":{"line":478,"column":3}},"222":{"start":{"line":439,"column":4},"end":{"line":444,"column":5}},"223":{"start":{"line":440,"column":6},"end":{"line":443,"column":9}},"224":{"start":{"line":447,"column":18},"end":{"line":453,"column":69}},"225":{"start":{"line":456,"column":19},"end":{"line":470,"column":6}},"226":{"start":{"line":457,"column":18},"end":{"line":457,"column":47}},"227":{"start":{"line":458,"column":6},"end":{"line":462,"column":7}},"228":{"start":{"line":459,"column":8},"end":{"line":459,"column":88}},"229":{"start":{"line":460,"column":8},"end":{"line":460,"column":61}},"230":{"start":{"line":461,"column":8},"end":{"line":461,"column":101}},"231":{"start":{"line":463,"column":6},"end":{"line":468,"column":7}},"232":{"start":{"line":464,"column":8},"end":{"line":464,"column":53}},"233":{"start":{"line":465,"column":8},"end":{"line":465,"column":55}},"234":{"start":{"line":466,"column":8},"end":{"line":466,"column":105}},"235":{"start":{"line":466,"column":60},"end":{"line":466,"column":105}},"236":{"start":{"line":467,"column":8},"end":{"line":467,"column":93}},"237":{"start":{"line":469,"column":6},"end":{"line":469,"column":17}},"238":{"start":{"line":472,"column":4},"end":{"line":472,"column":21}},"239":{"start":{"line":474,"column":4},"end":{"line":477,"column":7}}},"fnMap":{"0":{"name":"(anonymous_0)","decl":{"start":{"line":2,"column":42},"end":{"line":2,"column":43}},"loc":{"start":{"line":2,"column":62},"end":{"line":104,"column":1}},"line":2},"1":{"name":"(anonymous_1)","decl":{"start":{"line":16,"column":25},"end":{"line":16,"column":26}},"loc":{"start":{"line":16,"column":35},"end":{"line":27,"column":5}},"line":16},"2":{"name":"(anonymous_2)","decl":{"start":{"line":23,"column":48},"end":{"line":23,"column":49}},"loc":{"start":{"line":23,"column":63},"end":{"line":23,"column":87}},"line":23},"3":{"name":"getDistanceMeters","decl":{"start":{"line":40,"column":13},"end":{"line":40,"column":30}},"loc":{"start":{"line":40,"column":47},"end":{"line":51,"column":5}},"line":40},"4":{"name":"(anonymous_4)","decl":{"start":{"line":43,"column":20},"end":{"line":43,"column":21}},"loc":{"start":{"line":43,"column":27},"end":{"line":43,"column":44}},"line":43},"5":{"name":"(anonymous_5)","decl":{"start":{"line":52,"column":39},"end":{"line":52,"column":40}},"loc":{"start":{"line":52,"column":44},"end":{"line":65,"column":5}},"line":52},"6":{"name":"(anonymous_6)","decl":{"start":{"line":77,"column":33},"end":{"line":77,"column":34}},"loc":{"start":{"line":77,"column":38},"end":{"line":77,"column":43}},"line":77},"7":{"name":"(anonymous_7)","decl":{"start":{"line":82,"column":36},"end":{"line":82,"column":37}},"loc":{"start":{"line":82,"column":42},"end":{"line":82,"column":76}},"line":82},"8":{"name":"geocodeAddress","decl":{"start":{"line":112,"column":15},"end":{"line":112,"column":29}},"loc":{"start":{"line":112,"column":57},"end":{"line":130,"column":1}},"line":112},"9":{"name":"(anonymous_9)","decl":{"start":{"line":132,"column":27},"end":{"line":132,"column":28}},"loc":{"start":{"line":132,"column":47},"end":{"line":252,"column":1}},"line":132},"10":{"name":"(anonymous_10)","decl":{"start":{"line":150,"column":38},"end":{"line":150,"column":39}},"loc":{"start":{"line":150,"column":43},"end":{"line":150,"column":78}},"line":150},"11":{"name":"(anonymous_11)","decl":{"start":{"line":165,"column":32},"end":{"line":165,"column":33}},"loc":{"start":{"line":165,"column":38},"end":{"line":174,"column":5}},"line":165},"12":{"name":"(anonymous_12)","decl":{"start":{"line":166,"column":32},"end":{"line":166,"column":33}},"loc":{"start":{"line":166,"column":37},"end":{"line":166,"column":109}},"line":166},"13":{"name":"(anonymous_13)","decl":{"start":{"line":176,"column":34},"end":{"line":176,"column":35}},"loc":{"start":{"line":176,"column":45},"end":{"line":176,"column":73}},"line":176},"14":{"name":"(anonymous_14)","decl":{"start":{"line":189,"column":39},"end":{"line":189,"column":40}},"loc":{"start":{"line":189,"column":52},"end":{"line":197,"column":5}},"line":189},"15":{"name":"(anonymous_15)","decl":{"start":{"line":190,"column":32},"end":{"line":190,"column":33}},"loc":{"start":{"line":190,"column":37},"end":{"line":190,"column":82}},"line":190},"16":{"name":"(anonymous_16)","decl":{"start":{"line":204,"column":24},"end":{"line":204,"column":25}},"loc":{"start":{"line":204,"column":35},"end":{"line":204,"column":60}},"line":204},"17":{"name":"(anonymous_17)","decl":{"start":{"line":218,"column":50},"end":{"line":218,"column":51}},"loc":{"start":{"line":218,"column":65},"end":{"line":218,"column":89}},"line":218},"18":{"name":"(anonymous_18)","decl":{"start":{"line":254,"column":31},"end":{"line":254,"column":32}},"loc":{"start":{"line":254,"column":51},"end":{"line":313,"column":1}},"line":254},"19":{"name":"(anonymous_19)","decl":{"start":{"line":287,"column":29},"end":{"line":287,"column":30}},"loc":{"start":{"line":287,"column":36},"end":{"line":302,"column":5}},"line":287},"20":{"name":"(anonymous_20)","decl":{"start":{"line":315,"column":28},"end":{"line":315,"column":29}},"loc":{"start":{"line":315,"column":48},"end":{"line":337,"column":1}},"line":315},"21":{"name":"(anonymous_21)","decl":{"start":{"line":339,"column":33},"end":{"line":339,"column":34}},"loc":{"start":{"line":339,"column":53},"end":{"line":435,"column":1}},"line":339},"22":{"name":"(anonymous_22)","decl":{"start":{"line":437,"column":44},"end":{"line":437,"column":45}},"loc":{"start":{"line":437,"column":64},"end":{"line":479,"column":1}},"line":437},"23":{"name":"(anonymous_23)","decl":{"start":{"line":456,"column":29},"end":{"line":456,"column":30}},"loc":{"start":{"line":456,"column":36},"end":{"line":470,"column":5}},"line":456}},"branchMap":{"0":{"loc":{"start":{"line":4,"column":24},"end":{"line":4,"column":42}},"type":"default-arg","locations":[{"start":{"line":4,"column":39},"end":{"line":4,"column":42}}],"line":4},"1":{"loc":{"start":{"line":10,"column":4},"end":{"line":12,"column":5}},"type":"if","locations":[{"start":{"line":10,"column":4},"end":{"line":12,"column":5}},{"start":{},"end":{}}],"line":10},"2":{"loc":{"start":{"line":15,"column":4},"end":{"line":15,"column":63}},"type":"if","locations":[{"start":{"line":15,"column":4},"end":{"line":15,"column":63}},{"start":{},"end":{}}],"line":15},"3":{"loc":{"start":{"line":17,"column":6},"end":{"line":17,"column":29}},"type":"if","locations":[{"start":{"line":17,"column":6},"end":{"line":17,"column":29}},{"start":{},"end":{}}],"line":17},"4":{"loc":{"start":{"line":18,"column":6},"end":{"line":20,"column":7}},"type":"if","locations":[{"start":{"line":18,"column":6},"end":{"line":20,"column":7}},{"start":{},"end":{}}],"line":18},"5":{"loc":{"start":{"line":18,"column":10},"end":{"line":18,"column":114}},"type":"binary-expr","locations":[{"start":{"line":18,"column":10},"end":{"line":18,"column":26}},{"start":{"line":18,"column":30},"end":{"line":18,"column":70}},{"start":{"line":18,"column":74},"end":{"line":18,"column":114}}],"line":18},"6":{"loc":{"start":{"line":21,"column":14},"end":{"line":21,"column":25}},"type":"default-arg","locations":[{"start":{"line":21,"column":23},"end":{"line":21,"column":25}}],"line":21},"7":{"loc":{"start":{"line":21,"column":27},"end":{"line":21,"column":36}},"type":"default-arg","locations":[{"start":{"line":21,"column":34},"end":{"line":21,"column":36}}],"line":21},"8":{"loc":{"start":{"line":21,"column":38},"end":{"line":21,"column":50}},"type":"default-arg","locations":[{"start":{"line":21,"column":48},"end":{"line":21,"column":50}}],"line":21},"9":{"loc":{"start":{"line":28,"column":4},"end":{"line":31,"column":5}},"type":"if","locations":[{"start":{"line":28,"column":4},"end":{"line":31,"column":5}},{"start":{},"end":{}}],"line":28},"10":{"loc":{"start":{"line":41,"column":6},"end":{"line":41,"column":46}},"type":"if","locations":[{"start":{"line":41,"column":6},"end":{"line":41,"column":46}},{"start":{},"end":{}}],"line":41},"11":{"loc":{"start":{"line":41,"column":10},"end":{"line":41,"column":28}},"type":"binary-expr","locations":[{"start":{"line":41,"column":10},"end":{"line":41,"column":17}},{"start":{"line":41,"column":21},"end":{"line":41,"column":28}}],"line":41},"12":{"loc":{"start":{"line":54,"column":6},"end":{"line":54,"column":62}},"type":"if","locations":[{"start":{"line":54,"column":6},"end":{"line":54,"column":62}},{"start":{},"end":{}}],"line":54},"13":{"loc":{"start":{"line":56,"column":6},"end":{"line":56,"column":53}},"type":"if","locations":[{"start":{"line":56,"column":6},"end":{"line":56,"column":53}},{"start":{},"end":{}}],"line":56},"14":{"loc":{"start":{"line":57,"column":6},"end":{"line":61,"column":7}},"type":"if","locations":[{"start":{"line":57,"column":6},"end":{"line":61,"column":7}},{"start":{},"end":{}}],"line":57},"15":{"loc":{"start":{"line":60,"column":14},"end":{"line":60,"column":65}},"type":"binary-expr","locations":[{"start":{"line":60,"column":14},"end":{"line":60,"column":28}},{"start":{"line":60,"column":32},"end":{"line":60,"column":65}}],"line":60},"16":{"loc":{"start":{"line":63,"column":23},"end":{"line":63,"column":90}},"type":"binary-expr","locations":[{"start":{"line":63,"column":23},"end":{"line":63,"column":43}},{"start":{"line":63,"column":47},"end":{"line":63,"column":90}}],"line":63},"17":{"loc":{"start":{"line":67,"column":4},"end":{"line":69,"column":5}},"type":"if","locations":[{"start":{"line":67,"column":4},"end":{"line":69,"column":5}},{"start":{},"end":{}}],"line":67},"18":{"loc":{"start":{"line":88,"column":6},"end":{"line":91,"column":7}},"type":"if","locations":[{"start":{"line":88,"column":6},"end":{"line":91,"column":7}},{"start":{},"end":{}}],"line":88},"19":{"loc":{"start":{"line":89,"column":35},"end":{"line":89,"column":63}},"type":"binary-expr","locations":[{"start":{"line":89,"column":35},"end":{"line":89,"column":58}},{"start":{"line":89,"column":62},"end":{"line":89,"column":63}}],"line":89},"20":{"loc":{"start":{"line":120,"column":4},"end":{"line":124,"column":5}},"type":"if","locations":[{"start":{"line":120,"column":4},"end":{"line":124,"column":5}},{"start":{},"end":{}}],"line":120},"21":{"loc":{"start":{"line":120,"column":8},"end":{"line":120,"column":49}},"type":"binary-expr","locations":[{"start":{"line":120,"column":8},"end":{"line":120,"column":21}},{"start":{"line":120,"column":25},"end":{"line":120,"column":49}}],"line":120},"22":{"loc":{"start":{"line":137,"column":4},"end":{"line":142,"column":5}},"type":"if","locations":[{"start":{"line":137,"column":4},"end":{"line":142,"column":5}},{"start":{},"end":{}}],"line":137},"23":{"loc":{"start":{"line":137,"column":8},"end":{"line":137,"column":111}},"type":"binary-expr","locations":[{"start":{"line":137,"column":8},"end":{"line":137,"column":36}},{"start":{"line":137,"column":40},"end":{"line":137,"column":111}}],"line":137},"24":{"loc":{"start":{"line":137,"column":69},"end":{"line":137,"column":110}},"type":"binary-expr","locations":[{"start":{"line":137,"column":69},"end":{"line":137,"column":83}},{"start":{"line":137,"column":87},"end":{"line":137,"column":110}}],"line":137},"25":{"loc":{"start":{"line":145,"column":4},"end":{"line":147,"column":5}},"type":"if","locations":[{"start":{"line":145,"column":4},"end":{"line":147,"column":5}},{"start":{},"end":{}}],"line":145},"26":{"loc":{"start":{"line":145,"column":8},"end":{"line":145,"column":59}},"type":"binary-expr","locations":[{"start":{"line":145,"column":8},"end":{"line":145,"column":33}},{"start":{"line":145,"column":37},"end":{"line":145,"column":59}}],"line":145},"27":{"loc":{"start":{"line":150,"column":43},"end":{"line":150,"column":78}},"type":"binary-expr","locations":[{"start":{"line":150,"column":43},"end":{"line":150,"column":55}},{"start":{"line":150,"column":59},"end":{"line":150,"column":69}},{"start":{"line":150,"column":73},"end":{"line":150,"column":78}}],"line":150},"28":{"loc":{"start":{"line":153,"column":4},"end":{"line":155,"column":5}},"type":"if","locations":[{"start":{"line":153,"column":4},"end":{"line":155,"column":5}},{"start":{},"end":{}}],"line":153},"29":{"loc":{"start":{"line":160,"column":6},"end":{"line":162,"column":7}},"type":"if","locations":[{"start":{"line":160,"column":6},"end":{"line":162,"column":7}},{"start":{},"end":{}}],"line":160},"30":{"loc":{"start":{"line":166,"column":59},"end":{"line":166,"column":97}},"type":"binary-expr","locations":[{"start":{"line":166,"column":59},"end":{"line":166,"column":72}},{"start":{"line":166,"column":76},"end":{"line":166,"column":87}},{"start":{"line":166,"column":91},"end":{"line":166,"column":97}}],"line":166},"31":{"loc":{"start":{"line":167,"column":18},"end":{"line":167,"column":42}},"type":"binary-expr","locations":[{"start":{"line":167,"column":18},"end":{"line":167,"column":37}},{"start":{"line":167,"column":41},"end":{"line":167,"column":42}}],"line":167},"32":{"loc":{"start":{"line":182,"column":25},"end":{"line":182,"column":141}},"type":"cond-expr","locations":[{"start":{"line":182,"column":101},"end":{"line":182,"column":117}},{"start":{"line":182,"column":120},"end":{"line":182,"column":141}}],"line":182},"33":{"loc":{"start":{"line":182,"column":25},"end":{"line":182,"column":98}},"type":"binary-expr","locations":[{"start":{"line":182,"column":25},"end":{"line":182,"column":41}},{"start":{"line":182,"column":45},"end":{"line":182,"column":98}}],"line":182},"34":{"loc":{"start":{"line":185,"column":30},"end":{"line":187,"column":17}},"type":"cond-expr","locations":[{"start":{"line":186,"column":8},"end":{"line":186,"column":27}},{"start":{"line":187,"column":8},"end":{"line":187,"column":17}}],"line":185},"35":{"loc":{"start":{"line":191,"column":18},"end":{"line":191,"column":42}},"type":"binary-expr","locations":[{"start":{"line":191,"column":18},"end":{"line":191,"column":37}},{"start":{"line":191,"column":41},"end":{"line":191,"column":42}}],"line":191},"36":{"loc":{"start":{"line":192,"column":6},"end":{"line":195,"column":7}},"type":"if","locations":[{"start":{"line":192,"column":6},"end":{"line":195,"column":7}},{"start":{},"end":{}}],"line":192},"37":{"loc":{"start":{"line":192,"column":10},"end":{"line":192,"column":29}},"type":"binary-expr","locations":[{"start":{"line":192,"column":10},"end":{"line":192,"column":12}},{"start":{"line":192,"column":16},"end":{"line":192,"column":29}}],"line":192},"38":{"loc":{"start":{"line":193,"column":27},"end":{"line":193,"column":55}},"type":"binary-expr","locations":[{"start":{"line":193,"column":27},"end":{"line":193,"column":50}},{"start":{"line":193,"column":54},"end":{"line":193,"column":55}}],"line":193},"39":{"loc":{"start":{"line":202,"column":4},"end":{"line":223,"column":5}},"type":"if","locations":[{"start":{"line":202,"column":4},"end":{"line":223,"column":5}},{"start":{},"end":{}}],"line":202},"40":{"loc":{"start":{"line":202,"column":8},"end":{"line":202,"column":84}},"type":"binary-expr","locations":[{"start":{"line":202,"column":8},"end":{"line":202,"column":31}},{"start":{"line":202,"column":35},"end":{"line":202,"column":56}},{"start":{"line":202,"column":60},"end":{"line":202,"column":84}}],"line":202},"41":{"loc":{"start":{"line":212,"column":6},"end":{"line":222,"column":7}},"type":"if","locations":[{"start":{"line":212,"column":6},"end":{"line":222,"column":7}},{"start":{"line":214,"column":13},"end":{"line":222,"column":7}}],"line":212},"42":{"loc":{"start":{"line":258,"column":4},"end":{"line":263,"column":5}},"type":"if","locations":[{"start":{"line":258,"column":4},"end":{"line":263,"column":5}},{"start":{},"end":{}}],"line":258},"43":{"loc":{"start":{"line":258,"column":8},"end":{"line":258,"column":71}},"type":"binary-expr","locations":[{"start":{"line":258,"column":8},"end":{"line":258,"column":42}},{"start":{"line":258,"column":46},"end":{"line":258,"column":71}}],"line":258},"44":{"loc":{"start":{"line":267,"column":4},"end":{"line":273,"column":5}},"type":"if","locations":[{"start":{"line":267,"column":4},"end":{"line":273,"column":5}},{"start":{"line":269,"column":11},"end":{"line":273,"column":5}}],"line":267},"45":{"loc":{"start":{"line":269,"column":11},"end":{"line":273,"column":5}},"type":"if","locations":[{"start":{"line":269,"column":11},"end":{"line":273,"column":5}},{"start":{"line":271,"column":11},"end":{"line":273,"column":5}}],"line":269},"46":{"loc":{"start":{"line":271,"column":11},"end":{"line":273,"column":5}},"type":"if","locations":[{"start":{"line":271,"column":11},"end":{"line":273,"column":5}},{"start":{},"end":{}}],"line":271},"47":{"loc":{"start":{"line":278,"column":4},"end":{"line":282,"column":5}},"type":"if","locations":[{"start":{"line":278,"column":4},"end":{"line":282,"column":5}},{"start":{},"end":{}}],"line":278},"48":{"loc":{"start":{"line":288,"column":18},"end":{"line":288,"column":47}},"type":"cond-expr","locations":[{"start":{"line":288,"column":31},"end":{"line":288,"column":43}},{"start":{"line":288,"column":46},"end":{"line":288,"column":47}}],"line":288},"49":{"loc":{"start":{"line":289,"column":6},"end":{"line":293,"column":7}},"type":"if","locations":[{"start":{"line":289,"column":6},"end":{"line":293,"column":7}},{"start":{},"end":{}}],"line":289},"50":{"loc":{"start":{"line":289,"column":10},"end":{"line":289,"column":66}},"type":"binary-expr","locations":[{"start":{"line":289,"column":10},"end":{"line":289,"column":26}},{"start":{"line":289,"column":30},"end":{"line":289,"column":66}}],"line":289},"51":{"loc":{"start":{"line":290,"column":25},"end":{"line":290,"column":87}},"type":"binary-expr","locations":[{"start":{"line":290,"column":25},"end":{"line":290,"column":56}},{"start":{"line":290,"column":60},"end":{"line":290,"column":81}},{"start":{"line":290,"column":85},"end":{"line":290,"column":87}}],"line":290},"52":{"loc":{"start":{"line":291,"column":28},"end":{"line":291,"column":60}},"type":"binary-expr","locations":[{"start":{"line":291,"column":28},"end":{"line":291,"column":52}},{"start":{"line":291,"column":56},"end":{"line":291,"column":60}}],"line":291},"53":{"loc":{"start":{"line":292,"column":27},"end":{"line":292,"column":100}},"type":"cond-expr","locations":[{"start":{"line":292,"column":50},"end":{"line":292,"column":81}},{"start":{"line":292,"column":84},"end":{"line":292,"column":100}}],"line":292},"54":{"loc":{"start":{"line":294,"column":6},"end":{"line":300,"column":7}},"type":"if","locations":[{"start":{"line":294,"column":6},"end":{"line":300,"column":7}},{"start":{},"end":{}}],"line":294},"55":{"loc":{"start":{"line":294,"column":10},"end":{"line":294,"column":62}},"type":"binary-expr","locations":[{"start":{"line":294,"column":10},"end":{"line":294,"column":24}},{"start":{"line":294,"column":28},"end":{"line":294,"column":62}}],"line":294},"56":{"loc":{"start":{"line":295,"column":27},"end":{"line":295,"column":52}},"type":"binary-expr","locations":[{"start":{"line":295,"column":27},"end":{"line":295,"column":46}},{"start":{"line":295,"column":50},"end":{"line":295,"column":52}}],"line":295},"57":{"loc":{"start":{"line":296,"column":28},"end":{"line":296,"column":54}},"type":"binary-expr","locations":[{"start":{"line":296,"column":28},"end":{"line":296,"column":48}},{"start":{"line":296,"column":52},"end":{"line":296,"column":54}}],"line":296},"58":{"loc":{"start":{"line":298,"column":8},"end":{"line":298,"column":105}},"type":"if","locations":[{"start":{"line":298,"column":8},"end":{"line":298,"column":105}},{"start":{},"end":{}}],"line":298},"59":{"loc":{"start":{"line":298,"column":12},"end":{"line":298,"column":58}},"type":"binary-expr","locations":[{"start":{"line":298,"column":12},"end":{"line":298,"column":32}},{"start":{"line":298,"column":36},"end":{"line":298,"column":58}}],"line":298},"60":{"loc":{"start":{"line":299,"column":25},"end":{"line":299,"column":92}},"type":"cond-expr","locations":[{"start":{"line":299,"column":46},"end":{"line":299,"column":75}},{"start":{"line":299,"column":78},"end":{"line":299,"column":92}}],"line":299},"61":{"loc":{"start":{"line":321,"column":4},"end":{"line":326,"column":5}},"type":"if","locations":[{"start":{"line":321,"column":4},"end":{"line":326,"column":5}},{"start":{},"end":{}}],"line":321},"62":{"loc":{"start":{"line":345,"column":4},"end":{"line":350,"column":5}},"type":"if","locations":[{"start":{"line":345,"column":4},"end":{"line":350,"column":5}},{"start":{},"end":{}}],"line":345},"63":{"loc":{"start":{"line":353,"column":4},"end":{"line":358,"column":5}},"type":"if","locations":[{"start":{"line":353,"column":4},"end":{"line":358,"column":5}},{"start":{},"end":{}}],"line":353},"64":{"loc":{"start":{"line":353,"column":8},"end":{"line":353,"column":89}},"type":"binary-expr","locations":[{"start":{"line":353,"column":8},"end":{"line":353,"column":30}},{"start":{"line":353,"column":34},"end":{"line":353,"column":89}}],"line":353},"65":{"loc":{"start":{"line":360,"column":4},"end":{"line":366,"column":5}},"type":"if","locations":[{"start":{"line":360,"column":4},"end":{"line":366,"column":5}},{"start":{},"end":{}}],"line":360},"66":{"loc":{"start":{"line":360,"column":8},"end":{"line":361,"column":65}},"type":"binary-expr","locations":[{"start":{"line":360,"column":8},"end":{"line":360,"column":59}},{"start":{"line":361,"column":8},"end":{"line":361,"column":65}}],"line":360},"67":{"loc":{"start":{"line":368,"column":4},"end":{"line":374,"column":5}},"type":"if","locations":[{"start":{"line":368,"column":4},"end":{"line":374,"column":5}},{"start":{},"end":{}}],"line":368},"68":{"loc":{"start":{"line":368,"column":8},"end":{"line":369,"column":34}},"type":"binary-expr","locations":[{"start":{"line":368,"column":8},"end":{"line":368,"column":90}},{"start":{"line":369,"column":8},"end":{"line":369,"column":34}}],"line":368},"69":{"loc":{"start":{"line":382,"column":4},"end":{"line":384,"column":5}},"type":"if","locations":[{"start":{"line":382,"column":4},"end":{"line":384,"column":5}},{"start":{},"end":{}}],"line":382},"70":{"loc":{"start":{"line":382,"column":8},"end":{"line":382,"column":48}},"type":"binary-expr","locations":[{"start":{"line":382,"column":8},"end":{"line":382,"column":16}},{"start":{"line":382,"column":20},"end":{"line":382,"column":48}}],"line":382},"71":{"loc":{"start":{"line":388,"column":6},"end":{"line":391,"column":7}},"type":"if","locations":[{"start":{"line":388,"column":6},"end":{"line":391,"column":7}},{"start":{},"end":{}}],"line":388},"72":{"loc":{"start":{"line":388,"column":10},"end":{"line":388,"column":89}},"type":"binary-expr","locations":[{"start":{"line":388,"column":10},"end":{"line":388,"column":32}},{"start":{"line":388,"column":36},"end":{"line":388,"column":61}},{"start":{"line":388,"column":65},"end":{"line":388,"column":89}}],"line":388},"73":{"loc":{"start":{"line":394,"column":6},"end":{"line":404,"column":7}},"type":"if","locations":[{"start":{"line":394,"column":6},"end":{"line":404,"column":7}},{"start":{},"end":{}}],"line":394},"74":{"loc":{"start":{"line":394,"column":10},"end":{"line":394,"column":81}},"type":"binary-expr","locations":[{"start":{"line":394,"column":10},"end":{"line":394,"column":32}},{"start":{"line":394,"column":36},"end":{"line":394,"column":50}},{"start":{"line":394,"column":54},"end":{"line":394,"column":81}}],"line":394},"75":{"loc":{"start":{"line":396,"column":8},"end":{"line":403,"column":9}},"type":"if","locations":[{"start":{"line":396,"column":8},"end":{"line":403,"column":9}},{"start":{},"end":{}}],"line":396},"76":{"loc":{"start":{"line":398,"column":10},"end":{"line":402,"column":11}},"type":"if","locations":[{"start":{"line":398,"column":10},"end":{"line":402,"column":11}},{"start":{},"end":{}}],"line":398},"77":{"loc":{"start":{"line":409,"column":6},"end":{"line":421,"column":7}},"type":"if","locations":[{"start":{"line":409,"column":6},"end":{"line":421,"column":7}},{"start":{},"end":{}}],"line":409},"78":{"loc":{"start":{"line":409,"column":10},"end":{"line":409,"column":74}},"type":"binary-expr","locations":[{"start":{"line":409,"column":10},"end":{"line":409,"column":38}},{"start":{"line":409,"column":42},"end":{"line":409,"column":62}},{"start":{"line":409,"column":66},"end":{"line":409,"column":74}}],"line":409},"79":{"loc":{"start":{"line":439,"column":4},"end":{"line":444,"column":5}},"type":"if","locations":[{"start":{"line":439,"column":4},"end":{"line":444,"column":5}},{"start":{},"end":{}}],"line":439},"80":{"loc":{"start":{"line":457,"column":18},"end":{"line":457,"column":47}},"type":"cond-expr","locations":[{"start":{"line":457,"column":31},"end":{"line":457,"column":43}},{"start":{"line":457,"column":46},"end":{"line":457,"column":47}}],"line":457},"81":{"loc":{"start":{"line":458,"column":6},"end":{"line":462,"column":7}},"type":"if","locations":[{"start":{"line":458,"column":6},"end":{"line":462,"column":7}},{"start":{},"end":{}}],"line":458},"82":{"loc":{"start":{"line":458,"column":10},"end":{"line":458,"column":66}},"type":"binary-expr","locations":[{"start":{"line":458,"column":10},"end":{"line":458,"column":26}},{"start":{"line":458,"column":30},"end":{"line":458,"column":66}}],"line":458},"83":{"loc":{"start":{"line":459,"column":25},"end":{"line":459,"column":87}},"type":"binary-expr","locations":[{"start":{"line":459,"column":25},"end":{"line":459,"column":56}},{"start":{"line":459,"column":60},"end":{"line":459,"column":81}},{"start":{"line":459,"column":85},"end":{"line":459,"column":87}}],"line":459},"84":{"loc":{"start":{"line":460,"column":28},"end":{"line":460,"column":60}},"type":"binary-expr","locations":[{"start":{"line":460,"column":28},"end":{"line":460,"column":52}},{"start":{"line":460,"column":56},"end":{"line":460,"column":60}}],"line":460},"85":{"loc":{"start":{"line":461,"column":27},"end":{"line":461,"column":100}},"type":"cond-expr","locations":[{"start":{"line":461,"column":50},"end":{"line":461,"column":81}},{"start":{"line":461,"column":84},"end":{"line":461,"column":100}}],"line":461},"86":{"loc":{"start":{"line":463,"column":6},"end":{"line":468,"column":7}},"type":"if","locations":[{"start":{"line":463,"column":6},"end":{"line":468,"column":7}},{"start":{},"end":{}}],"line":463},"87":{"loc":{"start":{"line":463,"column":10},"end":{"line":463,"column":62}},"type":"binary-expr","locations":[{"start":{"line":463,"column":10},"end":{"line":463,"column":24}},{"start":{"line":463,"column":28},"end":{"line":463,"column":62}}],"line":463},"88":{"loc":{"start":{"line":464,"column":27},"end":{"line":464,"column":52}},"type":"binary-expr","locations":[{"start":{"line":464,"column":27},"end":{"line":464,"column":46}},{"start":{"line":464,"column":50},"end":{"line":464,"column":52}}],"line":464},"89":{"loc":{"start":{"line":465,"column":28},"end":{"line":465,"column":54}},"type":"binary-expr","locations":[{"start":{"line":465,"column":28},"end":{"line":465,"column":48}},{"start":{"line":465,"column":52},"end":{"line":465,"column":54}}],"line":465},"90":{"loc":{"start":{"line":466,"column":8},"end":{"line":466,"column":105}},"type":"if","locations":[{"start":{"line":466,"column":8},"end":{"line":466,"column":105}},{"start":{},"end":{}}],"line":466},"91":{"loc":{"start":{"line":466,"column":12},"end":{"line":466,"column":58}},"type":"binary-expr","locations":[{"start":{"line":466,"column":12},"end":{"line":466,"column":32}},{"start":{"line":466,"column":36},"end":{"line":466,"column":58}}],"line":466},"92":{"loc":{"start":{"line":467,"column":25},"end":{"line":467,"column":92}},"type":"cond-expr","locations":[{"start":{"line":467,"column":46},"end":{"line":467,"column":75}},{"start":{"line":467,"column":78},"end":{"line":467,"column":92}}],"line":467}},"s":{"0":5,"1":13,"2":13,"3":13,"4":13,"5":13,"6":1,"7":12,"8":0,"9":12,"10":0,"11":0,"12":0,"13":0,"14":0,"15":0,"16":0,"17":0,"18":0,"19":0,"20":0,"21":12,"22":0,"23":0,"24":0,"25":12,"26":13,"27":0,"28":13,"29":13,"30":52,"31":13,"32":13,"33":13,"34":13,"35":13,"36":12,"37":25,"38":12,"39":13,"40":0,"41":13,"42":0,"43":0,"44":0,"45":0,"46":13,"47":13,"48":13,"49":12,"50":4,"51":8,"52":8,"53":8,"54":8,"55":8,"56":17,"57":8,"58":17,"59":17,"60":17,"61":37,"62":17,"63":17,"64":17,"65":17,"66":17,"67":17,"68":17,"69":8,"70":0,"71":0,"72":18,"73":18,"74":18,"75":18,"76":16,"77":4,"78":4,"79":4,"80":12,"81":2,"82":2,"83":5,"84":20,"85":20,"86":20,"87":1,"88":19,"89":0,"90":19,"91":19,"92":19,"93":19,"94":0,"95":19,"96":19,"97":19,"98":0,"99":19,"100":19,"101":19,"102":19,"103":19,"104":19,"105":19,"106":19,"107":19,"108":19,"109":19,"110":19,"111":19,"112":19,"113":19,"114":19,"115":19,"116":0,"117":0,"118":19,"119":19,"120":19,"121":19,"122":18,"123":18,"124":18,"125":18,"126":4,"127":14,"128":14,"129":383,"130":14,"131":14,"132":14,"133":19,"134":19,"135":19,"136":0,"137":0,"138":5,"139":1,"140":1,"141":1,"142":0,"143":1,"144":1,"145":1,"146":0,"147":0,"148":0,"149":0,"150":1,"151":1,"152":0,"153":1,"154":1,"155":1,"156":1,"157":1,"158":1,"159":1,"160":1,"161":1,"162":1,"163":1,"164":0,"165":1,"166":1,"167":1,"168":0,"169":0,"170":5,"171":0,"172":0,"173":0,"174":0,"175":0,"176":0,"177":0,"178":0,"179":5,"180":5,"181":5,"182":5,"183":5,"184":5,"185":0,"186":5,"187":0,"188":5,"189":0,"190":5,"191":0,"192":5,"193":5,"194":5,"195":1,"196":5,"197":5,"198":1,"199":1,"200":5,"201":1,"202":1,"203":1,"204":1,"205":1,"206":1,"207":1,"208":5,"209":5,"210":1,"211":1,"212":1,"213":1,"214":1,"215":1,"216":5,"217":0,"218":0,"219":0,"220":5,"221":1,"222":1,"223":0,"224":1,"225":1,"226":2,"227":2,"228":2,"229":2,"230":2,"231":2,"232":2,"233":2,"234":2,"235":0,"236":2,"237":2,"238":1,"239":0},"f":{"0":13,"1":0,"2":0,"3":13,"4":52,"5":25,"6":17,"7":37,"8":18,"9":20,"10":19,"11":19,"12":19,"13":19,"14":19,"15":19,"16":18,"17":383,"18":1,"19":1,"20":0,"21":5,"22":1,"23":2},"b":{"0":[5],"1":[1,12],"2":[0,12],"3":[0,0],"4":[0,0],"5":[0,0,0],"6":[0],"7":[0],"8":[0],"9":[0,12],"10":[0,13],"11":[13,13],"12":[12,13],"13":[0,13],"14":[0,13],"15":[0,0],"16":[13,10],"17":[4,8],"18":[17,0],"19":[17,11],"20":[4,12],"21":[16,16],"22":[1,19],"23":[20,20],"24":[20,0],"25":[0,19],"26":[19,19],"27":[19,0,0],"28":[0,19],"29":[0,19],"30":[19,0,0],"31":[19,0],"32":[19,0],"33":[19,19],"34":[18,1],"35":[19,0],"36":[0,19],"37":[19,19],"38":[0,0],"39":[18,1],"40":[19,18,18],"41":[4,14],"42":[0,1],"43":[1,0],"44":[1,0],"45":[0,0],"46":[0,0],"47":[0,1],"48":[1,0],"49":[1,0],"50":[1,1],"51":[1,1,1],"52":[1,1],"53":[1,0],"54":[1,0],"55":[1,1],"56":[1,1],"57":[1,1],"58":[0,1],"59":[1,1],"60":[1,0],"61":[0,0],"62":[0,5],"63":[0,5],"64":[5,0],"65":[0,5],"66":[5,2],"67":[0,5],"68":[5,2],"69":[1,4],"70":[5,1],"71":[1,4],"72":[5,1,1],"73":[1,4],"74":[5,1,1],"75":[1,0],"76":[1,0],"77":[1,4],"78":[5,1,1],"79":[0,1],"80":[2,0],"81":[2,0],"82":[2,2],"83":[2,0,0],"84":[2,2],"85":[2,0],"86":[2,0],"87":[2,2],"88":[2,0],"89":[2,2],"90":[0,2],"91":[2,0],"92":[2,0]},"inputSourceMap":null,"_coverageSchema":"1a1c01bbd47fc00a2c39e90264f33305004495a9","hash":"c14d0138be78f70998623454e6bdfcc194428d0d"}
,"/Users/yashdive/NCSU/NCSU Projects/Software_Engineering/proj2/Ecobites/server/src/controller/profile.controller.js": {"path":"/Users/yashdive/NCSU/NCSU Projects/Software_Engineering/proj2/Ecobites/server/src/controller/profile.controller.js","statementMap":{"0":{"start":{"line":6,"column":16},"end":{"line":6,"column":68}},"1":{"start":{"line":7,"column":14},"end":{"line":7,"column":81}},"2":{"start":{"line":8,"column":19},"end":{"line":10,"column":4}},"3":{"start":{"line":11,"column":2},"end":{"line":14,"column":3}},"4":{"start":{"line":12,"column":25},"end":{"line":12,"column":41}},"5":{"start":{"line":13,"column":4},"end":{"line":13,"column":58}},"6":{"start":{"line":15,"column":2},"end":{"line":15,"column":39}},"7":{"start":{"line":19,"column":27},"end":{"line":31,"column":1}},"8":{"start":{"line":20,"column":2},"end":{"line":30,"column":3}},"9":{"start":{"line":21,"column":38},"end":{"line":21,"column":46}},"10":{"start":{"line":22,"column":4},"end":{"line":24,"column":5}},"11":{"start":{"line":23,"column":6},"end":{"line":23,"column":89}},"12":{"start":{"line":26,"column":24},"end":{"line":26,"column":71}},"13":{"start":{"line":27,"column":4},"end":{"line":27,"column":45}},"14":{"start":{"line":29,"column":4},"end":{"line":29,"column":69}},"15":{"start":{"line":33,"column":29},"end":{"line":53,"column":1}},"16":{"start":{"line":34,"column":2},"end":{"line":52,"column":3}},"17":{"start":{"line":35,"column":19},"end":{"line":35,"column":31}},"18":{"start":{"line":36,"column":38},"end":{"line":36,"column":46}},"19":{"start":{"line":37,"column":4},"end":{"line":39,"column":5}},"20":{"start":{"line":38,"column":6},"end":{"line":38,"column":89}},"21":{"start":{"line":41,"column":24},"end":{"line":41,"column":71}},"22":{"start":{"line":43,"column":20},"end":{"line":47,"column":25}},"23":{"start":{"line":48,"column":4},"end":{"line":48,"column":93}},"24":{"start":{"line":48,"column":18},"end":{"line":48,"column":93}},"25":{"start":{"line":49,"column":4},"end":{"line":49,"column":58}},"26":{"start":{"line":51,"column":4},"end":{"line":51,"column":69}}},"fnMap":{"0":{"name":"geocodeAddress","decl":{"start":{"line":5,"column":15},"end":{"line":5,"column":29}},"loc":{"start":{"line":5,"column":57},"end":{"line":16,"column":1}},"line":5},"1":{"name":"(anonymous_1)","decl":{"start":{"line":19,"column":27},"end":{"line":19,"column":28}},"loc":{"start":{"line":19,"column":47},"end":{"line":31,"column":1}},"line":19},"2":{"name":"(anonymous_2)","decl":{"start":{"line":33,"column":29},"end":{"line":33,"column":30}},"loc":{"start":{"line":33,"column":49},"end":{"line":53,"column":1}},"line":33}},"branchMap":{"0":{"loc":{"start":{"line":11,"column":2},"end":{"line":14,"column":3}},"type":"if","locations":[{"start":{"line":11,"column":2},"end":{"line":14,"column":3}},{"start":{},"end":{}}],"line":11},"1":{"loc":{"start":{"line":11,"column":6},"end":{"line":11,"column":47}},"type":"binary-expr","locations":[{"start":{"line":11,"column":6},"end":{"line":11,"column":19}},{"start":{"line":11,"column":23},"end":{"line":11,"column":47}}],"line":11},"2":{"loc":{"start":{"line":22,"column":4},"end":{"line":24,"column":5}},"type":"if","locations":[{"start":{"line":22,"column":4},"end":{"line":24,"column":5}},{"start":{},"end":{}}],"line":22},"3":{"loc":{"start":{"line":22,"column":8},"end":{"line":22,"column":36}},"type":"binary-expr","locations":[{"start":{"line":22,"column":8},"end":{"line":22,"column":15}},{"start":{"line":22,"column":19},"end":{"line":22,"column":24}},{"start":{"line":22,"column":28},"end":{"line":22,"column":36}}],"line":22},"4":{"loc":{"start":{"line":37,"column":4},"end":{"line":39,"column":5}},"type":"if","locations":[{"start":{"line":37,"column":4},"end":{"line":39,"column":5}},{"start":{},"end":{}}],"line":37},"5":{"loc":{"start":{"line":37,"column":8},"end":{"line":37,"column":36}},"type":"binary-expr","locations":[{"start":{"line":37,"column":8},"end":{"line":37,"column":15}},{"start":{"line":37,"column":19},"end":{"line":37,"column":24}},{"start":{"line":37,"column":28},"end":{"line":37,"column":36}}],"line":37},"6":{"loc":{"start":{"line":48,"column":4},"end":{"line":48,"column":93}},"type":"if","locations":[{"start":{"line":48,"column":4},"end":{"line":48,"column":93}},{"start":{},"end":{}}],"line":48}},"s":{"0":0,"1":0,"2":0,"3":0,"4":0,"5":0,"6":0,"7":5,"8":0,"9":0,"10":0,"11":0,"12":0,"13":0,"14":0,"15":5,"16":0,"17":0,"18":0,"19":0,"20":0,"21":0,"22":0,"23":0,"24":0,"25":0,"26":0},"f":{"0":0,"1":0,"2":0},"b":{"0":[0,0],"1":[0,0],"2":[0,0],"3":[0,0,0],"4":[0,0],"5":[0,0,0],"6":[0,0]},"inputSourceMap":null,"_coverageSchema":"1a1c01bbd47fc00a2c39e90264f33305004495a9","hash":"b527c8b07ce93560c411694745abc51c19daa3a5"}
,"/Users/yashdive/NCSU/NCSU Projects/Software_Engineering/proj2/Ecobites/server/src/controller/restaurant.controller.js": {"path":"/Users/yashdive/NCSU/NCSU Projects/Software_Engineering/proj2/Ecobites/server/src/controller/restaurant.controller.js","statementMap":{"0":{"start":{"line":2,"column":33},"end":{"line":19,"column":1}},"1":{"start":{"line":3,"column":2},"end":{"line":18,"column":3}},"2":{"start":{"line":4,"column":24},"end":{"line":6,"column":34}},"3":{"start":{"line":8,"column":4},"end":{"line":12,"column":7}},"4":{"start":{"line":14,"column":4},"end":{"line":17,"column":7}},"5":{"start":{"line":21,"column":33},"end":{"line":45,"column":1}},"6":{"start":{"line":22,"column":2},"end":{"line":44,"column":3}},"7":{"start":{"line":23,"column":19},"end":{"line":23,"column":29}},"8":{"start":{"line":25,"column":23},"end":{"line":26,"column":26}},"9":{"start":{"line":28,"column":4},"end":{"line":33,"column":5}},"10":{"start":{"line":29,"column":6},"end":{"line":32,"column":9}},"11":{"start":{"line":35,"column":4},"end":{"line":38,"column":7}},"12":{"start":{"line":40,"column":4},"end":{"line":43,"column":7}}},"fnMap":{"0":{"name":"(anonymous_0)","decl":{"start":{"line":2,"column":33},"end":{"line":2,"column":34}},"loc":{"start":{"line":2,"column":53},"end":{"line":19,"column":1}},"line":2},"1":{"name":"(anonymous_1)","decl":{"start":{"line":21,"column":33},"end":{"line":21,"column":34}},"loc":{"start":{"line":21,"column":53},"end":{"line":45,"column":1}},"line":21}},"branchMap":{"0":{"loc":{"start":{"line":28,"column":4},"end":{"line":33,"column":5}},"type":"if","locations":[{"start":{"line":28,"column":4},"end":{"line":33,"column":5}},{"start":{},"end":{}}],"line":28}},"s":{"0":5,"1":0,"2":0,"3":0,"4":0,"5":5,"6":0,"7":0,"8":0,"9":0,"10":0,"11":0,"12":0},"f":{"0":0,"1":0},"b":{"0":[0,0]},"inputSourceMap":null,"_coverageSchema":"1a1c01bbd47fc00a2c39e90264f33305004495a9","hash":"f57dcce640cc6124a9717ff07f72d78c9305b92a"}
,"/Users/yashdive/NCSU/NCSU Projects/Software_Engineering/proj2/Ecobites/server/src/middleware/auth.middleware.js": {"path":"/Users/yashdive/NCSU/NCSU Projects/Software_Engineering/proj2/Ecobites/server/src/middleware/auth.middleware.js","statementMap":{"0":{"start":{"line":3,"column":19},"end":{"line":3,"column":83}},"1":{"start":{"line":5,"column":33},"end":{"line":21,"column":1}},"2":{"start":{"line":6,"column":21},"end":{"line":6,"column":49}},"3":{"start":{"line":7,"column":16},"end":{"line":7,"column":54}},"4":{"start":{"line":9,"column":2},"end":{"line":11,"column":3}},"5":{"start":{"line":10,"column":4},"end":{"line":10,"column":68}},"6":{"start":{"line":13,"column":2},"end":{"line":20,"column":5}},"7":{"start":{"line":14,"column":4},"end":{"line":16,"column":5}},"8":{"start":{"line":15,"column":6},"end":{"line":15,"column":73}},"9":{"start":{"line":18,"column":4},"end":{"line":18,"column":20}},"10":{"start":{"line":19,"column":4},"end":{"line":19,"column":11}},"11":{"start":{"line":24,"column":30},"end":{"line":38,"column":1}},"12":{"start":{"line":25,"column":2},"end":{"line":37,"column":4}},"13":{"start":{"line":27,"column":4},"end":{"line":29,"column":5}},"14":{"start":{"line":28,"column":6},"end":{"line":28,"column":61}},"15":{"start":{"line":36,"column":4},"end":{"line":36,"column":11}},"16":{"start":{"line":41,"column":23},"end":{"line":78,"column":1}},"17":{"start":{"line":42,"column":2},"end":{"line":77,"column":3}},"18":{"start":{"line":46,"column":4},"end":{"line":52,"column":5}},"19":{"start":{"line":47,"column":6},"end":{"line":47,"column":32}},"20":{"start":{"line":50,"column":9},"end":{"line":52,"column":5}},"21":{"start":{"line":51,"column":6},"end":{"line":51,"column":54}},"22":{"start":{"line":54,"column":4},"end":{"line":59,"column":5}},"23":{"start":{"line":55,"column":6},"end":{"line":58,"column":9}},"24":{"start":{"line":61,"column":20},"end":{"line":61,"column":49}},"25":{"start":{"line":62,"column":4},"end":{"line":62,"column":71}},"26":{"start":{"line":64,"column":4},"end":{"line":69,"column":5}},"27":{"start":{"line":65,"column":6},"end":{"line":68,"column":9}},"28":{"start":{"line":71,"column":4},"end":{"line":71,"column":11}},"29":{"start":{"line":73,"column":4},"end":{"line":76,"column":7}},"30":{"start":{"line":80,"column":25},"end":{"line":90,"column":1}},"31":{"start":{"line":81,"column":2},"end":{"line":89,"column":4}},"32":{"start":{"line":82,"column":4},"end":{"line":87,"column":5}},"33":{"start":{"line":83,"column":6},"end":{"line":86,"column":9}},"34":{"start":{"line":88,"column":4},"end":{"line":88,"column":11}}},"fnMap":{"0":{"name":"(anonymous_0)","decl":{"start":{"line":5,"column":33},"end":{"line":5,"column":34}},"loc":{"start":{"line":5,"column":53},"end":{"line":21,"column":1}},"line":5},"1":{"name":"(anonymous_1)","decl":{"start":{"line":13,"column":32},"end":{"line":13,"column":33}},"loc":{"start":{"line":13,"column":47},"end":{"line":20,"column":3}},"line":13},"2":{"name":"(anonymous_2)","decl":{"start":{"line":24,"column":30},"end":{"line":24,"column":31}},"loc":{"start":{"line":24,"column":44},"end":{"line":38,"column":1}},"line":24},"3":{"name":"(anonymous_3)","decl":{"start":{"line":25,"column":9},"end":{"line":25,"column":10}},"loc":{"start":{"line":25,"column":29},"end":{"line":37,"column":3}},"line":25},"4":{"name":"(anonymous_4)","decl":{"start":{"line":41,"column":23},"end":{"line":41,"column":24}},"loc":{"start":{"line":41,"column":49},"end":{"line":78,"column":1}},"line":41},"5":{"name":"(anonymous_5)","decl":{"start":{"line":80,"column":25},"end":{"line":80,"column":26}},"loc":{"start":{"line":80,"column":39},"end":{"line":90,"column":1}},"line":80},"6":{"name":"(anonymous_6)","decl":{"start":{"line":81,"column":9},"end":{"line":81,"column":10}},"loc":{"start":{"line":81,"column":29},"end":{"line":89,"column":3}},"line":81}},"branchMap":{"0":{"loc":{"start":{"line":3,"column":19},"end":{"line":3,"column":83}},"type":"binary-expr","locations":[{"start":{"line":3,"column":19},"end":{"line":3,"column":41}},{"start":{"line":3,"column":45},"end":{"line":3,"column":83}}],"line":3},"1":{"loc":{"start":{"line":7,"column":16},"end":{"line":7,"column":54}},"type":"binary-expr","locations":[{"start":{"line":7,"column":16},"end":{"line":7,"column":26}},{"start":{"line":7,"column":30},"end":{"line":7,"column":54}}],"line":7},"2":{"loc":{"start":{"line":9,"column":2},"end":{"line":11,"column":3}},"type":"if","locations":[{"start":{"line":9,"column":2},"end":{"line":11,"column":3}},{"start":{},"end":{}}],"line":9},"3":{"loc":{"start":{"line":14,"column":4},"end":{"line":16,"column":5}},"type":"if","locations":[{"start":{"line":14,"column":4},"end":{"line":16,"column":5}},{"start":{},"end":{}}],"line":14},"4":{"loc":{"start":{"line":27,"column":4},"end":{"line":29,"column":5}},"type":"if","locations":[{"start":{"line":27,"column":4},"end":{"line":29,"column":5}},{"start":{},"end":{}}],"line":27},"5":{"loc":{"start":{"line":46,"column":4},"end":{"line":52,"column":5}},"type":"if","locations":[{"start":{"line":46,"column":4},"end":{"line":52,"column":5}},{"start":{"line":50,"column":9},"end":{"line":52,"column":5}}],"line":46},"6":{"loc":{"start":{"line":46,"column":8},"end":{"line":46,"column":40}},"type":"binary-expr","locations":[{"start":{"line":46,"column":8},"end":{"line":46,"column":19}},{"start":{"line":46,"column":23},"end":{"line":46,"column":40}}],"line":46},"7":{"loc":{"start":{"line":50,"column":9},"end":{"line":52,"column":5}},"type":"if","locations":[{"start":{"line":50,"column":9},"end":{"line":52,"column":5}},{"start":{},"end":{}}],"line":50},"8":{"loc":{"start":{"line":50,"column":13},"end":{"line":50,"column":88}},"type":"binary-expr","locations":[{"start":{"line":50,"column":13},"end":{"line":50,"column":38}},{"start":{"line":50,"column":42},"end":{"line":50,"column":88}}],"line":50},"9":{"loc":{"start":{"line":54,"column":4},"end":{"line":59,"column":5}},"type":"if","locations":[{"start":{"line":54,"column":4},"end":{"line":59,"column":5}},{"start":{},"end":{}}],"line":54},"10":{"loc":{"start":{"line":64,"column":4},"end":{"line":69,"column":5}},"type":"if","locations":[{"start":{"line":64,"column":4},"end":{"line":69,"column":5}},{"start":{},"end":{}}],"line":64},"11":{"loc":{"start":{"line":82,"column":4},"end":{"line":87,"column":5}},"type":"if","locations":[{"start":{"line":82,"column":4},"end":{"line":87,"column":5}},{"start":{},"end":{}}],"line":82}},"s":{"0":5,"1":5,"2":0,"3":0,"4":0,"5":0,"6":0,"7":0,"8":0,"9":0,"10":0,"11":5,"12":0,"13":0,"14":0,"15":0,"16":5,"17":42,"18":42,"19":41,"20":1,"21":0,"22":42,"23":1,"24":41,"25":41,"26":41,"27":0,"28":41,"29":0,"30":5,"31":15,"32":1,"33":0,"34":1},"f":{"0":0,"1":0,"2":0,"3":0,"4":42,"5":15,"6":1},"b":{"0":[5,5],"1":[0,0],"2":[0,0],"3":[0,0],"4":[0,0],"5":[41,1],"6":[42,42],"7":[0,1],"8":[1,0],"9":[1,41],"10":[0,41],"11":[0,1]},"inputSourceMap":null,"_coverageSchema":"1a1c01bbd47fc00a2c39e90264f33305004495a9","hash":"49eabbe34a3702d6934b94c1b81252187b56a758"}
,"/Users/yashdive/NCSU/NCSU Projects/Software_Engineering/proj2/Ecobites/server/src/models/MenuItem.model.js": {"path":"/Users/yashdive/NCSU/NCSU Projects/Software_Engineering/proj2/Ecobites/server/src/models/MenuItem.model.js","statementMap":{"0":{"start":{"line":2,"column":23},"end":{"line":58,"column":2}},"1":{"start":{"line":60,"column":24},"end":{"line":60,"column":66}}},"fnMap":{},"branchMap":{},"s":{"0":5,"1":5},"f":{},"b":{},"inputSourceMap":null,"_coverageSchema":"1a1c01bbd47fc00a2c39e90264f33305004495a9","hash":"94bbc1cdb86743888a3a84928e32af9874d30be8"}
,"/Users/yashdive/NCSU/NCSU Projects/Software_Engineering/proj2/Ecobites/server/src/models/Order.model.js": {"path":"/Users/yashdive/NCSU/NCSU Projects/Software_Engineering/proj2/Ecobites/server/src/models/Order.model.js","statementMap":{"0":{"start":{"line":2,"column":20},"end":{"line":141,"column":2}},"1":{"start":{"line":144,"column":0},"end":{"line":150,"column":3}},"2":{"start":{"line":145,"column":2},"end":{"line":148,"column":3}},"3":{"start":{"line":146,"column":18},"end":{"line":146,"column":64}},"4":{"start":{"line":147,"column":4},"end":{"line":147,"column":66}},"5":{"start":{"line":149,"column":2},"end":{"line":149,"column":9}},"6":{"start":{"line":152,"column":21},"end":{"line":152,"column":57}}},"fnMap":{"0":{"name":"(anonymous_0)","decl":{"start":{"line":144,"column":28},"end":{"line":144,"column":29}},"loc":{"start":{"line":144,"column":49},"end":{"line":150,"column":1}},"line":144}},"branchMap":{"0":{"loc":{"start":{"line":145,"column":2},"end":{"line":148,"column":3}},"type":"if","locations":[{"start":{"line":145,"column":2},"end":{"line":148,"column":3}},{"start":{},"end":{}}],"line":145},"1":{"loc":{"start":{"line":145,"column":6},"end":{"line":145,"column":37}},"type":"binary-expr","locations":[{"start":{"line":145,"column":6},"end":{"line":145,"column":16}},{"start":{"line":145,"column":20},"end":{"line":145,"column":37}}],"line":145}},"s":{"0":5,"1":5,"2":64,"3":41,"4":41,"5":64,"6":5},"f":{"0":64},"b":{"0":[41,23],"1":[64,41]},"inputSourceMap":null,"_coverageSchema":"1a1c01bbd47fc00a2c39e90264f33305004495a9","hash":"dd88009dafe67bf859c054e82917e08f3a662a5d"}
,"/Users/yashdive/NCSU/NCSU Projects/Software_Engineering/proj2/Ecobites/server/src/models/User.model.js": {"path":"/Users/yashdive/NCSU/NCSU Projects/Software_Engineering/proj2/Ecobites/server/src/models/User.model.js","statementMap":{"0":{"start":{"line":4,"column":19},"end":{"line":56,"column":2}},"1":{"start":{"line":61,"column":0},"end":{"line":66,"column":3}},"2":{"start":{"line":62,"column":2},"end":{"line":62,"column":50}},"3":{"start":{"line":62,"column":36},"end":{"line":62,"column":50}},"4":{"start":{"line":63,"column":15},"end":{"line":63,"column":39}},"5":{"start":{"line":64,"column":2},"end":{"line":64,"column":57}},"6":{"start":{"line":65,"column":2},"end":{"line":65,"column":9}},"7":{"start":{"line":69,"column":0},"end":{"line":71,"column":2}},"8":{"start":{"line":70,"column":2},"end":{"line":70,"column":62}},"9":{"start":{"line":73,"column":20},"end":{"line":73,"column":54}}},"fnMap":{"0":{"name":"(anonymous_0)","decl":{"start":{"line":61,"column":23},"end":{"line":61,"column":24}},"loc":{"start":{"line":61,"column":45},"end":{"line":66,"column":1}},"line":61},"1":{"name":"(anonymous_1)","decl":{"start":{"line":69,"column":37},"end":{"line":69,"column":38}},"loc":{"start":{"line":69,"column":70},"end":{"line":71,"column":1}},"line":69}},"branchMap":{"0":{"loc":{"start":{"line":62,"column":2},"end":{"line":62,"column":50}},"type":"if","locations":[{"start":{"line":62,"column":2},"end":{"line":62,"column":50}},{"start":{},"end":{}}],"line":62}},"s":{"0":5,"1":5,"2":54,"3":17,"4":37,"5":37,"6":37,"7":5,"8":9,"9":5},"f":{"0":54,"1":9},"b":{"0":[17,37]},"inputSourceMap":null,"_coverageSchema":"1a1c01bbd47fc00a2c39e90264f33305004495a9","hash":"5f39213c8f05bba8981b3881e6e3139ee09a3158"}
,"/Users/yashdive/NCSU/NCSU Projects/Software_Engineering/proj2/Ecobites/server/src/routes/auth.routes.js": {"path":"/Users/yashdive/NCSU/NCSU Projects/Software_Engineering/proj2/Ecobites/server/src/routes/auth.routes.js","statementMap":{"0":{"start":{"line":5,"column":15},"end":{"line":5,"column":23}},"1":{"start":{"line":8,"column":0},"end":{"line":8,"column":35}},"2":{"start":{"line":9,"column":0},"end":{"line":9,"column":29}},"3":{"start":{"line":10,"column":0},"end":{"line":10,"column":31}},"4":{"start":{"line":11,"column":0},"end":{"line":11,"column":31}}},"fnMap":{},"branchMap":{},"s":{"0":5,"1":5,"2":5,"3":5,"4":5},"f":{},"b":{},"inputSourceMap":null,"_coverageSchema":"1a1c01bbd47fc00a2c39e90264f33305004495a9","hash":"438f8be409cb9082c87434933f3881760e8c6f45"}
,"/Users/yashdive/NCSU/NCSU Projects/Software_Engineering/proj2/Ecobites/server/src/routes/index.js": {"path":"/Users/yashdive/NCSU/NCSU Projects/Software_Engineering/proj2/Ecobites/server/src/routes/index.js","statementMap":{"0":{"start":{"line":4,"column":15},"end":{"line":4,"column":31}},"1":{"start":{"line":6,"column":0},"end":{"line":6,"column":33}}},"fnMap":{},"branchMap":{},"s":{"0":5,"1":5},"f":{},"b":{},"inputSourceMap":null,"_coverageSchema":"1a1c01bbd47fc00a2c39e90264f33305004495a9","hash":"9cc12c8067d132c8137ef1d5ef26654b6c98f96c"}
,"/Users/yashdive/NCSU/NCSU Projects/Software_Engineering/proj2/Ecobites/server/src/routes/menu.routes.js": {"path":"/Users/yashdive/NCSU/NCSU Projects/Software_Engineering/proj2/Ecobites/server/src/routes/menu.routes.js","statementMap":{"0":{"start":{"line":4,"column":15},"end":{"line":4,"column":23}},"1":{"start":{"line":9,"column":0},"end":{"line":9,"column":67}},"2":{"start":{"line":10,"column":0},"end":{"line":10,"column":61}},"3":{"start":{"line":11,"column":0},"end":{"line":11,"column":74}},"4":{"start":{"line":12,"column":0},"end":{"line":12,"column":40}},"5":{"start":{"line":13,"column":0},"end":{"line":13,"column":69}},"6":{"start":{"line":14,"column":0},"end":{"line":14,"column":72}}},"fnMap":{},"branchMap":{},"s":{"0":5,"1":5,"2":5,"3":5,"4":5,"5":5,"6":5},"f":{},"b":{},"inputSourceMap":null,"_coverageSchema":"1a1c01bbd47fc00a2c39e90264f33305004495a9","hash":"08a871bd99e9c80ce48a3ba9a57a1d21f567a6d4"}
,"/Users/yashdive/NCSU/NCSU Projects/Software_Engineering/proj2/Ecobites/server/src/routes/orders.routes.js": {"path":"/Users/yashdive/NCSU/NCSU Projects/Software_Engineering/proj2/Ecobites/server/src/routes/orders.routes.js","statementMap":{"0":{"start":{"line":7,"column":15},"end":{"line":7,"column":23}},"1":{"start":{"line":11,"column":0},"end":{"line":11,"column":61}},"2":{"start":{"line":12,"column":0},"end":{"line":12,"column":39}},"3":{"start":{"line":15,"column":0},"end":{"line":15,"column":72}},"4":{"start":{"line":16,"column":0},"end":{"line":16,"column":54}},"5":{"start":{"line":18,"column":0},"end":{"line":18,"column":61}},"6":{"start":{"line":20,"column":0},"end":{"line":20,"column":59}},"7":{"start":{"line":23,"column":0},"end":{"line":23,"column":55}}},"fnMap":{},"branchMap":{},"s":{"0":5,"1":5,"2":5,"3":5,"4":5,"5":5,"6":5,"7":5},"f":{},"b":{},"inputSourceMap":null,"_coverageSchema":"1a1c01bbd47fc00a2c39e90264f33305004495a9","hash":"86782ac356ee3f93ad37f12bd16e95627ad89583"}
,"/Users/yashdive/NCSU/NCSU Projects/Software_Engineering/proj2/Ecobites/server/src/routes/profile.routes.js": {"path":"/Users/yashdive/NCSU/NCSU Projects/Software_Engineering/proj2/Ecobites/server/src/routes/profile.routes.js","statementMap":{"0":{"start":{"line":5,"column":15},"end":{"line":5,"column":23}},"1":{"start":{"line":8,"column":0},"end":{"line":8,"column":46}},"2":{"start":{"line":11,"column":0},"end":{"line":11,"column":48}}},"fnMap":{},"branchMap":{},"s":{"0":5,"1":5,"2":5},"f":{},"b":{},"inputSourceMap":null,"_coverageSchema":"1a1c01bbd47fc00a2c39e90264f33305004495a9","hash":"bf02d43438fbdb63e62ac3276d913580b2882606"}
,"/Users/yashdive/NCSU/NCSU Projects/Software_Engineering/proj2/Ecobites/server/src/routes/restaurant.routes.js": {"path":"/Users/yashdive/NCSU/NCSU Projects/Software_Engineering/proj2/Ecobites/server/src/routes/restaurant.routes.js","statementMap":{"0":{"start":{"line":6,"column":15},"end":{"line":6,"column":23}},"1":{"start":{"line":7,"column":0},"end":{"line":7,"column":35}},"2":{"start":{"line":8,"column":0},"end":{"line":8,"column":38}}},"fnMap":{},"branchMap":{},"s":{"0":5,"1":5,"2":5},"f":{},"b":{},"inputSourceMap":null,"_coverageSchema":"1a1c01bbd47fc00a2c39e90264f33305004495a9","hash":"bfc99856206e7d3aadabc0abf00cd970bc62c442"}
}
