{"/Users/yashdive/NCSU/NCSU Projects/Software_Engineering/proj2/Ecobites/server/src/app.js": {"path":"/Users/yashdive/NCSU/NCSU Projects/Software_Engineering/proj2/Ecobites/server/src/app.js","statementMap":{"0":{"start":{"line":9,"column":12},"end":{"line":9,"column":21}},"1":{"start":{"line":11,"column":0},"end":{"line":11,"column":16}},"2":{"start":{"line":12,"column":0},"end":{"line":12,"column":24}},"3":{"start":{"line":13,"column":0},"end":{"line":13,"column":24}},"4":{"start":{"line":14,"column":0},"end":{"line":14,"column":27}},"5":{"start":{"line":15,"column":0},"end":{"line":15,"column":33}},"6":{"start":{"line":16,"column":0},"end":{"line":16,"column":31}},"7":{"start":{"line":17,"column":0},"end":{"line":17,"column":46}},"8":{"start":{"line":21,"column":0},"end":{"line":33,"column":3}},"9":{"start":{"line":22,"column":1},"end":{"line":32,"column":4}}},"fnMap":{"0":{"name":"(anonymous_0)","decl":{"start":{"line":21,"column":13},"end":{"line":21,"column":14}},"loc":{"start":{"line":21,"column":27},"end":{"line":33,"column":1}},"line":21}},"branchMap":{},"s":{"0":2,"1":2,"2":2,"3":2,"4":2,"5":2,"6":2,"7":2,"8":2,"9":0},"f":{"0":0},"b":{},"inputSourceMap":null,"_coverageSchema":"1a1c01bbd47fc00a2c39e90264f33305004495a9","hash":"892246d04dfc518b010171b9c5090e5d9e24015a"}
,"/Users/yashdive/NCSU/NCSU Projects/Software_Engineering/proj2/Ecobites/server/src/setupTests.js": {"path":"/Users/yashdive/NCSU/NCSU Projects/Software_Engineering/proj2/Ecobites/server/src/setupTests.js","statementMap":{"0":{"start":{"line":8,"column":25},"end":{"line":12,"column":1}},"1":{"start":{"line":9,"column":2},"end":{"line":9,"column":49}},"2":{"start":{"line":10,"column":14},"end":{"line":10,"column":34}},"3":{"start":{"line":11,"column":2},"end":{"line":11,"column":30}},"4":{"start":{"line":14,"column":23},"end":{"line":18,"column":1}},"5":{"start":{"line":15,"column":2},"end":{"line":15,"column":43}},"6":{"start":{"line":16,"column":2},"end":{"line":16,"column":36}},"7":{"start":{"line":17,"column":2},"end":{"line":17,"column":27}},"8":{"start":{"line":20,"column":23},"end":{"line":25,"column":1}},"9":{"start":{"line":21,"column":22},"end":{"line":21,"column":53}},"10":{"start":{"line":22,"column":2},"end":{"line":24,"column":3}},"11":{"start":{"line":23,"column":4},"end":{"line":23,"column":40}}},"fnMap":{"0":{"name":"(anonymous_0)","decl":{"start":{"line":8,"column":25},"end":{"line":8,"column":26}},"loc":{"start":{"line":8,"column":37},"end":{"line":12,"column":1}},"line":8},"1":{"name":"(anonymous_1)","decl":{"start":{"line":14,"column":23},"end":{"line":14,"column":24}},"loc":{"start":{"line":14,"column":35},"end":{"line":18,"column":1}},"line":14},"2":{"name":"(anonymous_2)","decl":{"start":{"line":20,"column":23},"end":{"line":20,"column":24}},"loc":{"start":{"line":20,"column":35},"end":{"line":25,"column":1}},"line":20}},"branchMap":{},"s":{"0":2,"1":2,"2":2,"3":2,"4":2,"5":2,"6":2,"7":2,"8":2,"9":3,"10":3,"11":9},"f":{"0":2,"1":2,"2":3},"b":{},"inputSourceMap":null,"_coverageSchema":"1a1c01bbd47fc00a2c39e90264f33305004495a9","hash":"bd7a3ba29c37f58a3df7d0e9ff5387858234cc1a"}
,"/Users/yashdive/NCSU/NCSU Projects/Software_Engineering/proj2/Ecobites/server/src/config/constants.js": {"path":"/Users/yashdive/NCSU/NCSU Projects/Software_Engineering/proj2/Ecobites/server/src/config/constants.js","statementMap":{"0":{"start":{"line":2,"column":28},"end":{"line":13,"column":1}},"1":{"start":{"line":16,"column":26},"end":{"line":21,"column":1}},"2":{"start":{"line":24,"column":33},"end":{"line":28,"column":1}},"3":{"start":{"line":31,"column":27},"end":{"line":35,"column":1}},"4":{"start":{"line":38,"column":29},"end":{"line":47,"column":1}},"5":{"start":{"line":50,"column":33},"end":{"line":56,"column":1}},"6":{"start":{"line":59,"column":40},"end":{"line":66,"column":1}},"7":{"start":{"line":60,"column":2},"end":{"line":60,"column":53}},"8":{"start":{"line":60,"column":20},"end":{"line":60,"column":53}},"9":{"start":{"line":61,"column":13},"end":{"line":61,"column":38}},"10":{"start":{"line":62,"column":2},"end":{"line":62,"column":80}},"11":{"start":{"line":62,"column":52},"end":{"line":62,"column":80}},"12":{"start":{"line":63,"column":2},"end":{"line":63,"column":83}},"13":{"start":{"line":63,"column":53},"end":{"line":63,"column":83}},"14":{"start":{"line":64,"column":2},"end":{"line":64,"column":85}},"15":{"start":{"line":64,"column":52},"end":{"line":64,"column":85}},"16":{"start":{"line":65,"column":2},"end":{"line":65,"column":35}},"17":{"start":{"line":69,"column":34},"end":{"line":72,"column":1}},"18":{"start":{"line":70,"column":2},"end":{"line":70,"column":74}},"19":{"start":{"line":70,"column":28},"end":{"line":70,"column":74}},"20":{"start":{"line":71,"column":2},"end":{"line":71,"column":84}}},"fnMap":{"0":{"name":"(anonymous_0)","decl":{"start":{"line":59,"column":40},"end":{"line":59,"column":41}},"loc":{"start":{"line":59,"column":57},"end":{"line":66,"column":1}},"line":59},"1":{"name":"(anonymous_1)","decl":{"start":{"line":69,"column":34},"end":{"line":69,"column":35}},"loc":{"start":{"line":69,"column":59},"end":{"line":72,"column":1}},"line":69}},"branchMap":{"0":{"loc":{"start":{"line":60,"column":2},"end":{"line":60,"column":53}},"type":"if","locations":[{"start":{"line":60,"column":2},"end":{"line":60,"column":53}},{"start":{},"end":{}}],"line":60},"1":{"loc":{"start":{"line":62,"column":2},"end":{"line":62,"column":80}},"type":"if","locations":[{"start":{"line":62,"column":2},"end":{"line":62,"column":80}},{"start":{},"end":{}}],"line":62},"2":{"loc":{"start":{"line":62,"column":6},"end":{"line":62,"column":50}},"type":"binary-expr","locations":[{"start":{"line":62,"column":6},"end":{"line":62,"column":23}},{"start":{"line":62,"column":27},"end":{"line":62,"column":50}}],"line":62},"3":{"loc":{"start":{"line":63,"column":2},"end":{"line":63,"column":83}},"type":"if","locations":[{"start":{"line":63,"column":2},"end":{"line":63,"column":83}},{"start":{},"end":{}}],"line":63},"4":{"loc":{"start":{"line":63,"column":6},"end":{"line":63,"column":51}},"type":"binary-expr","locations":[{"start":{"line":63,"column":6},"end":{"line":63,"column":25}},{"start":{"line":63,"column":29},"end":{"line":63,"column":51}}],"line":63},"5":{"loc":{"start":{"line":64,"column":2},"end":{"line":64,"column":85}},"type":"if","locations":[{"start":{"line":64,"column":2},"end":{"line":64,"column":85}},{"start":{},"end":{}}],"line":64},"6":{"loc":{"start":{"line":64,"column":6},"end":{"line":64,"column":50}},"type":"binary-expr","locations":[{"start":{"line":64,"column":6},"end":{"line":64,"column":28}},{"start":{"line":64,"column":32},"end":{"line":64,"column":50}}],"line":64},"7":{"loc":{"start":{"line":70,"column":2},"end":{"line":70,"column":74}},"type":"if","locations":[{"start":{"line":70,"column":2},"end":{"line":70,"column":74}},{"start":{},"end":{}}],"line":70},"8":{"loc":{"start":{"line":71,"column":9},"end":{"line":71,"column":83}},"type":"binary-expr","locations":[{"start":{"line":71,"column":9},"end":{"line":71,"column":41}},{"start":{"line":71,"column":45},"end":{"line":71,"column":83}}],"line":71}},"s":{"0":2,"1":2,"2":2,"3":2,"4":2,"5":2,"6":2,"7":0,"8":0,"9":0,"10":0,"11":0,"12":0,"13":0,"14":0,"15":0,"16":0,"17":2,"18":1,"19":0,"20":1},"f":{"0":0,"1":1},"b":{"0":[0,0],"1":[0,0],"2":[0,0],"3":[0,0],"4":[0,0],"5":[0,0],"6":[0,0],"7":[0,1],"8":[1,0]},"inputSourceMap":null,"_coverageSchema":"1a1c01bbd47fc00a2c39e90264f33305004495a9","hash":"511b654b07a273c5f9ec2a2f8ff56fd77237faac"}
,"/Users/yashdive/NCSU/NCSU Projects/Software_Engineering/proj2/Ecobites/server/src/controller/auth.controller.js": {"path":"/Users/yashdive/NCSU/NCSU Projects/Software_Engineering/proj2/Ecobites/server/src/controller/auth.controller.js","statementMap":{"0":{"start":{"line":4,"column":19},"end":{"line":4,"column":83}},"1":{"start":{"line":6,"column":24},"end":{"line":84,"column":1}},"2":{"start":{"line":7,"column":2},"end":{"line":83,"column":3}},"3":{"start":{"line":17,"column":24},"end":{"line":17,"column":32}},"4":{"start":{"line":18,"column":4},"end":{"line":18,"column":46}},"5":{"start":{"line":20,"column":4},"end":{"line":22,"column":5}},"6":{"start":{"line":21,"column":6},"end":{"line":21,"column":74}},"7":{"start":{"line":24,"column":4},"end":{"line":26,"column":5}},"8":{"start":{"line":25,"column":6},"end":{"line":25,"column":87}},"9":{"start":{"line":28,"column":25},"end":{"line":28,"column":54}},"10":{"start":{"line":29,"column":4},"end":{"line":31,"column":5}},"11":{"start":{"line":30,"column":6},"end":{"line":30,"column":73}},"12":{"start":{"line":33,"column":23},"end":{"line":40,"column":5}},"13":{"start":{"line":42,"column":4},"end":{"line":45,"column":5}},"14":{"start":{"line":43,"column":6},"end":{"line":43,"column":47}},"15":{"start":{"line":44,"column":6},"end":{"line":44,"column":33}},"16":{"start":{"line":47,"column":4},"end":{"line":50,"column":5}},"17":{"start":{"line":48,"column":6},"end":{"line":48,"column":41}},"18":{"start":{"line":49,"column":6},"end":{"line":49,"column":43}},"19":{"start":{"line":52,"column":17},"end":{"line":52,"column":35}},"20":{"start":{"line":53,"column":4},"end":{"line":53,"column":22}},"21":{"start":{"line":56,"column":18},"end":{"line":60,"column":5}},"22":{"start":{"line":62,"column":4},"end":{"line":62,"column":45}},"23":{"start":{"line":64,"column":4},"end":{"line":79,"column":7}},"24":{"start":{"line":81,"column":4},"end":{"line":81,"column":48}},"25":{"start":{"line":82,"column":4},"end":{"line":82,"column":72}},"26":{"start":{"line":86,"column":21},"end":{"line":132,"column":1}},"27":{"start":{"line":87,"column":2},"end":{"line":131,"column":3}},"28":{"start":{"line":88,"column":32},"end":{"line":88,"column":40}},"29":{"start":{"line":90,"column":4},"end":{"line":92,"column":5}},"30":{"start":{"line":91,"column":6},"end":{"line":91,"column":82}},"31":{"start":{"line":94,"column":17},"end":{"line":94,"column":46}},"32":{"start":{"line":95,"column":4},"end":{"line":97,"column":5}},"33":{"start":{"line":96,"column":6},"end":{"line":96,"column":68}},"34":{"start":{"line":99,"column":20},"end":{"line":99,"column":56}},"35":{"start":{"line":100,"column":4},"end":{"line":102,"column":5}},"36":{"start":{"line":101,"column":6},"end":{"line":101,"column":68}},"37":{"start":{"line":104,"column":18},"end":{"line":108,"column":5}},"38":{"start":{"line":110,"column":4},"end":{"line":110,"column":44}},"39":{"start":{"line":112,"column":4},"end":{"line":127,"column":7}},"40":{"start":{"line":129,"column":4},"end":{"line":129,"column":41}},"41":{"start":{"line":130,"column":4},"end":{"line":130,"column":65}},"42":{"start":{"line":134,"column":18},"end":{"line":158,"column":1}},"43":{"start":{"line":135,"column":2},"end":{"line":157,"column":3}},"44":{"start":{"line":137,"column":4},"end":{"line":139,"column":5}},"45":{"start":{"line":138,"column":6},"end":{"line":138,"column":61}},"46":{"start":{"line":140,"column":4},"end":{"line":153,"column":7}},"47":{"start":{"line":155,"column":4},"end":{"line":155,"column":38}},"48":{"start":{"line":156,"column":4},"end":{"line":156,"column":52}}},"fnMap":{"0":{"name":"(anonymous_0)","decl":{"start":{"line":6,"column":24},"end":{"line":6,"column":25}},"loc":{"start":{"line":6,"column":44},"end":{"line":84,"column":1}},"line":6},"1":{"name":"(anonymous_1)","decl":{"start":{"line":86,"column":21},"end":{"line":86,"column":22}},"loc":{"start":{"line":86,"column":41},"end":{"line":132,"column":1}},"line":86},"2":{"name":"(anonymous_2)","decl":{"start":{"line":134,"column":18},"end":{"line":134,"column":19}},"loc":{"start":{"line":134,"column":38},"end":{"line":158,"column":1}},"line":134}},"branchMap":{"0":{"loc":{"start":{"line":4,"column":19},"end":{"line":4,"column":83}},"type":"binary-expr","locations":[{"start":{"line":4,"column":19},"end":{"line":4,"column":41}},{"start":{"line":4,"column":45},"end":{"line":4,"column":83}}],"line":4},"1":{"loc":{"start":{"line":20,"column":4},"end":{"line":22,"column":5}},"type":"if","locations":[{"start":{"line":20,"column":4},"end":{"line":22,"column":5}},{"start":{},"end":{}}],"line":20},"2":{"loc":{"start":{"line":20,"column":8},"end":{"line":20,"column":36}},"type":"binary-expr","locations":[{"start":{"line":20,"column":8},"end":{"line":20,"column":13}},{"start":{"line":20,"column":17},"end":{"line":20,"column":23}},{"start":{"line":20,"column":27},"end":{"line":20,"column":36}}],"line":20},"3":{"loc":{"start":{"line":24,"column":4},"end":{"line":26,"column":5}},"type":"if","locations":[{"start":{"line":24,"column":4},"end":{"line":26,"column":5}},{"start":{},"end":{}}],"line":24},"4":{"loc":{"start":{"line":29,"column":4},"end":{"line":31,"column":5}},"type":"if","locations":[{"start":{"line":29,"column":4},"end":{"line":31,"column":5}},{"start":{},"end":{}}],"line":29},"5":{"loc":{"start":{"line":38,"column":12},"end":{"line":38,"column":30}},"type":"binary-expr","locations":[{"start":{"line":38,"column":12},"end":{"line":38,"column":16}},{"start":{"line":38,"column":20},"end":{"line":38,"column":30}}],"line":38},"6":{"loc":{"start":{"line":42,"column":4},"end":{"line":45,"column":5}},"type":"if","locations":[{"start":{"line":42,"column":4},"end":{"line":45,"column":5}},{"start":{},"end":{}}],"line":42},"7":{"loc":{"start":{"line":47,"column":4},"end":{"line":50,"column":5}},"type":"if","locations":[{"start":{"line":47,"column":4},"end":{"line":50,"column":5}},{"start":{},"end":{}}],"line":47},"8":{"loc":{"start":{"line":73,"column":22},"end":{"line":73,"column":44}},"type":"binary-expr","locations":[{"start":{"line":73,"column":22},"end":{"line":73,"column":39}},{"start":{"line":73,"column":43},"end":{"line":73,"column":44}}],"line":73},"9":{"loc":{"start":{"line":74,"column":21},"end":{"line":74,"column":45}},"type":"binary-expr","locations":[{"start":{"line":74,"column":21},"end":{"line":74,"column":37}},{"start":{"line":74,"column":41},"end":{"line":74,"column":45}}],"line":74},"10":{"loc":{"start":{"line":75,"column":22},"end":{"line":75,"column":47}},"type":"binary-expr","locations":[{"start":{"line":75,"column":22},"end":{"line":75,"column":39}},{"start":{"line":75,"column":43},"end":{"line":75,"column":47}}],"line":75},"11":{"loc":{"start":{"line":76,"column":24},"end":{"line":76,"column":51}},"type":"binary-expr","locations":[{"start":{"line":76,"column":24},"end":{"line":76,"column":43}},{"start":{"line":76,"column":47},"end":{"line":76,"column":51}}],"line":76},"12":{"loc":{"start":{"line":77,"column":17},"end":{"line":77,"column":37}},"type":"binary-expr","locations":[{"start":{"line":77,"column":17},"end":{"line":77,"column":29}},{"start":{"line":77,"column":33},"end":{"line":77,"column":37}}],"line":77},"13":{"loc":{"start":{"line":90,"column":4},"end":{"line":92,"column":5}},"type":"if","locations":[{"start":{"line":90,"column":4},"end":{"line":92,"column":5}},{"start":{},"end":{}}],"line":90},"14":{"loc":{"start":{"line":90,"column":8},"end":{"line":90,"column":27}},"type":"binary-expr","locations":[{"start":{"line":90,"column":8},"end":{"line":90,"column":14}},{"start":{"line":90,"column":18},"end":{"line":90,"column":27}}],"line":90},"15":{"loc":{"start":{"line":95,"column":4},"end":{"line":97,"column":5}},"type":"if","locations":[{"start":{"line":95,"column":4},"end":{"line":97,"column":5}},{"start":{},"end":{}}],"line":95},"16":{"loc":{"start":{"line":100,"column":4},"end":{"line":102,"column":5}},"type":"if","locations":[{"start":{"line":100,"column":4},"end":{"line":102,"column":5}},{"start":{},"end":{}}],"line":100},"17":{"loc":{"start":{"line":121,"column":22},"end":{"line":121,"column":44}},"type":"binary-expr","locations":[{"start":{"line":121,"column":22},"end":{"line":121,"column":39}},{"start":{"line":121,"column":43},"end":{"line":121,"column":44}}],"line":121},"18":{"loc":{"start":{"line":122,"column":21},"end":{"line":122,"column":45}},"type":"binary-expr","locations":[{"start":{"line":122,"column":21},"end":{"line":122,"column":37}},{"start":{"line":122,"column":41},"end":{"line":122,"column":45}}],"line":122},"19":{"loc":{"start":{"line":123,"column":22},"end":{"line":123,"column":47}},"type":"binary-expr","locations":[{"start":{"line":123,"column":22},"end":{"line":123,"column":39}},{"start":{"line":123,"column":43},"end":{"line":123,"column":47}}],"line":123},"20":{"loc":{"start":{"line":124,"column":24},"end":{"line":124,"column":51}},"type":"binary-expr","locations":[{"start":{"line":124,"column":24},"end":{"line":124,"column":43}},{"start":{"line":124,"column":47},"end":{"line":124,"column":51}}],"line":124},"21":{"loc":{"start":{"line":125,"column":17},"end":{"line":125,"column":37}},"type":"binary-expr","locations":[{"start":{"line":125,"column":17},"end":{"line":125,"column":29}},{"start":{"line":125,"column":33},"end":{"line":125,"column":37}}],"line":125},"22":{"loc":{"start":{"line":137,"column":4},"end":{"line":139,"column":5}},"type":"if","locations":[{"start":{"line":137,"column":4},"end":{"line":139,"column":5}},{"start":{},"end":{}}],"line":137},"23":{"loc":{"start":{"line":147,"column":22},"end":{"line":147,"column":48}},"type":"binary-expr","locations":[{"start":{"line":147,"column":22},"end":{"line":147,"column":43}},{"start":{"line":147,"column":47},"end":{"line":147,"column":48}}],"line":147},"24":{"loc":{"start":{"line":148,"column":21},"end":{"line":148,"column":49}},"type":"binary-expr","locations":[{"start":{"line":148,"column":21},"end":{"line":148,"column":41}},{"start":{"line":148,"column":45},"end":{"line":148,"column":49}}],"line":148},"25":{"loc":{"start":{"line":149,"column":22},"end":{"line":149,"column":51}},"type":"binary-expr","locations":[{"start":{"line":149,"column":22},"end":{"line":149,"column":43}},{"start":{"line":149,"column":47},"end":{"line":149,"column":51}}],"line":149},"26":{"loc":{"start":{"line":150,"column":24},"end":{"line":150,"column":55}},"type":"binary-expr","locations":[{"start":{"line":150,"column":24},"end":{"line":150,"column":47}},{"start":{"line":150,"column":51},"end":{"line":150,"column":55}}],"line":150},"27":{"loc":{"start":{"line":151,"column":17},"end":{"line":151,"column":41}},"type":"binary-expr","locations":[{"start":{"line":151,"column":17},"end":{"line":151,"column":33}},{"start":{"line":151,"column":37},"end":{"line":151,"column":41}}],"line":151}},"s":{"0":2,"1":2,"2":5,"3":5,"4":5,"5":5,"6":0,"7":5,"8":0,"9":5,"10":5,"11":1,"12":4,"13":4,"14":1,"15":1,"16":4,"17":0,"18":0,"19":4,"20":4,"21":4,"22":4,"23":4,"24":0,"25":0,"26":2,"27":2,"28":2,"29":2,"30":0,"31":2,"32":2,"33":0,"34":2,"35":2,"36":0,"37":2,"38":2,"39":2,"40":0,"41":0,"42":2,"43":0,"44":0,"45":0,"46":0,"47":0,"48":0},"f":{"0":5,"1":2,"2":0},"b":{"0":[2,2],"1":[0,5],"2":[5,5,5],"3":[0,5],"4":[1,4],"5":[4,2],"6":[1,3],"7":[0,4],"8":[4,4],"9":[4,4],"10":[4,4],"11":[4,4],"12":[4,0],"13":[0,2],"14":[2,2],"15":[0,2],"16":[0,2],"17":[2,2],"18":[2,2],"19":[2,2],"20":[2,2],"21":[2,0],"22":[0,0],"23":[0,0],"24":[0,0],"25":[0,0],"26":[0,0],"27":[0,0]},"inputSourceMap":null,"_coverageSchema":"1a1c01bbd47fc00a2c39e90264f33305004495a9","hash":"d97a672015137ec6658b795e6cd9ba3272e7857c"}
,"/Users/yashdive/NCSU/NCSU Projects/Software_Engineering/proj2/Ecobites/server/src/controller/healthController.js": {"path":"/Users/yashdive/NCSU/NCSU Projects/Software_Engineering/proj2/Ecobites/server/src/controller/healthController.js","statementMap":{"0":{"start":{"line":1,"column":25},"end":{"line":3,"column":1}},"1":{"start":{"line":2,"column":2},"end":{"line":2,"column":65}}},"fnMap":{"0":{"name":"(anonymous_0)","decl":{"start":{"line":1,"column":25},"end":{"line":1,"column":26}},"loc":{"start":{"line":1,"column":39},"end":{"line":3,"column":1}},"line":1}},"branchMap":{},"s":{"0":2,"1":0},"f":{"0":0},"b":{},"inputSourceMap":null,"_coverageSchema":"1a1c01bbd47fc00a2c39e90264f33305004495a9","hash":"55deaeeeed6a428572ff744132790d24d8a230c1"}
,"/Users/yashdive/NCSU/NCSU Projects/Software_Engineering/proj2/Ecobites/server/src/controller/menu.controller.js": {"path":"/Users/yashdive/NCSU/NCSU Projects/Software_Engineering/proj2/Ecobites/server/src/controller/menu.controller.js","statementMap":{"0":{"start":{"line":4,"column":30},"end":{"line":51,"column":1}},"1":{"start":{"line":5,"column":2},"end":{"line":50,"column":3}},"2":{"start":{"line":6,"column":105},"end":{"line":6,"column":113}},"3":{"start":{"line":9,"column":4},"end":{"line":11,"column":5}},"4":{"start":{"line":10,"column":6},"end":{"line":10,"column":45}},"5":{"start":{"line":14,"column":23},"end":{"line":14,"column":78}},"6":{"start":{"line":15,"column":4},"end":{"line":20,"column":5}},"7":{"start":{"line":16,"column":6},"end":{"line":19,"column":9}},"8":{"start":{"line":22,"column":4},"end":{"line":27,"column":5}},"9":{"start":{"line":23,"column":6},"end":{"line":26,"column":9}},"10":{"start":{"line":29,"column":21},"end":{"line":38,"column":6}},"11":{"start":{"line":40,"column":4},"end":{"line":40,"column":26}},"12":{"start":{"line":43,"column":4},"end":{"line":43,"column":35}},"13":{"start":{"line":45,"column":4},"end":{"line":45,"column":55}},"14":{"start":{"line":46,"column":4},"end":{"line":49,"column":7}},"15":{"start":{"line":53,"column":35},"end":{"line":68,"column":1}},"16":{"start":{"line":54,"column":2},"end":{"line":67,"column":3}},"17":{"start":{"line":55,"column":29},"end":{"line":55,"column":39}},"18":{"start":{"line":57,"column":22},"end":{"line":58,"column":37}},"19":{"start":{"line":61,"column":4},"end":{"line":61,"column":24}},"20":{"start":{"line":63,"column":4},"end":{"line":66,"column":7}},"21":{"start":{"line":70,"column":30},"end":{"line":105,"column":1}},"22":{"start":{"line":71,"column":2},"end":{"line":104,"column":3}},"23":{"start":{"line":72,"column":19},"end":{"line":72,"column":29}},"24":{"start":{"line":74,"column":21},"end":{"line":74,"column":48}},"25":{"start":{"line":75,"column":4},"end":{"line":80,"column":5}},"26":{"start":{"line":76,"column":6},"end":{"line":79,"column":9}},"27":{"start":{"line":82,"column":4},"end":{"line":87,"column":5}},"28":{"start":{"line":83,"column":6},"end":{"line":86,"column":9}},"29":{"start":{"line":89,"column":20},"end":{"line":92,"column":6}},"30":{"start":{"line":94,"column":4},"end":{"line":98,"column":7}},"31":{"start":{"line":100,"column":4},"end":{"line":103,"column":7}},"32":{"start":{"line":107,"column":30},"end":{"line":138,"column":1}},"33":{"start":{"line":108,"column":2},"end":{"line":137,"column":3}},"34":{"start":{"line":109,"column":19},"end":{"line":109,"column":29}},"35":{"start":{"line":111,"column":21},"end":{"line":111,"column":48}},"36":{"start":{"line":112,"column":4},"end":{"line":117,"column":5}},"37":{"start":{"line":113,"column":6},"end":{"line":116,"column":9}},"38":{"start":{"line":119,"column":4},"end":{"line":124,"column":5}},"39":{"start":{"line":120,"column":6},"end":{"line":123,"column":9}},"40":{"start":{"line":126,"column":4},"end":{"line":126,"column":41}},"41":{"start":{"line":128,"column":4},"end":{"line":131,"column":7}},"42":{"start":{"line":133,"column":4},"end":{"line":136,"column":7}}},"fnMap":{"0":{"name":"(anonymous_0)","decl":{"start":{"line":4,"column":30},"end":{"line":4,"column":31}},"loc":{"start":{"line":4,"column":50},"end":{"line":51,"column":1}},"line":4},"1":{"name":"(anonymous_1)","decl":{"start":{"line":53,"column":35},"end":{"line":53,"column":36}},"loc":{"start":{"line":53,"column":55},"end":{"line":68,"column":1}},"line":53},"2":{"name":"(anonymous_2)","decl":{"start":{"line":70,"column":30},"end":{"line":70,"column":31}},"loc":{"start":{"line":70,"column":50},"end":{"line":105,"column":1}},"line":70},"3":{"name":"(anonymous_3)","decl":{"start":{"line":107,"column":30},"end":{"line":107,"column":31}},"loc":{"start":{"line":107,"column":50},"end":{"line":138,"column":1}},"line":107}},"branchMap":{"0":{"loc":{"start":{"line":9,"column":4},"end":{"line":11,"column":5}},"type":"if","locations":[{"start":{"line":9,"column":4},"end":{"line":11,"column":5}},{"start":{},"end":{}}],"line":9},"1":{"loc":{"start":{"line":9,"column":8},"end":{"line":9,"column":67}},"type":"binary-expr","locations":[{"start":{"line":9,"column":8},"end":{"line":9,"column":21}},{"start":{"line":9,"column":25},"end":{"line":9,"column":33}},{"start":{"line":9,"column":37},"end":{"line":9,"column":67}}],"line":9},"2":{"loc":{"start":{"line":14,"column":23},"end":{"line":14,"column":78}},"type":"cond-expr","locations":[{"start":{"line":14,"column":38},"end":{"line":14,"column":71}},{"start":{"line":14,"column":74},"end":{"line":14,"column":78}}],"line":14},"3":{"loc":{"start":{"line":15,"column":4},"end":{"line":20,"column":5}},"type":"if","locations":[{"start":{"line":15,"column":4},"end":{"line":20,"column":5}},{"start":{},"end":{}}],"line":15},"4":{"loc":{"start":{"line":15,"column":8},"end":{"line":15,"column":55}},"type":"binary-expr","locations":[{"start":{"line":15,"column":8},"end":{"line":15,"column":19}},{"start":{"line":15,"column":23},"end":{"line":15,"column":55}}],"line":15},"5":{"loc":{"start":{"line":22,"column":4},"end":{"line":27,"column":5}},"type":"if","locations":[{"start":{"line":22,"column":4},"end":{"line":27,"column":5}},{"start":{},"end":{}}],"line":22},"6":{"loc":{"start":{"line":22,"column":8},"end":{"line":22,"column":82}},"type":"binary-expr","locations":[{"start":{"line":22,"column":8},"end":{"line":22,"column":38}},{"start":{"line":22,"column":42},"end":{"line":22,"column":82}}],"line":22},"7":{"loc":{"start":{"line":75,"column":4},"end":{"line":80,"column":5}},"type":"if","locations":[{"start":{"line":75,"column":4},"end":{"line":80,"column":5}},{"start":{},"end":{}}],"line":75},"8":{"loc":{"start":{"line":82,"column":4},"end":{"line":87,"column":5}},"type":"if","locations":[{"start":{"line":82,"column":4},"end":{"line":87,"column":5}},{"start":{},"end":{}}],"line":82},"9":{"loc":{"start":{"line":82,"column":8},"end":{"line":82,"column":102}},"type":"binary-expr","locations":[{"start":{"line":82,"column":8},"end":{"line":82,"column":38}},{"start":{"line":82,"column":42},"end":{"line":82,"column":102}}],"line":82},"10":{"loc":{"start":{"line":112,"column":4},"end":{"line":117,"column":5}},"type":"if","locations":[{"start":{"line":112,"column":4},"end":{"line":117,"column":5}},{"start":{},"end":{}}],"line":112},"11":{"loc":{"start":{"line":119,"column":4},"end":{"line":124,"column":5}},"type":"if","locations":[{"start":{"line":119,"column":4},"end":{"line":124,"column":5}},{"start":{},"end":{}}],"line":119},"12":{"loc":{"start":{"line":119,"column":8},"end":{"line":119,"column":102}},"type":"binary-expr","locations":[{"start":{"line":119,"column":8},"end":{"line":119,"column":38}},{"start":{"line":119,"column":42},"end":{"line":119,"column":102}}],"line":119}},"s":{"0":2,"1":1,"2":1,"3":1,"4":1,"5":1,"6":1,"7":0,"8":1,"9":0,"10":1,"11":1,"12":1,"13":0,"14":0,"15":2,"16":1,"17":1,"18":1,"19":1,"20":0,"21":2,"22":0,"23":0,"24":0,"25":0,"26":0,"27":0,"28":0,"29":0,"30":0,"31":0,"32":2,"33":0,"34":0,"35":0,"36":0,"37":0,"38":0,"39":0,"40":0,"41":0,"42":0},"f":{"0":1,"1":1,"2":0,"3":0},"b":{"0":[1,0],"1":[1,1,1],"2":[1,0],"3":[0,1],"4":[1,1],"5":[0,1],"6":[1,1],"7":[0,0],"8":[0,0],"9":[0,0],"10":[0,0],"11":[0,0],"12":[0,0]},"inputSourceMap":null,"_coverageSchema":"1a1c01bbd47fc00a2c39e90264f33305004495a9","hash":"c7b3ecb24eb3fc84e70cd9adfdb968002fdf09b0"}
,"/Users/yashdive/NCSU/NCSU Projects/Software_Engineering/proj2/Ecobites/server/src/controller/orders.controller.js": {"path":"/Users/yashdive/NCSU/NCSU Projects/Software_Engineering/proj2/Ecobites/server/src/controller/orders.controller.js","statementMap":{"0":{"start":{"line":6,"column":27},"end":{"line":93,"column":1}},"1":{"start":{"line":7,"column":2},"end":{"line":92,"column":3}},"2":{"start":{"line":8,"column":152},"end":{"line":8,"column":160}},"3":{"start":{"line":11,"column":4},"end":{"line":16,"column":5}},"4":{"start":{"line":12,"column":6},"end":{"line":15,"column":9}},"5":{"start":{"line":19,"column":4},"end":{"line":21,"column":5}},"6":{"start":{"line":20,"column":6},"end":{"line":20,"column":84}},"7":{"start":{"line":24,"column":24},"end":{"line":24,"column":95}},"8":{"start":{"line":24,"column":43},"end":{"line":24,"column":78}},"9":{"start":{"line":25,"column":20},"end":{"line":25,"column":70}},"10":{"start":{"line":26,"column":2},"end":{"line":26,"column":46}},"11":{"start":{"line":27,"column":2},"end":{"line":27,"column":117}},"12":{"start":{"line":27,"column":59},"end":{"line":27,"column":113}},"13":{"start":{"line":29,"column":4},"end":{"line":31,"column":5}},"14":{"start":{"line":30,"column":6},"end":{"line":30,"column":101}},"15":{"start":{"line":34,"column":34},"end":{"line":34,"column":70}},"16":{"start":{"line":35,"column":4},"end":{"line":39,"column":5}},"17":{"start":{"line":36,"column":6},"end":{"line":38,"column":7}},"18":{"start":{"line":37,"column":8},"end":{"line":37,"column":113}},"19":{"start":{"line":41,"column":18},"end":{"line":50,"column":6}},"20":{"start":{"line":42,"column":17},"end":{"line":42,"column":110}},"21":{"start":{"line":42,"column":37},"end":{"line":42,"column":109}},"22":{"start":{"line":43,"column":18},"end":{"line":43,"column":42}},"23":{"start":{"line":44,"column":6},"end":{"line":49,"column":8}},"24":{"start":{"line":52,"column":21},"end":{"line":52,"column":77}},"25":{"start":{"line":52,"column":45},"end":{"line":52,"column":73}},"26":{"start":{"line":53,"column":24},"end":{"line":53,"column":25}},"27":{"start":{"line":54,"column":16},"end":{"line":54,"column":17}},"28":{"start":{"line":55,"column":18},"end":{"line":55,"column":46}},"29":{"start":{"line":58,"column":25},"end":{"line":58,"column":141}},"30":{"start":{"line":61,"column":30},"end":{"line":63,"column":17}},"31":{"start":{"line":64,"column":28},"end":{"line":64,"column":65}},"32":{"start":{"line":66,"column":18},"end":{"line":80,"column":6}},"33":{"start":{"line":82,"column":2},"end":{"line":82,"column":21}},"34":{"start":{"line":85,"column":2},"end":{"line":85,"column":30}},"35":{"start":{"line":87,"column":4},"end":{"line":87,"column":47}},"36":{"start":{"line":88,"column":4},"end":{"line":91,"column":7}},"37":{"start":{"line":95,"column":31},"end":{"line":144,"column":1}},"38":{"start":{"line":96,"column":2},"end":{"line":143,"column":3}},"39":{"start":{"line":97,"column":29},"end":{"line":97,"column":39}},"40":{"start":{"line":99,"column":4},"end":{"line":104,"column":5}},"41":{"start":{"line":100,"column":6},"end":{"line":103,"column":9}},"42":{"start":{"line":106,"column":14},"end":{"line":106,"column":16}},"43":{"start":{"line":108,"column":4},"end":{"line":114,"column":5}},"44":{"start":{"line":109,"column":6},"end":{"line":109,"column":32}},"45":{"start":{"line":110,"column":11},"end":{"line":114,"column":5}},"46":{"start":{"line":111,"column":6},"end":{"line":111,"column":34}},"47":{"start":{"line":112,"column":11},"end":{"line":114,"column":5}},"48":{"start":{"line":113,"column":6},"end":{"line":113,"column":30}},"49":{"start":{"line":116,"column":12},"end":{"line":116,"column":53}},"50":{"start":{"line":119,"column":4},"end":{"line":121,"column":5}},"51":{"start":{"line":120,"column":6},"end":{"line":120,"column":78}},"52":{"start":{"line":123,"column":18},"end":{"line":123,"column":32}},"53":{"start":{"line":126,"column":19},"end":{"line":133,"column":6}},"54":{"start":{"line":127,"column":18},"end":{"line":127,"column":47}},"55":{"start":{"line":128,"column":6},"end":{"line":131,"column":7}},"56":{"start":{"line":129,"column":8},"end":{"line":129,"column":88}},"57":{"start":{"line":130,"column":8},"end":{"line":130,"column":101}},"58":{"start":{"line":132,"column":6},"end":{"line":132,"column":17}},"59":{"start":{"line":136,"column":4},"end":{"line":136,"column":21}},"60":{"start":{"line":138,"column":4},"end":{"line":138,"column":53}},"61":{"start":{"line":139,"column":4},"end":{"line":142,"column":7}},"62":{"start":{"line":146,"column":28},"end":{"line":168,"column":1}},"63":{"start":{"line":147,"column":2},"end":{"line":167,"column":3}},"64":{"start":{"line":148,"column":24},"end":{"line":148,"column":34}},"65":{"start":{"line":150,"column":18},"end":{"line":150,"column":47}},"66":{"start":{"line":152,"column":4},"end":{"line":157,"column":5}},"67":{"start":{"line":153,"column":6},"end":{"line":156,"column":9}},"68":{"start":{"line":160,"column":4},"end":{"line":160,"column":20}},"69":{"start":{"line":162,"column":4},"end":{"line":162,"column":53}},"70":{"start":{"line":163,"column":4},"end":{"line":166,"column":7}},"71":{"start":{"line":170,"column":33},"end":{"line":252,"column":1}},"72":{"start":{"line":171,"column":2},"end":{"line":251,"column":3}},"73":{"start":{"line":172,"column":24},"end":{"line":172,"column":34}},"74":{"start":{"line":173,"column":4},"end":{"line":173,"column":66}},"75":{"start":{"line":174,"column":33},"end":{"line":174,"column":41}},"76":{"start":{"line":176,"column":18},"end":{"line":176,"column":47}},"77":{"start":{"line":177,"column":2},"end":{"line":177,"column":55}},"78":{"start":{"line":178,"column":4},"end":{"line":183,"column":5}},"79":{"start":{"line":179,"column":6},"end":{"line":182,"column":9}},"80":{"start":{"line":186,"column":2},"end":{"line":186,"column":218}},"81":{"start":{"line":187,"column":4},"end":{"line":192,"column":5}},"82":{"start":{"line":188,"column":6},"end":{"line":191,"column":9}},"83":{"start":{"line":194,"column":4},"end":{"line":200,"column":5}},"84":{"start":{"line":196,"column":6},"end":{"line":199,"column":9}},"85":{"start":{"line":202,"column":4},"end":{"line":208,"column":5}},"86":{"start":{"line":204,"column":6},"end":{"line":207,"column":9}},"87":{"start":{"line":210,"column":4},"end":{"line":210,"column":26}},"88":{"start":{"line":211,"column":4},"end":{"line":214,"column":7}},"89":{"start":{"line":216,"column":4},"end":{"line":218,"column":5}},"90":{"start":{"line":217,"column":6},"end":{"line":217,"column":32}},"91":{"start":{"line":220,"column":4},"end":{"line":245,"column":5}},"92":{"start":{"line":222,"column":6},"end":{"line":225,"column":7}},"93":{"start":{"line":223,"column":8},"end":{"line":223,"column":106}},"94":{"start":{"line":224,"column":8},"end":{"line":224,"column":39}},"95":{"start":{"line":228,"column":6},"end":{"line":238,"column":7}},"96":{"start":{"line":229,"column":23},"end":{"line":229,"column":58}},"97":{"start":{"line":230,"column":8},"end":{"line":237,"column":9}},"98":{"start":{"line":231,"column":28},"end":{"line":231,"column":72}},"99":{"start":{"line":232,"column":10},"end":{"line":236,"column":11}},"100":{"start":{"line":233,"column":12},"end":{"line":233,"column":96}},"101":{"start":{"line":234,"column":12},"end":{"line":234,"column":49}},"102":{"start":{"line":235,"column":12},"end":{"line":235,"column":46}},"103":{"start":{"line":239,"column":6},"end":{"line":239,"column":25}},"104":{"start":{"line":241,"column":6},"end":{"line":241,"column":22}},"105":{"start":{"line":243,"column":6},"end":{"line":243,"column":64}},"106":{"start":{"line":244,"column":6},"end":{"line":244,"column":22}},"107":{"start":{"line":247,"column":4},"end":{"line":250,"column":7}},"108":{"start":{"line":254,"column":44},"end":{"line":287,"column":1}},"109":{"start":{"line":255,"column":2},"end":{"line":286,"column":3}},"110":{"start":{"line":256,"column":4},"end":{"line":261,"column":5}},"111":{"start":{"line":257,"column":6},"end":{"line":260,"column":9}},"112":{"start":{"line":263,"column":18},"end":{"line":268,"column":72}},"113":{"start":{"line":271,"column":19},"end":{"line":278,"column":6}},"114":{"start":{"line":272,"column":18},"end":{"line":272,"column":47}},"115":{"start":{"line":273,"column":6},"end":{"line":276,"column":7}},"116":{"start":{"line":274,"column":8},"end":{"line":274,"column":88}},"117":{"start":{"line":275,"column":8},"end":{"line":275,"column":101}},"118":{"start":{"line":277,"column":6},"end":{"line":277,"column":17}},"119":{"start":{"line":280,"column":4},"end":{"line":280,"column":21}},"120":{"start":{"line":282,"column":4},"end":{"line":285,"column":7}}},"fnMap":{"0":{"name":"(anonymous_0)","decl":{"start":{"line":6,"column":27},"end":{"line":6,"column":28}},"loc":{"start":{"line":6,"column":47},"end":{"line":93,"column":1}},"line":6},"1":{"name":"(anonymous_1)","decl":{"start":{"line":24,"column":38},"end":{"line":24,"column":39}},"loc":{"start":{"line":24,"column":43},"end":{"line":24,"column":78}},"line":24},"2":{"name":"(anonymous_2)","decl":{"start":{"line":27,"column":53},"end":{"line":27,"column":54}},"loc":{"start":{"line":27,"column":59},"end":{"line":27,"column":113}},"line":27},"3":{"name":"(anonymous_3)","decl":{"start":{"line":41,"column":32},"end":{"line":41,"column":33}},"loc":{"start":{"line":41,"column":38},"end":{"line":50,"column":5}},"line":41},"4":{"name":"(anonymous_4)","decl":{"start":{"line":42,"column":32},"end":{"line":42,"column":33}},"loc":{"start":{"line":42,"column":37},"end":{"line":42,"column":109}},"line":42},"5":{"name":"(anonymous_5)","decl":{"start":{"line":52,"column":34},"end":{"line":52,"column":35}},"loc":{"start":{"line":52,"column":45},"end":{"line":52,"column":73}},"line":52},"6":{"name":"(anonymous_6)","decl":{"start":{"line":95,"column":31},"end":{"line":95,"column":32}},"loc":{"start":{"line":95,"column":51},"end":{"line":144,"column":1}},"line":95},"7":{"name":"(anonymous_7)","decl":{"start":{"line":126,"column":29},"end":{"line":126,"column":30}},"loc":{"start":{"line":126,"column":36},"end":{"line":133,"column":5}},"line":126},"8":{"name":"(anonymous_8)","decl":{"start":{"line":146,"column":28},"end":{"line":146,"column":29}},"loc":{"start":{"line":146,"column":48},"end":{"line":168,"column":1}},"line":146},"9":{"name":"(anonymous_9)","decl":{"start":{"line":170,"column":33},"end":{"line":170,"column":34}},"loc":{"start":{"line":170,"column":53},"end":{"line":252,"column":1}},"line":170},"10":{"name":"(anonymous_10)","decl":{"start":{"line":254,"column":44},"end":{"line":254,"column":45}},"loc":{"start":{"line":254,"column":64},"end":{"line":287,"column":1}},"line":254},"11":{"name":"(anonymous_11)","decl":{"start":{"line":271,"column":29},"end":{"line":271,"column":30}},"loc":{"start":{"line":271,"column":36},"end":{"line":278,"column":5}},"line":271}},"branchMap":{"0":{"loc":{"start":{"line":11,"column":4},"end":{"line":16,"column":5}},"type":"if","locations":[{"start":{"line":11,"column":4},"end":{"line":16,"column":5}},{"start":{},"end":{}}],"line":11},"1":{"loc":{"start":{"line":11,"column":8},"end":{"line":11,"column":111}},"type":"binary-expr","locations":[{"start":{"line":11,"column":8},"end":{"line":11,"column":36}},{"start":{"line":11,"column":40},"end":{"line":11,"column":111}}],"line":11},"2":{"loc":{"start":{"line":11,"column":69},"end":{"line":11,"column":110}},"type":"binary-expr","locations":[{"start":{"line":11,"column":69},"end":{"line":11,"column":83}},{"start":{"line":11,"column":87},"end":{"line":11,"column":110}}],"line":11},"3":{"loc":{"start":{"line":19,"column":4},"end":{"line":21,"column":5}},"type":"if","locations":[{"start":{"line":19,"column":4},"end":{"line":21,"column":5}},{"start":{},"end":{}}],"line":19},"4":{"loc":{"start":{"line":19,"column":8},"end":{"line":19,"column":59}},"type":"binary-expr","locations":[{"start":{"line":19,"column":8},"end":{"line":19,"column":33}},{"start":{"line":19,"column":37},"end":{"line":19,"column":59}}],"line":19},"5":{"loc":{"start":{"line":24,"column":43},"end":{"line":24,"column":78}},"type":"binary-expr","locations":[{"start":{"line":24,"column":43},"end":{"line":24,"column":55}},{"start":{"line":24,"column":59},"end":{"line":24,"column":69}},{"start":{"line":24,"column":73},"end":{"line":24,"column":78}}],"line":24},"6":{"loc":{"start":{"line":29,"column":4},"end":{"line":31,"column":5}},"type":"if","locations":[{"start":{"line":29,"column":4},"end":{"line":31,"column":5}},{"start":{},"end":{}}],"line":29},"7":{"loc":{"start":{"line":36,"column":6},"end":{"line":38,"column":7}},"type":"if","locations":[{"start":{"line":36,"column":6},"end":{"line":38,"column":7}},{"start":{},"end":{}}],"line":36},"8":{"loc":{"start":{"line":42,"column":59},"end":{"line":42,"column":97}},"type":"binary-expr","locations":[{"start":{"line":42,"column":59},"end":{"line":42,"column":72}},{"start":{"line":42,"column":76},"end":{"line":42,"column":87}},{"start":{"line":42,"column":91},"end":{"line":42,"column":97}}],"line":42},"9":{"loc":{"start":{"line":43,"column":18},"end":{"line":43,"column":42}},"type":"binary-expr","locations":[{"start":{"line":43,"column":18},"end":{"line":43,"column":37}},{"start":{"line":43,"column":41},"end":{"line":43,"column":42}}],"line":43},"10":{"loc":{"start":{"line":58,"column":25},"end":{"line":58,"column":141}},"type":"cond-expr","locations":[{"start":{"line":58,"column":101},"end":{"line":58,"column":117}},{"start":{"line":58,"column":120},"end":{"line":58,"column":141}}],"line":58},"11":{"loc":{"start":{"line":58,"column":25},"end":{"line":58,"column":98}},"type":"binary-expr","locations":[{"start":{"line":58,"column":25},"end":{"line":58,"column":41}},{"start":{"line":58,"column":45},"end":{"line":58,"column":98}}],"line":58},"12":{"loc":{"start":{"line":61,"column":30},"end":{"line":63,"column":17}},"type":"cond-expr","locations":[{"start":{"line":62,"column":8},"end":{"line":62,"column":27}},{"start":{"line":63,"column":8},"end":{"line":63,"column":17}}],"line":61},"13":{"loc":{"start":{"line":99,"column":4},"end":{"line":104,"column":5}},"type":"if","locations":[{"start":{"line":99,"column":4},"end":{"line":104,"column":5}},{"start":{},"end":{}}],"line":99},"14":{"loc":{"start":{"line":99,"column":8},"end":{"line":99,"column":71}},"type":"binary-expr","locations":[{"start":{"line":99,"column":8},"end":{"line":99,"column":42}},{"start":{"line":99,"column":46},"end":{"line":99,"column":71}}],"line":99},"15":{"loc":{"start":{"line":108,"column":4},"end":{"line":114,"column":5}},"type":"if","locations":[{"start":{"line":108,"column":4},"end":{"line":114,"column":5}},{"start":{"line":110,"column":11},"end":{"line":114,"column":5}}],"line":108},"16":{"loc":{"start":{"line":110,"column":11},"end":{"line":114,"column":5}},"type":"if","locations":[{"start":{"line":110,"column":11},"end":{"line":114,"column":5}},{"start":{"line":112,"column":11},"end":{"line":114,"column":5}}],"line":110},"17":{"loc":{"start":{"line":112,"column":11},"end":{"line":114,"column":5}},"type":"if","locations":[{"start":{"line":112,"column":11},"end":{"line":114,"column":5}},{"start":{},"end":{}}],"line":112},"18":{"loc":{"start":{"line":119,"column":4},"end":{"line":121,"column":5}},"type":"if","locations":[{"start":{"line":119,"column":4},"end":{"line":121,"column":5}},{"start":{},"end":{}}],"line":119},"19":{"loc":{"start":{"line":127,"column":18},"end":{"line":127,"column":47}},"type":"cond-expr","locations":[{"start":{"line":127,"column":31},"end":{"line":127,"column":43}},{"start":{"line":127,"column":46},"end":{"line":127,"column":47}}],"line":127},"20":{"loc":{"start":{"line":128,"column":6},"end":{"line":131,"column":7}},"type":"if","locations":[{"start":{"line":128,"column":6},"end":{"line":131,"column":7}},{"start":{},"end":{}}],"line":128},"21":{"loc":{"start":{"line":128,"column":10},"end":{"line":128,"column":66}},"type":"binary-expr","locations":[{"start":{"line":128,"column":10},"end":{"line":128,"column":26}},{"start":{"line":128,"column":30},"end":{"line":128,"column":66}}],"line":128},"22":{"loc":{"start":{"line":129,"column":25},"end":{"line":129,"column":87}},"type":"binary-expr","locations":[{"start":{"line":129,"column":25},"end":{"line":129,"column":56}},{"start":{"line":129,"column":60},"end":{"line":129,"column":81}},{"start":{"line":129,"column":85},"end":{"line":129,"column":87}}],"line":129},"23":{"loc":{"start":{"line":130,"column":27},"end":{"line":130,"column":100}},"type":"cond-expr","locations":[{"start":{"line":130,"column":50},"end":{"line":130,"column":81}},{"start":{"line":130,"column":84},"end":{"line":130,"column":100}}],"line":130},"24":{"loc":{"start":{"line":152,"column":4},"end":{"line":157,"column":5}},"type":"if","locations":[{"start":{"line":152,"column":4},"end":{"line":157,"column":5}},{"start":{},"end":{}}],"line":152},"25":{"loc":{"start":{"line":178,"column":4},"end":{"line":183,"column":5}},"type":"if","locations":[{"start":{"line":178,"column":4},"end":{"line":183,"column":5}},{"start":{},"end":{}}],"line":178},"26":{"loc":{"start":{"line":187,"column":4},"end":{"line":192,"column":5}},"type":"if","locations":[{"start":{"line":187,"column":4},"end":{"line":192,"column":5}},{"start":{},"end":{}}],"line":187},"27":{"loc":{"start":{"line":187,"column":8},"end":{"line":187,"column":89}},"type":"binary-expr","locations":[{"start":{"line":187,"column":8},"end":{"line":187,"column":30}},{"start":{"line":187,"column":34},"end":{"line":187,"column":89}}],"line":187},"28":{"loc":{"start":{"line":194,"column":4},"end":{"line":200,"column":5}},"type":"if","locations":[{"start":{"line":194,"column":4},"end":{"line":200,"column":5}},{"start":{},"end":{}}],"line":194},"29":{"loc":{"start":{"line":194,"column":8},"end":{"line":195,"column":65}},"type":"binary-expr","locations":[{"start":{"line":194,"column":8},"end":{"line":194,"column":59}},{"start":{"line":195,"column":8},"end":{"line":195,"column":65}}],"line":194},"30":{"loc":{"start":{"line":202,"column":4},"end":{"line":208,"column":5}},"type":"if","locations":[{"start":{"line":202,"column":4},"end":{"line":208,"column":5}},{"start":{},"end":{}}],"line":202},"31":{"loc":{"start":{"line":202,"column":8},"end":{"line":203,"column":34}},"type":"binary-expr","locations":[{"start":{"line":202,"column":8},"end":{"line":202,"column":90}},{"start":{"line":203,"column":8},"end":{"line":203,"column":34}}],"line":202},"32":{"loc":{"start":{"line":216,"column":4},"end":{"line":218,"column":5}},"type":"if","locations":[{"start":{"line":216,"column":4},"end":{"line":218,"column":5}},{"start":{},"end":{}}],"line":216},"33":{"loc":{"start":{"line":216,"column":8},"end":{"line":216,"column":48}},"type":"binary-expr","locations":[{"start":{"line":216,"column":8},"end":{"line":216,"column":16}},{"start":{"line":216,"column":20},"end":{"line":216,"column":48}}],"line":216},"34":{"loc":{"start":{"line":222,"column":6},"end":{"line":225,"column":7}},"type":"if","locations":[{"start":{"line":222,"column":6},"end":{"line":225,"column":7}},{"start":{},"end":{}}],"line":222},"35":{"loc":{"start":{"line":222,"column":10},"end":{"line":222,"column":89}},"type":"binary-expr","locations":[{"start":{"line":222,"column":10},"end":{"line":222,"column":32}},{"start":{"line":222,"column":36},"end":{"line":222,"column":61}},{"start":{"line":222,"column":65},"end":{"line":222,"column":89}}],"line":222},"36":{"loc":{"start":{"line":228,"column":6},"end":{"line":238,"column":7}},"type":"if","locations":[{"start":{"line":228,"column":6},"end":{"line":238,"column":7}},{"start":{},"end":{}}],"line":228},"37":{"loc":{"start":{"line":228,"column":10},"end":{"line":228,"column":81}},"type":"binary-expr","locations":[{"start":{"line":228,"column":10},"end":{"line":228,"column":32}},{"start":{"line":228,"column":36},"end":{"line":228,"column":50}},{"start":{"line":228,"column":54},"end":{"line":228,"column":81}}],"line":228},"38":{"loc":{"start":{"line":230,"column":8},"end":{"line":237,"column":9}},"type":"if","locations":[{"start":{"line":230,"column":8},"end":{"line":237,"column":9}},{"start":{},"end":{}}],"line":230},"39":{"loc":{"start":{"line":232,"column":10},"end":{"line":236,"column":11}},"type":"if","locations":[{"start":{"line":232,"column":10},"end":{"line":236,"column":11}},{"start":{},"end":{}}],"line":232},"40":{"loc":{"start":{"line":256,"column":4},"end":{"line":261,"column":5}},"type":"if","locations":[{"start":{"line":256,"column":4},"end":{"line":261,"column":5}},{"start":{},"end":{}}],"line":256},"41":{"loc":{"start":{"line":272,"column":18},"end":{"line":272,"column":47}},"type":"cond-expr","locations":[{"start":{"line":272,"column":31},"end":{"line":272,"column":43}},{"start":{"line":272,"column":46},"end":{"line":272,"column":47}}],"line":272},"42":{"loc":{"start":{"line":273,"column":6},"end":{"line":276,"column":7}},"type":"if","locations":[{"start":{"line":273,"column":6},"end":{"line":276,"column":7}},{"start":{},"end":{}}],"line":273},"43":{"loc":{"start":{"line":273,"column":10},"end":{"line":273,"column":66}},"type":"binary-expr","locations":[{"start":{"line":273,"column":10},"end":{"line":273,"column":26}},{"start":{"line":273,"column":30},"end":{"line":273,"column":66}}],"line":273},"44":{"loc":{"start":{"line":274,"column":25},"end":{"line":274,"column":87}},"type":"binary-expr","locations":[{"start":{"line":274,"column":25},"end":{"line":274,"column":56}},{"start":{"line":274,"column":60},"end":{"line":274,"column":81}},{"start":{"line":274,"column":85},"end":{"line":274,"column":87}}],"line":274},"45":{"loc":{"start":{"line":275,"column":27},"end":{"line":275,"column":100}},"type":"cond-expr","locations":[{"start":{"line":275,"column":50},"end":{"line":275,"column":81}},{"start":{"line":275,"column":84},"end":{"line":275,"column":100}}],"line":275}},"s":{"0":2,"1":1,"2":1,"3":1,"4":0,"5":1,"6":0,"7":1,"8":1,"9":1,"10":1,"11":1,"12":1,"13":1,"14":0,"15":1,"16":1,"17":1,"18":0,"19":1,"20":1,"21":1,"22":1,"23":1,"24":1,"25":1,"26":1,"27":1,"28":1,"29":1,"30":1,"31":1,"32":1,"33":1,"34":1,"35":0,"36":0,"37":2,"38":1,"39":1,"40":1,"41":0,"42":1,"43":1,"44":1,"45":0,"46":0,"47":0,"48":0,"49":1,"50":1,"51":0,"52":1,"53":1,"54":1,"55":1,"56":1,"57":1,"58":1,"59":1,"60":0,"61":0,"62":2,"63":0,"64":0,"65":0,"66":0,"67":0,"68":0,"69":0,"70":0,"71":2,"72":1,"73":1,"74":1,"75":1,"76":1,"77":1,"78":1,"79":0,"80":1,"81":1,"82":0,"83":1,"84":0,"85":1,"86":0,"87":1,"88":1,"89":1,"90":0,"91":1,"92":1,"93":0,"94":0,"95":1,"96":0,"97":0,"98":0,"99":0,"100":0,"101":0,"102":0,"103":1,"104":1,"105":0,"106":0,"107":0,"108":2,"109":0,"110":0,"111":0,"112":0,"113":0,"114":0,"115":0,"116":0,"117":0,"118":0,"119":0,"120":0},"f":{"0":1,"1":1,"2":1,"3":1,"4":1,"5":1,"6":1,"7":1,"8":0,"9":1,"10":0,"11":0},"b":{"0":[0,1],"1":[1,1],"2":[1,0],"3":[0,1],"4":[1,1],"5":[1,0,0],"6":[0,1],"7":[0,1],"8":[1,0,0],"9":[1,0],"10":[1,0],"11":[1,1],"12":[0,1],"13":[0,1],"14":[1,0],"15":[1,0],"16":[0,0],"17":[0,0],"18":[0,1],"19":[1,0],"20":[1,0],"21":[1,1],"22":[1,1,1],"23":[1,0],"24":[0,0],"25":[0,1],"26":[0,1],"27":[1,0],"28":[0,1],"29":[1,0],"30":[0,1],"31":[1,0],"32":[0,1],"33":[1,0],"34":[0,1],"35":[1,0,0],"36":[0,1],"37":[1,0,0],"38":[0,0],"39":[0,0],"40":[0,0],"41":[0,0],"42":[0,0],"43":[0,0],"44":[0,0,0],"45":[0,0]},"inputSourceMap":null,"_coverageSchema":"1a1c01bbd47fc00a2c39e90264f33305004495a9","hash":"b1863521eb46a4bf058bce4b02119f5301025769"}
,"/Users/yashdive/NCSU/NCSU Projects/Software_Engineering/proj2/Ecobites/server/src/controller/restaurant.controller.js": {"path":"/Users/yashdive/NCSU/NCSU Projects/Software_Engineering/proj2/Ecobites/server/src/controller/restaurant.controller.js","statementMap":{"0":{"start":{"line":2,"column":33},"end":{"line":19,"column":1}},"1":{"start":{"line":3,"column":2},"end":{"line":18,"column":3}},"2":{"start":{"line":4,"column":24},"end":{"line":6,"column":34}},"3":{"start":{"line":8,"column":4},"end":{"line":12,"column":7}},"4":{"start":{"line":14,"column":4},"end":{"line":17,"column":7}},"5":{"start":{"line":21,"column":33},"end":{"line":45,"column":1}},"6":{"start":{"line":22,"column":2},"end":{"line":44,"column":3}},"7":{"start":{"line":23,"column":19},"end":{"line":23,"column":29}},"8":{"start":{"line":25,"column":23},"end":{"line":26,"column":26}},"9":{"start":{"line":28,"column":4},"end":{"line":33,"column":5}},"10":{"start":{"line":29,"column":6},"end":{"line":32,"column":9}},"11":{"start":{"line":35,"column":4},"end":{"line":38,"column":7}},"12":{"start":{"line":40,"column":4},"end":{"line":43,"column":7}}},"fnMap":{"0":{"name":"(anonymous_0)","decl":{"start":{"line":2,"column":33},"end":{"line":2,"column":34}},"loc":{"start":{"line":2,"column":53},"end":{"line":19,"column":1}},"line":2},"1":{"name":"(anonymous_1)","decl":{"start":{"line":21,"column":33},"end":{"line":21,"column":34}},"loc":{"start":{"line":21,"column":53},"end":{"line":45,"column":1}},"line":21}},"branchMap":{"0":{"loc":{"start":{"line":28,"column":4},"end":{"line":33,"column":5}},"type":"if","locations":[{"start":{"line":28,"column":4},"end":{"line":33,"column":5}},{"start":{},"end":{}}],"line":28}},"s":{"0":2,"1":0,"2":0,"3":0,"4":0,"5":2,"6":0,"7":0,"8":0,"9":0,"10":0,"11":0,"12":0},"f":{"0":0,"1":0},"b":{"0":[0,0]},"inputSourceMap":null,"_coverageSchema":"1a1c01bbd47fc00a2c39e90264f33305004495a9","hash":"f57dcce640cc6124a9717ff07f72d78c9305b92a"}
,"/Users/yashdive/NCSU/NCSU Projects/Software_Engineering/proj2/Ecobites/server/src/middleware/auth.middleware.js": {"path":"/Users/yashdive/NCSU/NCSU Projects/Software_Engineering/proj2/Ecobites/server/src/middleware/auth.middleware.js","statementMap":{"0":{"start":{"line":3,"column":19},"end":{"line":3,"column":83}},"1":{"start":{"line":5,"column":33},"end":{"line":21,"column":1}},"2":{"start":{"line":6,"column":21},"end":{"line":6,"column":49}},"3":{"start":{"line":7,"column":16},"end":{"line":7,"column":54}},"4":{"start":{"line":9,"column":2},"end":{"line":11,"column":3}},"5":{"start":{"line":10,"column":4},"end":{"line":10,"column":68}},"6":{"start":{"line":13,"column":2},"end":{"line":20,"column":5}},"7":{"start":{"line":14,"column":4},"end":{"line":16,"column":5}},"8":{"start":{"line":15,"column":6},"end":{"line":15,"column":73}},"9":{"start":{"line":18,"column":4},"end":{"line":18,"column":20}},"10":{"start":{"line":19,"column":4},"end":{"line":19,"column":11}},"11":{"start":{"line":24,"column":30},"end":{"line":38,"column":1}},"12":{"start":{"line":25,"column":2},"end":{"line":37,"column":4}},"13":{"start":{"line":27,"column":4},"end":{"line":29,"column":5}},"14":{"start":{"line":28,"column":6},"end":{"line":28,"column":61}},"15":{"start":{"line":36,"column":4},"end":{"line":36,"column":11}},"16":{"start":{"line":41,"column":23},"end":{"line":73,"column":1}},"17":{"start":{"line":42,"column":2},"end":{"line":72,"column":3}},"18":{"start":{"line":45,"column":4},"end":{"line":47,"column":5}},"19":{"start":{"line":46,"column":6},"end":{"line":46,"column":54}},"20":{"start":{"line":49,"column":4},"end":{"line":54,"column":5}},"21":{"start":{"line":50,"column":6},"end":{"line":53,"column":9}},"22":{"start":{"line":56,"column":20},"end":{"line":56,"column":49}},"23":{"start":{"line":57,"column":4},"end":{"line":57,"column":71}},"24":{"start":{"line":59,"column":4},"end":{"line":64,"column":5}},"25":{"start":{"line":60,"column":6},"end":{"line":63,"column":9}},"26":{"start":{"line":66,"column":4},"end":{"line":66,"column":11}},"27":{"start":{"line":68,"column":4},"end":{"line":71,"column":7}},"28":{"start":{"line":75,"column":25},"end":{"line":85,"column":1}},"29":{"start":{"line":76,"column":2},"end":{"line":84,"column":4}},"30":{"start":{"line":77,"column":4},"end":{"line":82,"column":5}},"31":{"start":{"line":78,"column":6},"end":{"line":81,"column":9}},"32":{"start":{"line":83,"column":4},"end":{"line":83,"column":11}}},"fnMap":{"0":{"name":"(anonymous_0)","decl":{"start":{"line":5,"column":33},"end":{"line":5,"column":34}},"loc":{"start":{"line":5,"column":53},"end":{"line":21,"column":1}},"line":5},"1":{"name":"(anonymous_1)","decl":{"start":{"line":13,"column":32},"end":{"line":13,"column":33}},"loc":{"start":{"line":13,"column":47},"end":{"line":20,"column":3}},"line":13},"2":{"name":"(anonymous_2)","decl":{"start":{"line":24,"column":30},"end":{"line":24,"column":31}},"loc":{"start":{"line":24,"column":44},"end":{"line":38,"column":1}},"line":24},"3":{"name":"(anonymous_3)","decl":{"start":{"line":25,"column":9},"end":{"line":25,"column":10}},"loc":{"start":{"line":25,"column":29},"end":{"line":37,"column":3}},"line":25},"4":{"name":"(anonymous_4)","decl":{"start":{"line":41,"column":23},"end":{"line":41,"column":24}},"loc":{"start":{"line":41,"column":49},"end":{"line":73,"column":1}},"line":41},"5":{"name":"(anonymous_5)","decl":{"start":{"line":75,"column":25},"end":{"line":75,"column":26}},"loc":{"start":{"line":75,"column":39},"end":{"line":85,"column":1}},"line":75},"6":{"name":"(anonymous_6)","decl":{"start":{"line":76,"column":9},"end":{"line":76,"column":10}},"loc":{"start":{"line":76,"column":29},"end":{"line":84,"column":3}},"line":76}},"branchMap":{"0":{"loc":{"start":{"line":3,"column":19},"end":{"line":3,"column":83}},"type":"binary-expr","locations":[{"start":{"line":3,"column":19},"end":{"line":3,"column":41}},{"start":{"line":3,"column":45},"end":{"line":3,"column":83}}],"line":3},"1":{"loc":{"start":{"line":7,"column":16},"end":{"line":7,"column":54}},"type":"binary-expr","locations":[{"start":{"line":7,"column":16},"end":{"line":7,"column":26}},{"start":{"line":7,"column":30},"end":{"line":7,"column":54}}],"line":7},"2":{"loc":{"start":{"line":9,"column":2},"end":{"line":11,"column":3}},"type":"if","locations":[{"start":{"line":9,"column":2},"end":{"line":11,"column":3}},{"start":{},"end":{}}],"line":9},"3":{"loc":{"start":{"line":14,"column":4},"end":{"line":16,"column":5}},"type":"if","locations":[{"start":{"line":14,"column":4},"end":{"line":16,"column":5}},{"start":{},"end":{}}],"line":14},"4":{"loc":{"start":{"line":27,"column":4},"end":{"line":29,"column":5}},"type":"if","locations":[{"start":{"line":27,"column":4},"end":{"line":29,"column":5}},{"start":{},"end":{}}],"line":27},"5":{"loc":{"start":{"line":45,"column":4},"end":{"line":47,"column":5}},"type":"if","locations":[{"start":{"line":45,"column":4},"end":{"line":47,"column":5}},{"start":{},"end":{}}],"line":45},"6":{"loc":{"start":{"line":45,"column":8},"end":{"line":45,"column":83}},"type":"binary-expr","locations":[{"start":{"line":45,"column":8},"end":{"line":45,"column":33}},{"start":{"line":45,"column":37},"end":{"line":45,"column":83}}],"line":45},"7":{"loc":{"start":{"line":49,"column":4},"end":{"line":54,"column":5}},"type":"if","locations":[{"start":{"line":49,"column":4},"end":{"line":54,"column":5}},{"start":{},"end":{}}],"line":49},"8":{"loc":{"start":{"line":59,"column":4},"end":{"line":64,"column":5}},"type":"if","locations":[{"start":{"line":59,"column":4},"end":{"line":64,"column":5}},{"start":{},"end":{}}],"line":59},"9":{"loc":{"start":{"line":77,"column":4},"end":{"line":82,"column":5}},"type":"if","locations":[{"start":{"line":77,"column":4},"end":{"line":82,"column":5}},{"start":{},"end":{}}],"line":77}},"s":{"0":2,"1":2,"2":0,"3":0,"4":0,"5":0,"6":0,"7":0,"8":0,"9":0,"10":0,"11":2,"12":0,"13":0,"14":0,"15":0,"16":2,"17":4,"18":4,"19":4,"20":4,"21":0,"22":4,"23":4,"24":4,"25":0,"26":4,"27":0,"28":2,"29":6,"30":1,"31":0,"32":1},"f":{"0":0,"1":0,"2":0,"3":0,"4":4,"5":6,"6":1},"b":{"0":[2,2],"1":[0,0],"2":[0,0],"3":[0,0],"4":[0,0],"5":[4,0],"6":[4,4],"7":[0,4],"8":[0,4],"9":[0,1]},"inputSourceMap":null,"_coverageSchema":"1a1c01bbd47fc00a2c39e90264f33305004495a9","hash":"e644936b78ab2177ba09243b2daeab550039970e"}
,"/Users/yashdive/NCSU/NCSU Projects/Software_Engineering/proj2/Ecobites/server/src/models/MenuItem.model.js": {"path":"/Users/yashdive/NCSU/NCSU Projects/Software_Engineering/proj2/Ecobites/server/src/models/MenuItem.model.js","statementMap":{"0":{"start":{"line":2,"column":23},"end":{"line":45,"column":2}},"1":{"start":{"line":47,"column":24},"end":{"line":47,"column":66}}},"fnMap":{},"branchMap":{},"s":{"0":2,"1":2},"f":{},"b":{},"inputSourceMap":null,"_coverageSchema":"1a1c01bbd47fc00a2c39e90264f33305004495a9","hash":"0904a245fae527f3027356ebd1a2ac28799ca74b"}
,"/Users/yashdive/NCSU/NCSU Projects/Software_Engineering/proj2/Ecobites/server/src/models/Order.model.js": {"path":"/Users/yashdive/NCSU/NCSU Projects/Software_Engineering/proj2/Ecobites/server/src/models/Order.model.js","statementMap":{"0":{"start":{"line":2,"column":20},"end":{"line":131,"column":2}},"1":{"start":{"line":134,"column":0},"end":{"line":140,"column":3}},"2":{"start":{"line":135,"column":2},"end":{"line":138,"column":3}},"3":{"start":{"line":136,"column":18},"end":{"line":136,"column":64}},"4":{"start":{"line":137,"column":4},"end":{"line":137,"column":66}},"5":{"start":{"line":139,"column":2},"end":{"line":139,"column":9}},"6":{"start":{"line":142,"column":21},"end":{"line":142,"column":57}}},"fnMap":{"0":{"name":"(anonymous_0)","decl":{"start":{"line":134,"column":28},"end":{"line":134,"column":29}},"loc":{"start":{"line":134,"column":49},"end":{"line":140,"column":1}},"line":134}},"branchMap":{"0":{"loc":{"start":{"line":135,"column":2},"end":{"line":138,"column":3}},"type":"if","locations":[{"start":{"line":135,"column":2},"end":{"line":138,"column":3}},{"start":{},"end":{}}],"line":135},"1":{"loc":{"start":{"line":135,"column":6},"end":{"line":135,"column":37}},"type":"binary-expr","locations":[{"start":{"line":135,"column":6},"end":{"line":135,"column":16}},{"start":{"line":135,"column":20},"end":{"line":135,"column":37}}],"line":135}},"s":{"0":2,"1":2,"2":4,"3":3,"4":3,"5":4,"6":2},"f":{"0":4},"b":{"0":[3,1],"1":[4,3]},"inputSourceMap":null,"_coverageSchema":"1a1c01bbd47fc00a2c39e90264f33305004495a9","hash":"0b7b091d6899070cae771158bf2a619147e052c8"}
,"/Users/yashdive/NCSU/NCSU Projects/Software_Engineering/proj2/Ecobites/server/src/models/User.model.js": {"path":"/Users/yashdive/NCSU/NCSU Projects/Software_Engineering/proj2/Ecobites/server/src/models/User.model.js","statementMap":{"0":{"start":{"line":4,"column":19},"end":{"line":56,"column":2}},"1":{"start":{"line":61,"column":0},"end":{"line":66,"column":3}},"2":{"start":{"line":62,"column":2},"end":{"line":62,"column":50}},"3":{"start":{"line":62,"column":36},"end":{"line":62,"column":50}},"4":{"start":{"line":63,"column":15},"end":{"line":63,"column":39}},"5":{"start":{"line":64,"column":2},"end":{"line":64,"column":57}},"6":{"start":{"line":65,"column":2},"end":{"line":65,"column":9}},"7":{"start":{"line":69,"column":0},"end":{"line":71,"column":2}},"8":{"start":{"line":70,"column":2},"end":{"line":70,"column":62}},"9":{"start":{"line":73,"column":20},"end":{"line":73,"column":54}}},"fnMap":{"0":{"name":"(anonymous_0)","decl":{"start":{"line":61,"column":23},"end":{"line":61,"column":24}},"loc":{"start":{"line":61,"column":45},"end":{"line":66,"column":1}},"line":61},"1":{"name":"(anonymous_1)","decl":{"start":{"line":69,"column":37},"end":{"line":69,"column":38}},"loc":{"start":{"line":69,"column":70},"end":{"line":71,"column":1}},"line":69}},"branchMap":{"0":{"loc":{"start":{"line":62,"column":2},"end":{"line":62,"column":50}},"type":"if","locations":[{"start":{"line":62,"column":2},"end":{"line":62,"column":50}},{"start":{},"end":{}}],"line":62}},"s":{"0":2,"1":2,"2":4,"3":0,"4":4,"5":4,"6":4,"7":2,"8":2,"9":2},"f":{"0":4,"1":2},"b":{"0":[0,4]},"inputSourceMap":null,"_coverageSchema":"1a1c01bbd47fc00a2c39e90264f33305004495a9","hash":"5f39213c8f05bba8981b3881e6e3139ee09a3158"}
,"/Users/yashdive/NCSU/NCSU Projects/Software_Engineering/proj2/Ecobites/server/src/routes/auth.routes.js": {"path":"/Users/yashdive/NCSU/NCSU Projects/Software_Engineering/proj2/Ecobites/server/src/routes/auth.routes.js","statementMap":{"0":{"start":{"line":5,"column":15},"end":{"line":5,"column":23}},"1":{"start":{"line":8,"column":0},"end":{"line":8,"column":35}},"2":{"start":{"line":9,"column":0},"end":{"line":9,"column":29}},"3":{"start":{"line":10,"column":0},"end":{"line":10,"column":31}}},"fnMap":{},"branchMap":{},"s":{"0":2,"1":2,"2":2,"3":2},"f":{},"b":{},"inputSourceMap":null,"_coverageSchema":"1a1c01bbd47fc00a2c39e90264f33305004495a9","hash":"a95d7490b0b29b41cacfb48952555d0d84838b42"}
,"/Users/yashdive/NCSU/NCSU Projects/Software_Engineering/proj2/Ecobites/server/src/routes/index.js": {"path":"/Users/yashdive/NCSU/NCSU Projects/Software_Engineering/proj2/Ecobites/server/src/routes/index.js","statementMap":{"0":{"start":{"line":4,"column":15},"end":{"line":4,"column":31}},"1":{"start":{"line":6,"column":0},"end":{"line":6,"column":33}}},"fnMap":{},"branchMap":{},"s":{"0":2,"1":2},"f":{},"b":{},"inputSourceMap":null,"_coverageSchema":"1a1c01bbd47fc00a2c39e90264f33305004495a9","hash":"9cc12c8067d132c8137ef1d5ef26654b6c98f96c"}
,"/Users/yashdive/NCSU/NCSU Projects/Software_Engineering/proj2/Ecobites/server/src/routes/menu.routes.js": {"path":"/Users/yashdive/NCSU/NCSU Projects/Software_Engineering/proj2/Ecobites/server/src/routes/menu.routes.js","statementMap":{"0":{"start":{"line":4,"column":15},"end":{"line":4,"column":23}},"1":{"start":{"line":9,"column":0},"end":{"line":9,"column":67}},"2":{"start":{"line":10,"column":0},"end":{"line":10,"column":61}},"3":{"start":{"line":11,"column":0},"end":{"line":11,"column":69}},"4":{"start":{"line":12,"column":0},"end":{"line":12,"column":72}}},"fnMap":{},"branchMap":{},"s":{"0":2,"1":2,"2":2,"3":2,"4":2},"f":{},"b":{},"inputSourceMap":null,"_coverageSchema":"1a1c01bbd47fc00a2c39e90264f33305004495a9","hash":"c225023f4f3712089c9cea3ba18d32c5af35350d"}
,"/Users/yashdive/NCSU/NCSU Projects/Software_Engineering/proj2/Ecobites/server/src/routes/orders.routes.js": {"path":"/Users/yashdive/NCSU/NCSU Projects/Software_Engineering/proj2/Ecobites/server/src/routes/orders.routes.js","statementMap":{"0":{"start":{"line":7,"column":15},"end":{"line":7,"column":23}},"1":{"start":{"line":10,"column":0},"end":{"line":10,"column":39}},"2":{"start":{"line":13,"column":0},"end":{"line":13,"column":72}},"3":{"start":{"line":14,"column":0},"end":{"line":14,"column":54}},"4":{"start":{"line":16,"column":0},"end":{"line":16,"column":61}},"5":{"start":{"line":18,"column":0},"end":{"line":18,"column":59}},"6":{"start":{"line":21,"column":0},"end":{"line":21,"column":55}}},"fnMap":{},"branchMap":{},"s":{"0":2,"1":2,"2":2,"3":2,"4":2,"5":2,"6":2},"f":{},"b":{},"inputSourceMap":null,"_coverageSchema":"1a1c01bbd47fc00a2c39e90264f33305004495a9","hash":"45e8b7257f7494daa070bd79cb85e3569c99abe3"}
,"/Users/yashdive/NCSU/NCSU Projects/Software_Engineering/proj2/Ecobites/server/src/routes/restaurant.routes.js": {"path":"/Users/yashdive/NCSU/NCSU Projects/Software_Engineering/proj2/Ecobites/server/src/routes/restaurant.routes.js","statementMap":{"0":{"start":{"line":6,"column":15},"end":{"line":6,"column":23}},"1":{"start":{"line":7,"column":0},"end":{"line":7,"column":35}},"2":{"start":{"line":8,"column":0},"end":{"line":8,"column":38}}},"fnMap":{},"branchMap":{},"s":{"0":2,"1":2,"2":2},"f":{},"b":{},"inputSourceMap":null,"_coverageSchema":"1a1c01bbd47fc00a2c39e90264f33305004495a9","hash":"bfc99856206e7d3aadabc0abf00cd970bc62c442"}
}
