TN:
SF:src/app.js
FN:21,(anonymous_0)
FNF:1
FNH:0
FNDA:0,(anonymous_0)
DA:9,2
DA:11,2
DA:12,2
DA:13,2
DA:14,2
DA:15,2
DA:16,2
DA:17,2
DA:21,2
DA:22,0
LF:10
LH:9
BRF:0
BRH:0
end_of_record
TN:
SF:src/setupTests.js
FN:8,(anonymous_0)
FN:14,(anonymous_1)
FN:20,(anonymous_2)
FNF:3
FNH:3
FNDA:2,(anonymous_0)
FNDA:2,(anonymous_1)
FNDA:3,(anonymous_2)
DA:8,2
DA:9,2
DA:10,2
DA:11,2
DA:14,2
DA:15,2
DA:16,2
DA:17,2
DA:20,2
DA:21,3
DA:22,3
DA:23,9
LF:12
LH:12
BRF:0
BRH:0
end_of_record
TN:
SF:src/config/constants.js
FN:59,(anonymous_0)
FN:69,(anonymous_1)
FNF:2
FNH:1
FNDA:0,(anonymous_0)
FNDA:1,(anonymous_1)
DA:2,2
DA:16,2
DA:24,2
DA:31,2
DA:38,2
DA:50,2
DA:59,2
DA:60,0
DA:61,0
DA:62,0
DA:63,0
DA:64,0
DA:65,0
DA:69,2
DA:70,1
DA:71,1
LF:16
LH:10
BRDA:60,0,0,0
BRDA:60,0,1,0
BRDA:62,1,0,0
BRDA:62,1,1,0
BRDA:62,2,0,0
BRDA:62,2,1,0
BRDA:63,3,0,0
BRDA:63,3,1,0
BRDA:63,4,0,0
BRDA:63,4,1,0
BRDA:64,5,0,0
BRDA:64,5,1,0
BRDA:64,6,0,0
BRDA:64,6,1,0
BRDA:70,7,0,0
BRDA:70,7,1,1
BRDA:71,8,0,1
BRDA:71,8,1,0
BRF:18
BRH:2
end_of_record
TN:
SF:src/controller/auth.controller.js
FN:6,(anonymous_0)
FN:86,(anonymous_1)
FN:134,(anonymous_2)
FNF:3
FNH:2
FNDA:5,(anonymous_0)
FNDA:2,(anonymous_1)
FNDA:0,(anonymous_2)
DA:4,2
DA:6,2
DA:7,5
DA:17,5
DA:18,5
DA:20,5
DA:21,0
DA:24,5
DA:25,0
DA:28,5
DA:29,5
DA:30,1
DA:33,4
DA:42,4
DA:43,1
DA:44,1
DA:47,4
DA:48,0
DA:49,0
DA:52,4
DA:53,4
DA:56,4
DA:62,4
DA:64,4
DA:81,0
DA:82,0
DA:86,2
DA:87,2
DA:88,2
DA:90,2
DA:91,0
DA:94,2
DA:95,2
DA:96,0
DA:99,2
DA:100,2
DA:101,0
DA:104,2
DA:110,2
DA:112,2
DA:129,0
DA:130,0
DA:134,2
DA:135,0
DA:137,0
DA:138,0
DA:140,0
DA:155,0
DA:156,0
LF:49
LH:32
BRDA:4,0,0,2
BRDA:4,0,1,2
BRDA:20,1,0,0
BRDA:20,1,1,5
BRDA:20,2,0,5
BRDA:20,2,1,5
BRDA:20,2,2,5
BRDA:24,3,0,0
BRDA:24,3,1,5
BRDA:29,4,0,1
BRDA:29,4,1,4
BRDA:38,5,0,4
BRDA:38,5,1,2
BRDA:42,6,0,1
BRDA:42,6,1,3
BRDA:47,7,0,0
BRDA:47,7,1,4
BRDA:73,8,0,4
BRDA:73,8,1,4
BRDA:74,9,0,4
BRDA:74,9,1,4
BRDA:75,10,0,4
BRDA:75,10,1,4
BRDA:76,11,0,4
BRDA:76,11,1,4
BRDA:77,12,0,4
BRDA:77,12,1,0
BRDA:90,13,0,0
BRDA:90,13,1,2
BRDA:90,14,0,2
BRDA:90,14,1,2
BRDA:95,15,0,0
BRDA:95,15,1,2
BRDA:100,16,0,0
BRDA:100,16,1,2
BRDA:121,17,0,2
BRDA:121,17,1,2
BRDA:122,18,0,2
BRDA:122,18,1,2
BRDA:123,19,0,2
BRDA:123,19,1,2
BRDA:124,20,0,2
BRDA:124,20,1,2
BRDA:125,21,0,2
BRDA:125,21,1,0
BRDA:137,22,0,0
BRDA:137,22,1,0
BRDA:147,23,0,0
BRDA:147,23,1,0
BRDA:148,24,0,0
BRDA:148,24,1,0
BRDA:149,25,0,0
BRDA:149,25,1,0
BRDA:150,26,0,0
BRDA:150,26,1,0
BRDA:151,27,0,0
BRDA:151,27,1,0
BRF:57
BRH:37
end_of_record
TN:
SF:src/controller/healthController.js
FN:1,(anonymous_0)
FNF:1
FNH:0
FNDA:0,(anonymous_0)
DA:1,2
DA:2,0
LF:2
LH:1
BRF:0
BRH:0
end_of_record
TN:
SF:src/controller/menu.controller.js
FN:4,(anonymous_0)
FN:53,(anonymous_1)
FN:70,(anonymous_2)
FN:107,(anonymous_3)
FNF:4
FNH:2
FNDA:1,(anonymous_0)
FNDA:1,(anonymous_1)
FNDA:0,(anonymous_2)
FNDA:0,(anonymous_3)
DA:4,2
DA:5,1
DA:6,1
DA:9,1
DA:10,1
DA:14,1
DA:15,1
DA:16,0
DA:22,1
DA:23,0
DA:29,1
DA:40,1
DA:43,1
DA:45,0
DA:46,0
DA:53,2
DA:54,1
DA:55,1
DA:57,1
DA:61,1
DA:63,0
DA:70,2
DA:71,0
DA:72,0
DA:74,0
DA:75,0
DA:76,0
DA:82,0
DA:83,0
DA:89,0
DA:94,0
DA:100,0
DA:107,2
DA:108,0
DA:109,0
DA:111,0
DA:112,0
DA:113,0
DA:119,0
DA:120,0
DA:126,0
DA:128,0
DA:133,0
LF:43
LH:18
BRDA:9,0,0,1
BRDA:9,0,1,0
BRDA:9,1,0,1
BRDA:9,1,1,1
BRDA:9,1,2,1
BRDA:14,2,0,1
BRDA:14,2,1,0
BRDA:15,3,0,0
BRDA:15,3,1,1
BRDA:15,4,0,1
BRDA:15,4,1,1
BRDA:22,5,0,0
BRDA:22,5,1,1
BRDA:22,6,0,1
BRDA:22,6,1,1
BRDA:75,7,0,0
BRDA:75,7,1,0
BRDA:82,8,0,0
BRDA:82,8,1,0
BRDA:82,9,0,0
BRDA:82,9,1,0
BRDA:112,10,0,0
BRDA:112,10,1,0
BRDA:119,11,0,0
BRDA:119,11,1,0
BRDA:119,12,0,0
BRDA:119,12,1,0
BRF:27
BRH:11
end_of_record
TN:
SF:src/controller/orders.controller.js
FN:6,(anonymous_0)
FN:24,(anonymous_1)
FN:27,(anonymous_2)
FN:41,(anonymous_3)
FN:42,(anonymous_4)
FN:52,(anonymous_5)
FN:95,(anonymous_6)
FN:126,(anonymous_7)
FN:146,(anonymous_8)
FN:170,(anonymous_9)
FN:254,(anonymous_10)
FN:271,(anonymous_11)
FNF:12
FNH:9
FNDA:1,(anonymous_0)
FNDA:1,(anonymous_1)
FNDA:1,(anonymous_2)
FNDA:1,(anonymous_3)
FNDA:1,(anonymous_4)
FNDA:1,(anonymous_5)
FNDA:1,(anonymous_6)
FNDA:1,(anonymous_7)
FNDA:0,(anonymous_8)
FNDA:1,(anonymous_9)
FNDA:0,(anonymous_10)
FNDA:0,(anonymous_11)
DA:6,2
DA:7,1
DA:8,1
DA:11,1
DA:12,0
DA:19,1
DA:20,0
DA:24,1
DA:25,1
DA:26,1
DA:27,1
DA:29,1
DA:30,0
DA:34,1
DA:35,1
DA:36,1
DA:37,0
DA:41,1
DA:42,1
DA:43,1
DA:44,1
DA:52,1
DA:53,1
DA:54,1
DA:55,1
DA:58,1
DA:61,1
DA:64,1
DA:66,1
DA:82,1
DA:85,1
DA:87,0
DA:88,0
DA:95,2
DA:96,1
DA:97,1
DA:99,1
DA:100,0
DA:106,1
DA:108,1
DA:109,1
DA:110,0
DA:111,0
DA:112,0
DA:113,0
DA:116,1
DA:119,1
DA:120,0
DA:123,1
DA:126,1
DA:127,1
DA:128,1
DA:129,1
DA:130,1
DA:132,1
DA:136,1
DA:138,0
DA:139,0
DA:146,2
DA:147,0
DA:148,0
DA:150,0
DA:152,0
DA:153,0
DA:160,0
DA:162,0
DA:163,0
DA:170,2
DA:171,1
DA:172,1
DA:173,1
DA:174,1
DA:176,1
DA:177,1
DA:178,1
DA:179,0
DA:186,1
DA:187,1
DA:188,0
DA:194,1
DA:196,0
DA:202,1
DA:204,0
DA:210,1
DA:211,1
DA:216,1
DA:217,0
DA:220,1
DA:222,1
DA:223,0
DA:224,0
DA:228,1
DA:229,0
DA:230,0
DA:231,0
DA:232,0
DA:233,0
DA:234,0
DA:235,0
DA:239,1
DA:241,1
DA:243,0
DA:244,0
DA:247,0
DA:254,2
DA:255,0
DA:256,0
DA:257,0
DA:263,0
DA:271,0
DA:272,0
DA:273,0
DA:274,0
DA:275,0
DA:277,0
DA:280,0
DA:282,0
LF:117
LH:66
BRDA:11,0,0,0
BRDA:11,0,1,1
BRDA:11,1,0,1
BRDA:11,1,1,1
BRDA:11,2,0,1
BRDA:11,2,1,0
BRDA:19,3,0,0
BRDA:19,3,1,1
BRDA:19,4,0,1
BRDA:19,4,1,1
BRDA:24,5,0,1
BRDA:24,5,1,0
BRDA:24,5,2,0
BRDA:29,6,0,0
BRDA:29,6,1,1
BRDA:36,7,0,0
BRDA:36,7,1,1
BRDA:42,8,0,1
BRDA:42,8,1,0
BRDA:42,8,2,0
BRDA:43,9,0,1
BRDA:43,9,1,0
BRDA:58,10,0,1
BRDA:58,10,1,0
BRDA:58,11,0,1
BRDA:58,11,1,1
BRDA:61,12,0,0
BRDA:61,12,1,1
BRDA:99,13,0,0
BRDA:99,13,1,1
BRDA:99,14,0,1
BRDA:99,14,1,0
BRDA:108,15,0,1
BRDA:108,15,1,0
BRDA:110,16,0,0
BRDA:110,16,1,0
BRDA:112,17,0,0
BRDA:112,17,1,0
BRDA:119,18,0,0
BRDA:119,18,1,1
BRDA:127,19,0,1
BRDA:127,19,1,0
BRDA:128,20,0,1
BRDA:128,20,1,0
BRDA:128,21,0,1
BRDA:128,21,1,1
BRDA:129,22,0,1
BRDA:129,22,1,1
BRDA:129,22,2,1
BRDA:130,23,0,1
BRDA:130,23,1,0
BRDA:152,24,0,0
BRDA:152,24,1,0
BRDA:178,25,0,0
BRDA:178,25,1,1
BRDA:187,26,0,0
BRDA:187,26,1,1
BRDA:187,27,0,1
BRDA:187,27,1,0
BRDA:194,28,0,0
BRDA:194,28,1,1
BRDA:194,29,0,1
BRDA:194,29,1,0
BRDA:202,30,0,0
BRDA:202,30,1,1
BRDA:202,31,0,1
BRDA:202,31,1,0
BRDA:216,32,0,0
BRDA:216,32,1,1
BRDA:216,33,0,1
BRDA:216,33,1,0
BRDA:222,34,0,0
BRDA:222,34,1,1
BRDA:222,35,0,1
BRDA:222,35,1,0
BRDA:222,35,2,0
BRDA:228,36,0,0
BRDA:228,36,1,1
BRDA:228,37,0,1
BRDA:228,37,1,0
BRDA:228,37,2,0
BRDA:230,38,0,0
BRDA:230,38,1,0
BRDA:232,39,0,0
BRDA:232,39,1,0
BRDA:256,40,0,0
BRDA:256,40,1,0
BRDA:272,41,0,0
BRDA:272,41,1,0
BRDA:273,42,0,0
BRDA:273,42,1,0
BRDA:273,43,0,0
BRDA:273,43,1,0
BRDA:274,44,0,0
BRDA:274,44,1,0
BRDA:274,44,2,0
BRDA:275,45,0,0
BRDA:275,45,1,0
BRF:98
BRH:41
end_of_record
TN:
SF:src/controller/restaurant.controller.js
FN:2,(anonymous_0)
FN:21,(anonymous_1)
FNF:2
FNH:0
FNDA:0,(anonymous_0)
FNDA:0,(anonymous_1)
DA:2,2
DA:3,0
DA:4,0
DA:8,0
DA:14,0
DA:21,2
DA:22,0
DA:23,0
DA:25,0
DA:28,0
DA:29,0
DA:35,0
DA:40,0
LF:13
LH:2
BRDA:28,0,0,0
BRDA:28,0,1,0
BRF:2
BRH:0
end_of_record
TN:
SF:src/middleware/auth.middleware.js
FN:5,(anonymous_0)
FN:13,(anonymous_1)
FN:24,(anonymous_2)
FN:25,(anonymous_3)
FN:41,(anonymous_4)
FN:75,(anonymous_5)
FN:76,(anonymous_6)
FNF:7
FNH:3
FNDA:0,(anonymous_0)
FNDA:0,(anonymous_1)
FNDA:0,(anonymous_2)
FNDA:0,(anonymous_3)
FNDA:4,(anonymous_4)
FNDA:6,(anonymous_5)
FNDA:1,(anonymous_6)
DA:3,2
DA:5,2
DA:6,0
DA:7,0
DA:9,0
DA:10,0
DA:13,0
DA:14,0
DA:15,0
DA:18,0
DA:19,0
DA:24,2
DA:25,0
DA:27,0
DA:28,0
DA:36,0
DA:41,2
DA:42,4
DA:45,4
DA:46,4
DA:49,4
DA:50,0
DA:56,4
DA:57,4
DA:59,4
DA:60,0
DA:66,4
DA:68,0
DA:75,2
DA:76,6
DA:77,1
DA:78,0
DA:83,1
LF:33
LH:16
BRDA:3,0,0,2
BRDA:3,0,1,2
BRDA:7,1,0,0
BRDA:7,1,1,0
BRDA:9,2,0,0
BRDA:9,2,1,0
BRDA:14,3,0,0
BRDA:14,3,1,0
BRDA:27,4,0,0
BRDA:27,4,1,0
BRDA:45,5,0,4
BRDA:45,5,1,0
BRDA:45,6,0,4
BRDA:45,6,1,4
BRDA:49,7,0,0
BRDA:49,7,1,4
BRDA:59,8,0,0
BRDA:59,8,1,4
BRDA:77,9,0,0
BRDA:77,9,1,1
BRF:20
BRH:8
end_of_record
TN:
SF:src/models/MenuItem.model.js
FNF:0
FNH:0
DA:2,2
DA:47,2
LF:2
LH:2
BRF:0
BRH:0
end_of_record
TN:
SF:src/models/Order.model.js
FN:134,(anonymous_0)
FNF:1
FNH:1
FNDA:4,(anonymous_0)
DA:2,2
DA:134,2
DA:135,4
DA:136,3
DA:137,3
DA:139,4
DA:142,2
LF:7
LH:7
BRDA:135,0,0,3
BRDA:135,0,1,1
BRDA:135,1,0,4
BRDA:135,1,1,3
BRF:4
BRH:4
end_of_record
TN:
SF:src/models/User.model.js
FN:61,(anonymous_0)
FN:69,(anonymous_1)
FNF:2
FNH:2
FNDA:4,(anonymous_0)
FNDA:2,(anonymous_1)
DA:4,2
DA:61,2
DA:62,4
DA:63,4
DA:64,4
DA:65,4
DA:69,2
DA:70,2
DA:73,2
LF:9
LH:9
BRDA:62,0,0,0
BRDA:62,0,1,4
BRF:2
BRH:1
end_of_record
TN:
SF:src/routes/auth.routes.js
FNF:0
FNH:0
DA:5,2
DA:8,2
DA:9,2
DA:10,2
LF:4
LH:4
BRF:0
BRH:0
end_of_record
TN:
SF:src/routes/index.js
FNF:0
FNH:0
DA:4,2
DA:6,2
LF:2
LH:2
BRF:0
BRH:0
end_of_record
TN:
SF:src/routes/menu.routes.js
FNF:0
FNH:0
DA:4,2
DA:9,2
DA:10,2
DA:11,2
DA:12,2
LF:5
LH:5
BRF:0
BRH:0
end_of_record
TN:
SF:src/routes/orders.routes.js
FNF:0
FNH:0
DA:7,2
DA:10,2
DA:13,2
DA:14,2
DA:16,2
DA:18,2
DA:21,2
LF:7
LH:7
BRF:0
BRH:0
end_of_record
TN:
SF:src/routes/restaurant.routes.js
FNF:0
FNH:0
DA:6,2
DA:7,2
DA:8,2
LF:3
LH:3
BRF:0
BRH:0
end_of_record
