TN:
SF:src/app.js
FN:21,(anonymous_0)
FNF:1
FNH:0
FNDA:0,(anonymous_0)
DA:9,3
DA:11,3
DA:12,3
DA:13,3
DA:14,3
DA:15,3
DA:16,3
DA:17,3
DA:21,3
DA:22,0
LF:10
LH:9
BRF:0
BRH:0
end_of_record
TN:
SF:src/setupTests.js
FN:8,(anonymous_0)
FN:14,(anonymous_1)
FN:20,(anonymous_2)
FNF:3
FNH:3
FNDA:3,(anonymous_0)
FNDA:3,(anonymous_1)
FNDA:4,(anonymous_2)
DA:8,3
DA:9,3
DA:10,3
DA:11,3
DA:14,3
DA:15,3
DA:16,3
DA:17,3
DA:20,3
DA:21,4
DA:22,4
DA:23,12
LF:12
LH:12
BRF:0
BRH:0
end_of_record
TN:
SF:src/config/constants.js
FN:59,(anonymous_0)
FN:69,(anonymous_1)
FNF:2
FNH:2
FNDA:1,(anonymous_0)
FNDA:3,(anonymous_1)
DA:2,3
DA:16,3
DA:24,3
DA:31,3
DA:38,3
DA:50,3
DA:59,3
DA:60,1
DA:61,1
DA:62,1
DA:63,0
DA:64,0
DA:65,0
DA:69,3
DA:70,3
DA:71,3
LF:16
LH:13
BRDA:60,0,0,0
BRDA:60,0,1,1
BRDA:62,1,0,1
BRDA:62,1,1,0
BRDA:62,2,0,1
BRDA:62,2,1,0
BRDA:63,3,0,0
BRDA:63,3,1,0
BRDA:63,4,0,0
BRDA:63,4,1,0
BRDA:64,5,0,0
BRDA:64,5,1,0
BRDA:64,6,0,0
BRDA:64,6,1,0
BRDA:70,7,0,0
BRDA:70,7,1,3
BRDA:71,8,0,3
BRDA:71,8,1,0
BRF:18
BRH:5
end_of_record
TN:
SF:src/controller/auth.controller.js
FN:6,(anonymous_0)
FN:86,(anonymous_1)
FN:134,(anonymous_2)
FNF:3
FNH:2
FNDA:9,(anonymous_0)
FNDA:2,(anonymous_1)
FNDA:0,(anonymous_2)
DA:4,3
DA:6,3
DA:7,9
DA:17,9
DA:18,9
DA:20,9
DA:21,0
DA:24,9
DA:25,0
DA:28,9
DA:29,9
DA:30,1
DA:33,8
DA:42,8
DA:43,2
DA:44,2
DA:47,8
DA:48,1
DA:49,1
DA:52,8
DA:53,8
DA:56,8
DA:62,8
DA:64,8
DA:81,0
DA:82,0
DA:86,3
DA:87,2
DA:88,2
DA:90,2
DA:91,0
DA:94,2
DA:95,2
DA:96,0
DA:99,2
DA:100,2
DA:101,0
DA:104,2
DA:110,2
DA:112,2
DA:129,0
DA:130,0
DA:134,3
DA:135,0
DA:137,0
DA:138,0
DA:140,0
DA:155,0
DA:156,0
LF:49
LH:34
BRDA:4,0,0,3
BRDA:4,0,1,3
BRDA:20,1,0,0
BRDA:20,1,1,9
BRDA:20,2,0,9
BRDA:20,2,1,9
BRDA:20,2,2,9
BRDA:24,3,0,0
BRDA:24,3,1,9
BRDA:29,4,0,1
BRDA:29,4,1,8
BRDA:38,5,0,8
BRDA:38,5,1,2
BRDA:42,6,0,2
BRDA:42,6,1,6
BRDA:47,7,0,1
BRDA:47,7,1,7
BRDA:73,8,0,8
BRDA:73,8,1,8
BRDA:74,9,0,8
BRDA:74,9,1,7
BRDA:75,10,0,8
BRDA:75,10,1,7
BRDA:76,11,0,8
BRDA:76,11,1,7
BRDA:77,12,0,8
BRDA:77,12,1,0
BRDA:90,13,0,0
BRDA:90,13,1,2
BRDA:90,14,0,2
BRDA:90,14,1,2
BRDA:95,15,0,0
BRDA:95,15,1,2
BRDA:100,16,0,0
BRDA:100,16,1,2
BRDA:121,17,0,2
BRDA:121,17,1,2
BRDA:122,18,0,2
BRDA:122,18,1,2
BRDA:123,19,0,2
BRDA:123,19,1,2
BRDA:124,20,0,2
BRDA:124,20,1,2
BRDA:125,21,0,2
BRDA:125,21,1,0
BRDA:137,22,0,0
BRDA:137,22,1,0
BRDA:147,23,0,0
BRDA:147,23,1,0
BRDA:148,24,0,0
BRDA:148,24,1,0
BRDA:149,25,0,0
BRDA:149,25,1,0
BRDA:150,26,0,0
BRDA:150,26,1,0
BRDA:151,27,0,0
BRDA:151,27,1,0
BRF:57
BRH:38
end_of_record
TN:
SF:src/controller/healthController.js
FN:1,(anonymous_0)
FNF:1
FNH:0
FNDA:0,(anonymous_0)
DA:1,3
DA:2,0
LF:2
LH:1
BRF:0
BRH:0
end_of_record
TN:
SF:src/controller/menu.controller.js
FN:4,(anonymous_0)
FN:53,(anonymous_1)
FN:70,(anonymous_2)
FN:107,(anonymous_3)
FNF:4
FNH:2
FNDA:1,(anonymous_0)
FNDA:1,(anonymous_1)
FNDA:0,(anonymous_2)
FNDA:0,(anonymous_3)
DA:4,3
DA:5,1
DA:6,1
DA:9,1
DA:10,1
DA:14,1
DA:15,1
DA:16,0
DA:22,1
DA:23,0
DA:29,1
DA:40,1
DA:43,1
DA:45,0
DA:46,0
DA:53,3
DA:54,1
DA:55,1
DA:57,1
DA:61,1
DA:63,0
DA:70,3
DA:71,0
DA:72,0
DA:74,0
DA:75,0
DA:76,0
DA:82,0
DA:83,0
DA:89,0
DA:94,0
DA:100,0
DA:107,3
DA:108,0
DA:109,0
DA:111,0
DA:112,0
DA:113,0
DA:119,0
DA:120,0
DA:126,0
DA:128,0
DA:133,0
LF:43
LH:18
BRDA:9,0,0,1
BRDA:9,0,1,0
BRDA:9,1,0,1
BRDA:9,1,1,1
BRDA:9,1,2,1
BRDA:14,2,0,1
BRDA:14,2,1,0
BRDA:15,3,0,0
BRDA:15,3,1,1
BRDA:15,4,0,1
BRDA:15,4,1,1
BRDA:22,5,0,0
BRDA:22,5,1,1
BRDA:22,6,0,1
BRDA:22,6,1,1
BRDA:75,7,0,0
BRDA:75,7,1,0
BRDA:82,8,0,0
BRDA:82,8,1,0
BRDA:82,9,0,0
BRDA:82,9,1,0
BRDA:112,10,0,0
BRDA:112,10,1,0
BRDA:119,11,0,0
BRDA:119,11,1,0
BRDA:119,12,0,0
BRDA:119,12,1,0
BRF:27
BRH:11
end_of_record
TN:
SF:src/controller/orders.controller.js
FN:2,(anonymous_0)
FN:18,getDistanceMeters
FN:21,(anonymous_2)
FN:30,(anonymous_3)
FN:46,(anonymous_4)
FN:51,(anonymous_5)
FN:79,(anonymous_6)
FN:97,(anonymous_7)
FN:100,(anonymous_8)
FN:114,(anonymous_9)
FN:115,(anonymous_10)
FN:125,(anonymous_11)
FN:168,(anonymous_12)
FN:201,(anonymous_13)
FN:229,(anonymous_14)
FN:253,(anonymous_15)
FN:337,(anonymous_16)
FN:356,(anonymous_17)
FNF:18
FNH:17
FNDA:1,(anonymous_0)
FNDA:2,getDistanceMeters
FNDA:8,(anonymous_2)
FNDA:2,(anonymous_3)
FNDA:2,(anonymous_4)
FNDA:4,(anonymous_5)
FNDA:4,(anonymous_6)
FNDA:3,(anonymous_7)
FNDA:3,(anonymous_8)
FNDA:3,(anonymous_9)
FNDA:3,(anonymous_10)
FNDA:3,(anonymous_11)
FNDA:1,(anonymous_12)
FNDA:1,(anonymous_13)
FNDA:0,(anonymous_14)
FNDA:5,(anonymous_15)
FNDA:1,(anonymous_16)
FNDA:2,(anonymous_17)
DA:2,3
DA:3,1
DA:4,1
DA:6,1
DA:7,1
DA:8,0
DA:11,1
DA:12,1
DA:19,2
DA:20,2
DA:21,8
DA:22,2
DA:23,2
DA:24,2
DA:27,2
DA:28,2
DA:30,1
DA:31,2
DA:32,2
DA:33,2
DA:35,1
DA:36,0
DA:40,1
DA:41,1
DA:43,1
DA:44,1
DA:45,1
DA:46,2
DA:48,1
DA:49,2
DA:50,2
DA:51,4
DA:52,2
DA:53,2
DA:54,2
DA:56,2
DA:57,2
DA:58,2
DA:59,2
DA:64,1
DA:70,0
DA:71,0
DA:79,3
DA:80,4
DA:81,4
DA:84,4
DA:85,1
DA:92,3
DA:93,0
DA:97,3
DA:98,3
DA:99,3
DA:100,3
DA:102,3
DA:103,0
DA:107,3
DA:108,3
DA:109,3
DA:110,0
DA:114,3
DA:115,3
DA:116,3
DA:117,3
DA:125,3
DA:126,3
DA:127,3
DA:128,3
DA:131,3
DA:134,3
DA:137,3
DA:139,3
DA:155,3
DA:158,3
DA:160,0
DA:161,0
DA:168,3
DA:169,1
DA:170,1
DA:172,1
DA:173,0
DA:179,1
DA:181,1
DA:182,1
DA:183,0
DA:184,0
DA:185,0
DA:186,0
DA:189,1
DA:192,1
DA:193,0
DA:198,1
DA:201,1
DA:202,1
DA:203,1
DA:204,1
DA:205,1
DA:206,1
DA:208,1
DA:209,1
DA:210,1
DA:212,1
DA:213,1
DA:215,1
DA:219,1
DA:221,0
DA:222,0
DA:229,3
DA:230,0
DA:231,0
DA:233,0
DA:235,0
DA:236,0
DA:243,0
DA:245,0
DA:246,0
DA:253,3
DA:254,5
DA:255,5
DA:256,5
DA:257,5
DA:259,5
DA:260,5
DA:261,5
DA:262,0
DA:269,5
DA:270,5
DA:271,0
DA:277,5
DA:279,0
DA:285,5
DA:287,0
DA:293,5
DA:294,5
DA:299,5
DA:300,1
DA:303,5
DA:305,5
DA:306,1
DA:307,1
DA:311,5
DA:312,1
DA:313,1
DA:314,1
DA:315,1
DA:316,1
DA:317,1
DA:318,1
DA:322,5
DA:324,5
DA:326,0
DA:327,0
DA:330,0
DA:337,3
DA:338,1
DA:339,1
DA:340,0
DA:347,1
DA:356,1
DA:357,2
DA:358,2
DA:359,2
DA:360,2
DA:361,2
DA:363,2
DA:364,2
DA:365,2
DA:366,2
DA:367,2
DA:369,2
DA:372,1
DA:374,0
LF:171
LH:137
BRDA:4,0,0,0
BRDA:7,1,0,0
BRDA:7,1,1,1
BRDA:7,2,0,1
BRDA:7,2,1,1
BRDA:7,2,2,1
BRDA:19,3,0,0
BRDA:19,3,1,2
BRDA:19,4,0,2
BRDA:19,4,1,2
BRDA:31,5,0,0
BRDA:31,5,1,2
BRDA:33,6,0,2
BRDA:33,6,1,2
BRDA:35,7,0,0
BRDA:35,7,1,1
BRDA:44,8,0,1
BRDA:44,8,1,0
BRDA:57,9,0,2
BRDA:57,9,1,0
BRDA:58,10,0,2
BRDA:58,10,1,2
BRDA:84,11,0,1
BRDA:84,11,1,3
BRDA:84,12,0,4
BRDA:84,12,1,4
BRDA:84,13,0,4
BRDA:84,13,1,0
BRDA:92,14,0,0
BRDA:92,14,1,3
BRDA:92,15,0,3
BRDA:92,15,1,3
BRDA:97,16,0,3
BRDA:97,16,1,0
BRDA:97,16,2,0
BRDA:102,17,0,0
BRDA:102,17,1,3
BRDA:109,18,0,0
BRDA:109,18,1,3
BRDA:115,19,0,3
BRDA:115,19,1,0
BRDA:115,19,2,0
BRDA:116,20,0,3
BRDA:116,20,1,0
BRDA:131,21,0,3
BRDA:131,21,1,0
BRDA:131,22,0,3
BRDA:131,22,1,3
BRDA:134,23,0,2
BRDA:134,23,1,1
BRDA:172,24,0,0
BRDA:172,24,1,1
BRDA:172,25,0,1
BRDA:172,25,1,0
BRDA:181,26,0,1
BRDA:181,26,1,0
BRDA:183,27,0,0
BRDA:183,27,1,0
BRDA:185,28,0,0
BRDA:185,28,1,0
BRDA:192,29,0,0
BRDA:192,29,1,1
BRDA:202,30,0,1
BRDA:202,30,1,0
BRDA:203,31,0,1
BRDA:203,31,1,0
BRDA:203,32,0,1
BRDA:203,32,1,1
BRDA:204,33,0,1
BRDA:204,33,1,1
BRDA:204,33,2,1
BRDA:205,34,0,1
BRDA:205,34,1,1
BRDA:206,35,0,1
BRDA:206,35,1,0
BRDA:208,36,0,1
BRDA:208,36,1,0
BRDA:208,37,0,1
BRDA:208,37,1,1
BRDA:209,38,0,1
BRDA:209,38,1,1
BRDA:210,39,0,1
BRDA:210,39,1,1
BRDA:212,40,0,0
BRDA:212,40,1,1
BRDA:212,41,0,1
BRDA:212,41,1,1
BRDA:213,42,0,1
BRDA:213,42,1,0
BRDA:235,43,0,0
BRDA:235,43,1,0
BRDA:261,44,0,0
BRDA:261,44,1,5
BRDA:270,45,0,0
BRDA:270,45,1,5
BRDA:270,46,0,5
BRDA:270,46,1,0
BRDA:277,47,0,0
BRDA:277,47,1,5
BRDA:277,48,0,5
BRDA:277,48,1,2
BRDA:285,49,0,0
BRDA:285,49,1,5
BRDA:285,50,0,5
BRDA:285,50,1,2
BRDA:299,51,0,1
BRDA:299,51,1,4
BRDA:299,52,0,5
BRDA:299,52,1,1
BRDA:305,53,0,1
BRDA:305,53,1,4
BRDA:305,54,0,5
BRDA:305,54,1,1
BRDA:305,54,2,1
BRDA:311,55,0,1
BRDA:311,55,1,4
BRDA:311,56,0,5
BRDA:311,56,1,1
BRDA:311,56,2,1
BRDA:313,57,0,1
BRDA:313,57,1,0
BRDA:315,58,0,1
BRDA:315,58,1,0
BRDA:339,59,0,0
BRDA:339,59,1,1
BRDA:357,60,0,2
BRDA:357,60,1,0
BRDA:358,61,0,2
BRDA:358,61,1,0
BRDA:358,62,0,2
BRDA:358,62,1,2
BRDA:359,63,0,2
BRDA:359,63,1,0
BRDA:359,63,2,0
BRDA:360,64,0,2
BRDA:360,64,1,2
BRDA:361,65,0,2
BRDA:361,65,1,0
BRDA:363,66,0,2
BRDA:363,66,1,0
BRDA:363,67,0,2
BRDA:363,67,1,2
BRDA:364,68,0,2
BRDA:364,68,1,0
BRDA:365,69,0,2
BRDA:365,69,1,2
BRDA:366,70,0,0
BRDA:366,70,1,2
BRDA:366,71,0,2
BRDA:366,71,1,0
BRDA:367,72,0,2
BRDA:367,72,1,0
BRF:152
BRH:101
end_of_record
TN:
SF:src/controller/restaurant.controller.js
FN:2,(anonymous_0)
FN:21,(anonymous_1)
FNF:2
FNH:0
FNDA:0,(anonymous_0)
FNDA:0,(anonymous_1)
DA:2,3
DA:3,0
DA:4,0
DA:8,0
DA:14,0
DA:21,3
DA:22,0
DA:23,0
DA:25,0
DA:28,0
DA:29,0
DA:35,0
DA:40,0
LF:13
LH:2
BRDA:28,0,0,0
BRDA:28,0,1,0
BRF:2
BRH:0
end_of_record
TN:
SF:src/middleware/auth.middleware.js
FN:5,(anonymous_0)
FN:13,(anonymous_1)
FN:24,(anonymous_2)
FN:25,(anonymous_3)
FN:41,(anonymous_4)
FN:75,(anonymous_5)
FN:76,(anonymous_6)
FNF:7
FNH:3
FNDA:0,(anonymous_0)
FNDA:0,(anonymous_1)
FNDA:0,(anonymous_2)
FNDA:0,(anonymous_3)
FNDA:14,(anonymous_4)
FNDA:9,(anonymous_5)
FNDA:1,(anonymous_6)
DA:3,3
DA:5,3
DA:6,0
DA:7,0
DA:9,0
DA:10,0
DA:13,0
DA:14,0
DA:15,0
DA:18,0
DA:19,0
DA:24,3
DA:25,0
DA:27,0
DA:28,0
DA:36,0
DA:41,3
DA:42,14
DA:45,14
DA:46,13
DA:49,14
DA:50,1
DA:56,13
DA:57,13
DA:59,13
DA:60,0
DA:66,13
DA:68,0
DA:75,3
DA:76,9
DA:77,1
DA:78,0
DA:83,1
LF:33
LH:17
BRDA:3,0,0,3
BRDA:3,0,1,3
BRDA:7,1,0,0
BRDA:7,1,1,0
BRDA:9,2,0,0
BRDA:9,2,1,0
BRDA:14,3,0,0
BRDA:14,3,1,0
BRDA:27,4,0,0
BRDA:27,4,1,0
BRDA:45,5,0,13
BRDA:45,5,1,1
BRDA:45,6,0,14
BRDA:45,6,1,13
BRDA:49,7,0,1
BRDA:49,7,1,13
BRDA:59,8,0,0
BRDA:59,8,1,13
BRDA:77,9,0,0
BRDA:77,9,1,1
BRF:20
BRH:10
end_of_record
TN:
SF:src/models/MenuItem.model.js
FNF:0
FNH:0
DA:2,3
DA:47,3
LF:2
LH:2
BRF:0
BRH:0
end_of_record
TN:
SF:src/models/Order.model.js
FN:144,(anonymous_0)
FNF:1
FNH:1
FNDA:12,(anonymous_0)
DA:2,3
DA:144,3
DA:145,12
DA:146,5
DA:147,5
DA:149,12
DA:152,3
LF:7
LH:7
BRDA:145,0,0,5
BRDA:145,0,1,7
BRDA:145,1,0,12
BRDA:145,1,1,5
BRF:4
BRH:4
end_of_record
TN:
SF:src/models/User.model.js
FN:61,(anonymous_0)
FN:69,(anonymous_1)
FNF:2
FNH:2
FNDA:10,(anonymous_0)
FNDA:2,(anonymous_1)
DA:4,3
DA:61,3
DA:62,10
DA:63,8
DA:64,8
DA:65,8
DA:69,3
DA:70,2
DA:73,3
LF:9
LH:9
BRDA:62,0,0,2
BRDA:62,0,1,8
BRF:2
BRH:2
end_of_record
TN:
SF:src/routes/auth.routes.js
FNF:0
FNH:0
DA:5,3
DA:8,3
DA:9,3
DA:10,3
LF:4
LH:4
BRF:0
BRH:0
end_of_record
TN:
SF:src/routes/index.js
FNF:0
FNH:0
DA:4,3
DA:6,3
LF:2
LH:2
BRF:0
BRH:0
end_of_record
TN:
SF:src/routes/menu.routes.js
FNF:0
FNH:0
DA:4,3
DA:9,3
DA:10,3
DA:11,3
DA:12,3
LF:5
LH:5
BRF:0
BRH:0
end_of_record
TN:
SF:src/routes/orders.routes.js
FNF:0
FNH:0
DA:7,3
DA:11,3
DA:12,3
DA:15,3
DA:16,3
DA:18,3
DA:20,3
DA:23,3
LF:8
LH:8
BRF:0
BRH:0
end_of_record
TN:
SF:src/routes/restaurant.routes.js
FNF:0
FNH:0
DA:6,3
DA:7,3
DA:8,3
LF:3
LH:3
BRF:0
BRH:0
end_of_record
